0.010851911591278749,"[  4   1  16 128  32  48  48   8   8   8   1   1   1   4   8   8   2  32
   2]"
0.010442454653527155,"[  4   1  32 130  32  48  48   8   8   8   1   1   1   2   8   8   2  32
   2]"
0.010366523339497015,"[  4   1  40 130  16  48  48  16  16   8   1   1   1   2   8   8   4  32
   2]"
0.010250860539973167,"[  4   1  32 130  32  48  48   8   8  20   1   1   1   2   8   8   2  32
   2]"
0.010135501713330481,"[  4   1  40 130  16  48  48   8   8   8   2   1   2   2   8   8   8  32
   2]"
0.009702252810494028,"[  4   1  16 128  32  48  48   8   8   8   1   1   1   4   4   8   2  32
   2]"
0.00950720183409413,"[  4   1  32 130  32  48  48   8   8   8   1   1   1   2   8  32   2  32
   2]"
0.009492403886849778,"[  4   1  16 128  24  48  48   8   8   8   1   1   1   2   8  16   2  32
   2]"
0.009416856822589475,"[  4   1   8 130  24  48  48   8   8  12   1   1   1   2   8   8   2  32
   2]"
0.00938766741684984,[ 4  1 16 96 32 48 48  8  8  8  1  1  1  2  4  8  2 32  2]
0.009356801089555895,"[  4   1  35 128  24  48  48   8   8   8   1   1   1   2   8  16   2  32
   2]"
0.009288158810493151,"[  4   1  24 128  24  48  48   8   8   8   1   1   1   2   8   8   4  16
   2]"
0.009281357960742115,"[  4   1  35 128  24  96  96   8   8   8   1   1   1   2   8  16   2  32
   2]"
0.009252791544364406,"[  4   1  24 130  32  48  48   8   8   8   1   1   1   4   8   8   2  16
   2]"
0.009142392964660979,"[  4   1  16 130  24  48  48  24  24   8   1   1   1   2   8   8   4  32
   2]"
0.009040329574164344,"[  4   1   8 130  24  48  48   8   8   8   1   1   1   2   4   8   2  32
   2]"
0.00899533618298274,[ 4  1 16 96 32 48 48  8  8  8  1  1  1  2  8 16  4 32  2]
0.008886433244739565,"[  4   1  35 128  32  48  48   8   8   8   1   1   1   2   4  32   2  32
   2]"
0.008812679056021986,"[  4   1   8 130  24 112 112   8   8   8   1   1   1   4   8   8   2  32
   2]"
0.008801632150041308,"[  4   1  24 128  24  48  48   8   8   8   1   1   1   2   8   8   4  32
   2]"
0.008749067340515252,"[  4   1  40 128  24  48  48  16  16   8   1   1   1   4   8   8   2  32
   2]"
0.008731409374429464,"[  4   1   8 130  24  48  48   8   8   8   1   1   1   2   8   8   2  32
   2]"
0.008652865835269651,"[  4   1  16 128  32  48  48   8   8   8   1   1   1   2   2   8   2   8
   2]"
0.008644385674097133,"[  4   1  16 128  32  48  48   8   8   8   1   1   1   2   4   8   2  32
   2]"
0.008613933805105655,"[  4   1  40 130  32  48  48  24  24   8   1   1   1   4   8   8   2  32
   2]"
0.008570136290887029,"[  4   1   8 128  32  48  48   8   8   8   2   1   2   2   4  16   2  32
   2]"
0.008557925463109517,"[  4   1  32 128  24  48  48   8   8   8   1   2   1   2   8   8   2  32
   2]"
0.008519024066987646,"[  4   1  35 130  32  48  48   8   8   8   1   2   1   2   4   8   2  32
   2]"
0.008473870851892362,"[  4   1  35 128  32  48  48  32  32   8   1   1   1   4   8  16   2  32
   2]"
0.008442479879113944,"[  4   1  24 128  32  48  48   8   8   8   1   1   1   2   8  32   2  32
   2]"
0.008437500029313419,"[  4   1  24 128  32  80  80   8   8   8   1   1   1   2   8  32   2  32
   2]"
0.008406364328347389,"[  4   1   8 128  32  48  48   8   8   8   1   1   1   2   4  16   2  32
   2]"
0.008342354337127395,"[  4   1  16 128  32  48  48   8   8   8   1   4   1   4   4   8   2  32
   2]"
0.008335487448689212,"[  4   1  16 130  32  48  48   8   8   8   1   2   1   2   8  32   2  32
   2]"
0.008332676142404568,"[  4   1  24 130  24  48  48   8   8   8   1   1   1   2   8  16   8  32
   2]"
0.00830737424508188,[ 4  1 40 96 24 48 48  8  8  8  1  1  1  2  2  8  2 32  2]
0.008289216522155399,"[  4   1  24 130  32  48  48   8   8   8   2   1   2   2   8  32   2  32
   2]"
0.008251991935750274,"[  4   1  16 128  24  48  48   8   8   8   1   4   1   2   8  32   2  32
   2]"
0.008178749907606035,"[  4   1  40 130  24  48  48   8   8   8   1   1   1   2   8  32   2  32
   2]"
0.008093176587024763,"[  4   1  24 130  32  96  96   8   8   8   1   1   1   4   8   8   4  32
   2]"
0.008083824611751684,"[  4   1  32 130  32  48  48   8   8   8   1   1   1   2   4  16   2   8
   2]"
0.008062767126169303,"[  4   1  16 130  32  48  48   8   8  16   1   2   1   2   8  16   2  32
   2]"
0.007951971127956215,"[  4   1  32 128  24  48  48   8   8   8   2   2   2   2   8   8   2  32
   2]"
0.00793157524657498,"[  4   1   8 128  32  64  64   8   8   8   1   1   1   2   2  16   2  32
   2]"
0.00789802045407384,[ 4  1 40 96 24 48 48  8  8  8  1  1  1  2  8 32  2 32  2]
0.007891047094361642,"[  4   1  32 130  32  48  48   8   8   8   1   1   1   2   2   8   8  32
   2]"
0.0078493165459378,"[  4   1  35 130  16  48  48   8   8   8   1   1   1   2   4   8   4  32
   2]"
0.007742695428325373,"[  4   1  40 130  32  48  48   8   8   8   1   2   1   2   4   8   2  32
   2]"
0.007732702400190112,[ 4  1 35 96 24 48 48  8  8  8  1  1  1  2  8 16  2  8  2]
0.007692254225173407,[ 4  1 35 96 32 48 48  8  8  8  1  2  1  2  8 16  2 32  2]
