0.9117959928738928,"[  8   5  40 130  16  48  48   8   8  12   1   5   1   2   4   8   4   8
   4]"
0.9117959918444765,"[  8   5  40 130  16  48  48   8   8  20   2   5   2   8   8   8   2   8
   4]"
0.9117959897571571,"[  8   5  40 130  32  48  48   8   8  20   1   3   1   8   8   8   2   8
   4]"
0.9117959895592462,"[  8   5  40 130  16  96  96   8   8  20   1   4   1   4   2   8   2   8
   4]"
0.9117959895274268,"[  8   5  40 130  16  48  48   8   8  12   1   5   1   2   2   8   2   8
   4]"
0.9117959892207038,"[  8   5  40 130  16  48  48   8   8  16   2   5   2   8   4   8   2   8
   4]"
0.9117959891790801,"[  8   5  40 130  16  48  48   8   8   8   1   5   1   2   2  16   2   8
   4]"
0.9117959888030202,"[  8   5  40 130  16  48  48   8   8  20   1   3   1   8   8   8   2   8
   4]"
0.9117959887707685,"[  8   5  40 130  16 112 112   8   8   8   1   3   1   8   2   8   2   8
   4]"
0.9117959886947673,"[  8   5  40 130  16  48  48   8   8  12   1   2   1   8   4   8   4   8
   4]"
0.9117959886604403,"[  8   5  40 130  16  48  48  32  32  20   1   4   1   2   2   8   2   8
   4]"
0.9117959886411294,"[  8   5  40 130  16  48  48   8   8   8   2   3   2   2   2   8   2   8
   4]"
0.9117959880128726,"[  8   5  40 130  16  48  48   8   8   8   1   3   1   8   2   8   2   8
   4]"
0.9117959878958452,"[  8   5  40 130  16  48  48   8   8  16   1   2   1   4   2   8   2   8
   4]"
0.9117959878562237,"[  8   5  40 130  32  48  48   8   8  20   1   3   1   2   2   8   2   8
   4]"
0.9117959875684942,"[  8   5  40 130  16  48  48   8   8  16   1   5   1   2   2   8   2  32
   4]"
0.9117959875213333,"[  8   5  40 130  16 112 112   8   8  20   2   5   2   8   4   8   2   8
   4]"
0.9117959875181821,"[  8   5  40 130  16  48  48   8   8  12   1   4   1   4   2   8   2   8
   4]"
0.9117959874314228,"[  8   5  40 130  16  48  48   8   8   8   1   5   1   4   4   8   2  32
   4]"
0.9117959873361267,"[  8   5  40 130  16  48  48   8   8   8   1   5   1   2   2   8   2   8
   4]"
0.9117959872801336,"[  8   5  40 130  16  48  48   8   8  20   2   5   2   8   8   8   4   8
   4]"
0.9117959871607177,"[  8   5  40 130  16  48  48   8   8  12   1   4   1   4   2   8   2  16
   4]"
0.911795986976206,"[  8   5  40 130  16  48  48   8   8  20   2   4   2   8   2   8   2  32
   4]"
0.9117959868051883,"[  8   5  40 130  16  48  48   8   8  16   1   3   1   2   2   8   2   8
   4]"
0.911795986425266,"[  8   5  40 130  16  48  48   8   8  20   1   5   1   8   2   8   8   8
   4]"
0.9117959863437244,"[  8   5  40 130  16  48  48   8   8  12   1   3   1   2   2   8   2  16
   4]"
0.9117959862074223,"[  8   5  40 130  16  48  48   8   8  16   1   5   1   2   2   8   2   8
   4]"
0.9117959861532584,"[  8   5  35 130  16  48  48   8   8  16   1   2   1   4   2   8   2   8
   4]"
0.9117959854891451,"[  8   5  40 130  16  80  80   8   8  20   1   4   1   8   2   8   4   8
   4]"
0.9117959850438868,"[  8   5  40 130  16  48  48   8   8  12   1   3   1   2   2   8   2   8
   4]"
0.9117959848607046,"[  8   5  40 130  16  48  48   8   8  20   1   4   1   4   2   8   2   8
   4]"
0.9117959846991166,"[  8   5  40 130  16  48  48  32  32  20   2   2   2   8   4   8   2   8
   4]"
0.9117959846220743,"[  8   5  40 130  16  48  48   8   8   8   2   4   2   4   8   8   2   8
   4]"
0.911795984557626,"[  8   5  40 130  16  96  96   8   8  16   2   5   2   8   4   8   2   8
   4]"
0.9117959845263041,"[  8   5  40 130  16  48  48   8   8   8   1   3   1   2   8  32   2   8
   4]"
0.9117959844854436,"[  8   5  40 130  16  48  48   8   8  20   2   4   2   8   2   8   2   8
   4]"
0.9117959844609866,"[  8   5  40 130  16  96  96   8   8  12   1   1   1   4   4   8   2   8
   4]"
0.9117959844336296,"[  8   5  40 130  16  48  48   8   8   8   2   5   2   4   4   8   2   8
   4]"
0.9117959843203002,"[  8   5  40 130  16  96  96   8   8  20   2   2   2   8   8   8   2   8
   4]"
0.9117959841499438,"[  8   5  40 130  16  48  48   8   8  12   2   4   2   2   2   8   2   8
   4]"
0.9117959839612059,"[  8   5  40 130  16  48  48   8   8   8   1   3   1   2   2   8   2   8
   4]"
0.9117959839586504,"[  8   5  35 130  16  48  48   8   8  20   1   4   1   8   8   8   2   8
   4]"
0.9117959839052173,"[  8   5  40 130  16  48  48   8   8  12   1   4   1   2   8  32   2   8
   4]"
0.9117959838781363,"[  8   5  40 130  16  48  48   8   8  20   2   1   2   8   4  32   2   8
   4]"
0.9117959837503322,"[  8   5  40 130  16 112 112   8   8  16   2   5   2   8   8   8   2   8
   4]"
0.9117959834819833,"[  8   5  40 130  16  64  64   8   8  20   2   4   2   2   4   8   2   8
   4]"
0.9117959834415162,"[  8   5  35 130  16  48  48  24  24  20   1   4   1   8   8   8   2   8
   4]"
0.9117959832544669,"[  8   5  40 130  32  48  48   8   8   8   1   3   1   8   2   8   4   8
   4]"
0.9117959832131579,"[  8   5  40 130  16  64  64   8   8  20   1   2   1   8   4   8   4   8
   4]"
0.9117959831975533,"[  8   5  40 130  16  48  48   8   8  20   1   3   1   2   2   8   2   8
   4]"
