-0.2891971559939295,"[  4   2  32 130  16  48  48  24  24   8   1   1   1   2   2   8   8   8
   2]"
-0.2892053051741459,[ 4  2  8 32 16 48 48 32 32  8  2  3  2  4  2  8  2  8  2]
-0.2896414807267783,[ 4  2 40 32 16 48 48 32 32 12  1  2  1  2  8  8  4  8  2]
-0.2909827251837071,[ 4  2 32 32 16 48 48 32 32  8  2  1  2  2  4  8  8  8  2]
-0.291018547756934,[ 4  2  8 64 16 48 48 32 32  8  1  3  1  8  8  8  4 16  2]
-0.29138139329184376,"[  4   2  16 128  16  48  48  24  24   8   1   3   1   2   8   8   4  16
   2]"
-0.29202859960760424,[ 4  2 16 64 16 48 48 32 32  8  1  4  1  2  4 16  2  8  2]
-0.2922190304531638,[ 4  2 40 32 16 48 48 32 32  8  1  4  1  4  4  8  8  8  2]
-0.2922751934267778,"[  4   2   8 130  16  48  48  24  24   8   1   3   1   2   8   8   4  16
   2]"
-0.29245707801778326,"[  4   2  16 130  24  48  48  24  24   8   1   3   1   2   4   8   4   8
   2]"
-0.29334713404984175,[ 4  2 32 32 16 48 48 32 32  8  1  5  1  4  8  8  2  8  2]
-0.2935473844893702,[ 4  2 24 64 16 48 48 32 32 12  1  1  1  2  4  8  2 16  2]
-0.2943291377472096,"[  4   2   8 130  16  48  48  24  24   8   1   2   1   4   4   8   4   8
   2]"
-0.2949693683631979,"[  4   2  40 128  16  48  48  24  24   8   1   1   1   2   2   8   8   8
   2]"
-0.295829502524954,[ 4  2  8 32 16 48 48 32 32 12  1  4  1  4  2  8  4 16  2]
-0.2959502827313321,"[  4   2  24 128  24  48  48  24  24   8   1   3   1   2   4   8   4   8
   2]"
-0.2962786071888232,[ 4  2  8 64 16 48 48 32 32 12  1  1  1  2  4  8  2  8  2]
-0.29628485461362014,"[  4   2   8 130  16  48  48  24  24   8   1   3   1   2   4   8   2   8
   2]"
-0.2966975994054582,"[  4   2   8 130  16  48  48  16  16   8   1   5   1   2   4   8   8   8
   2]"
-0.2970731542517486,[ 4  2 40 32 16 48 48 32 32  8  1  4  1  4  4  8  8 16  2]
-0.2978731514995482,[ 4  2  8 32 16 48 48 32 32 16  1  1  1  2  4  8  4 16  2]
-0.29824126854115257,[ 4  2  8 64 16 48 48 32 32  8  1  4  1  2  2 16  4  8  2]
-0.2983420313602278,"[  4   2  16 128  16  48  48  16  16   8   1   5   1   2   4   8   8   8
   2]"
-0.2986779634704982,"[  4   2   8 130  16  48  48  16  16  12   1   3   1   2   4   8   2   8
   2]"
-0.30085825631169155,[ 4  2  8 32 16 48 48 32 32 16  1  1  1  2  4  8  2  8  2]
-0.3017117064478337,[ 4  2 16 64 16 48 48 32 32  8  1  3  1  4  8 16  4  8  2]
-0.303055770150685,[ 4  2  8 32 16 48 48 32 32 12  1  3  1  4  8 16  2  8  2]
-0.3036189328273483,[ 4  2 24 32 16 48 48 32 32  8  1  4  1  4  8 16  8  8  2]
-0.3043528947665357,"[  4   2  16 128  16  48  48  24  24   8   1   2   1   2   8   8   8  16
   2]"
-0.3071041419179193,[ 4  2 24 64 16 48 48 32 32  8  1  4  1  2  2 16  4 16  2]
-0.31137244215921367,"[  4   2  24 128  24  48  48  24  24   8   1   2   1   2   4   8   8   8
   2]"
-0.31140456516215476,"[  4   2  16 130  16  48  48  24  24   8   1   2   1   4   4   8   4   8
   2]"
-0.31233131484144805,"[  4   2   8 128  16  48  48  24  24   8   1   3   1   2   4   8   2   8
   2]"
-0.31256465759207297,[ 4  2 24 64 16 48 48 32 32  8  1  4  1  2  4 16  2  8  2]
-0.31334950322223626,[ 4  2 16 32 16 48 48 32 32 12  1  4  1  2  4 16  4 16  2]
-0.31366527270855393,[ 4  2 32 96 16 48 48 24 24  8  1  4  1  2  8  8  4  8  2]
-0.31379487851950927,"[  4   2  32 130  16  48  48  24  24   8   1   2   1   2   8  16   4   8
   2]"
-0.31463911270016054,[ 4  2 16 96 16 48 48 32 32  8  1  1  1  4  4 16  4  8  2]
-0.31477430354503044,"[  4   2  32 128  16  48  48  24  24   8   1   1   1   2   2   8   8   8
   2]"
-0.3152056354630597,"[  4   2   8 130  16  48  48  24  24   8   1   3   1   2   2   8   4   8
   2]"
-0.31532824968417256,[ 4  2 40 96 16 48 48 32 32  8  1  1  1  4  2  8  2 16  2]
-0.31534946385184687,[ 4  2  8 64 16 48 48 32 32 12  1  1  1  4  4  8  4 16  2]
-0.3153963878206098,[ 4  2  8 32 16 48 48 32 32  8  2  3  2  2  8 16  2 16  2]
-0.3155662602767605,"[  4   2  16 130  16  48  48  24  24   8   1   3   1   2   8   8   4  16
   2]"
-0.3155865296972256,[ 4  2 16 96 16 48 48 24 24  8  1  5  1  2  4  8  2  8  2]
-0.3156552280235375,[ 4  2  8 32 16 48 48 32 32 16  1  1  1  2  8 16  2  8  2]
-0.3158798137880441,"[  4   2  16 128  16  48  48  24  24   8   1   3   1   2   2   8   4   8
   2]"
-0.31591521027390124,"[  4   2  16 128  16  48  48  24  24   8   1   3   1   4   4   8   2   8
   2]"
-0.31625683043585295,[ 4  2 16 32 16 48 48 32 32 12  1  4  1  4  2  8  2  8  2]
-0.31647603826360493,"[  4   2   8 130  16  48  48  32  32   8   1   1   1   2   4   8   2  16
   2]"
