-1,"[4.0, 3.0, 24.0, 96.0, 16.0, 48.0, 48.0, 16.0, 16.0, 16.0, 2.0, 1.0, 2.0, 4.0, 2.0, 16.0, 8.0, 16.0, 2.0]"
-1,"[4.0, 3.0, 24.0, 96.0, 16.0, 48.0, 48.0, 16.0, 16.0, 16.0, 2.0, 1.0, 2.0, 4.0, 2.0, 16.0, 8.0, 16.0, 2.0]"
-1,"[4.0, 3.0, 24.0, 96.0, 16.0, 48.0, 48.0, 16.0, 16.0, 16.0, 2.0, 1.0, 2.0, 4.0, 2.0, 16.0, 8.0, 16.0, 2.0]"
-1,"[4.0, 3.0, 24.0, 96.0, 16.0, 48.0, 48.0, 16.0, 16.0, 16.0, 2.0, 1.0, 2.0, 4.0, 2.0, 16.0, 8.0, 16.0, 2.0]"
-1,"[4.0, 3.0, 24.0, 96.0, 16.0, 48.0, 48.0, 16.0, 16.0, 16.0, 2.0, 1.0, 2.0, 4.0, 2.0, 16.0, 8.0, 16.0, 2.0]"
-1,"[4.0, 3.0, 24.0, 96.0, 16.0, 48.0, 48.0, 16.0, 16.0, 16.0, 2.0, 1.0, 2.0, 4.0, 2.0, 16.0, 8.0, 16.0, 2.0]"
-1,"[4.0, 3.0, 24.0, 96.0, 16.0, 48.0, 48.0, 16.0, 16.0, 16.0, 2.0, 1.0, 2.0, 4.0, 2.0, 16.0, 8.0, 16.0, 2.0]"
-1,"[4.0, 3.0, 24.0, 96.0, 16.0, 48.0, 48.0, 16.0, 16.0, 16.0, 2.0, 1.0, 2.0, 4.0, 2.0, 16.0, 8.0, 16.0, 2.0]"
-1,"[4.0, 3.0, 24.0, 96.0, 16.0, 48.0, 48.0, 16.0, 16.0, 16.0, 2.0, 1.0, 2.0, 4.0, 2.0, 16.0, 8.0, 16.0, 2.0]"
-1,"[4.0, 3.0, 24.0, 96.0, 16.0, 48.0, 48.0, 16.0, 16.0, 16.0, 2.0, 1.0, 2.0, 4.0, 2.0, 16.0, 8.0, 16.0, 2.0]"
-1,"[4.0, 3.0, 24.0, 96.0, 16.0, 48.0, 48.0, 16.0, 16.0, 16.0, 2.0, 1.0, 2.0, 4.0, 2.0, 16.0, 8.0, 16.0, 2.0]"
-1,"[4.0, 3.0, 24.0, 96.0, 16.0, 48.0, 48.0, 16.0, 16.0, 16.0, 2.0, 1.0, 2.0, 4.0, 2.0, 16.0, 8.0, 16.0, 2.0]"
-1,"[4.0, 3.0, 24.0, 96.0, 16.0, 48.0, 48.0, 16.0, 16.0, 16.0, 2.0, 1.0, 2.0, 4.0, 2.0, 16.0, 8.0, 16.0, 2.0]"
-1,"[4.0, 3.0, 24.0, 96.0, 16.0, 48.0, 48.0, 16.0, 16.0, 16.0, 2.0, 1.0, 2.0, 4.0, 2.0, 16.0, 8.0, 16.0, 2.0]"
-1,"[4.0, 3.0, 24.0, 96.0, 16.0, 48.0, 48.0, 16.0, 16.0, 16.0, 2.0, 1.0, 2.0, 4.0, 2.0, 16.0, 8.0, 16.0, 2.0]"
-1,"[4.0, 3.0, 24.0, 96.0, 16.0, 48.0, 48.0, 16.0, 16.0, 16.0, 2.0, 1.0, 2.0, 4.0, 2.0, 16.0, 8.0, 16.0, 2.0]"
-1,"[4.0, 3.0, 24.0, 96.0, 16.0, 48.0, 48.0, 16.0, 16.0, 16.0, 2.0, 1.0, 2.0, 4.0, 2.0, 16.0, 8.0, 16.0, 2.0]"
-1,"[4.0, 3.0, 24.0, 96.0, 16.0, 48.0, 48.0, 16.0, 16.0, 16.0, 2.0, 1.0, 2.0, 4.0, 2.0, 16.0, 8.0, 16.0, 2.0]"
-1,"[4.0, 3.0, 24.0, 96.0, 16.0, 48.0, 48.0, 16.0, 16.0, 16.0, 2.0, 1.0, 2.0, 4.0, 2.0, 16.0, 8.0, 16.0, 2.0]"
-1,"[4.0, 3.0, 24.0, 96.0, 16.0, 48.0, 48.0, 16.0, 16.0, 16.0, 2.0, 1.0, 2.0, 4.0, 2.0, 16.0, 8.0, 16.0, 2.0]"
-1,"[4.0, 3.0, 24.0, 96.0, 16.0, 48.0, 48.0, 16.0, 16.0, 16.0, 2.0, 1.0, 2.0, 4.0, 2.0, 16.0, 8.0, 16.0, 2.0]"
-1,"[4.0, 3.0, 24.0, 96.0, 16.0, 48.0, 48.0, 16.0, 16.0, 16.0, 2.0, 1.0, 2.0, 4.0, 2.0, 16.0, 8.0, 16.0, 2.0]"
-1,"[4.0, 3.0, 24.0, 96.0, 16.0, 48.0, 48.0, 16.0, 16.0, 16.0, 2.0, 1.0, 2.0, 4.0, 2.0, 16.0, 8.0, 16.0, 2.0]"
-1,"[4.0, 3.0, 24.0, 96.0, 16.0, 48.0, 48.0, 16.0, 16.0, 16.0, 2.0, 1.0, 2.0, 4.0, 2.0, 16.0, 8.0, 16.0, 2.0]"
-1,"[4.0, 3.0, 24.0, 96.0, 16.0, 48.0, 48.0, 16.0, 16.0, 16.0, 2.0, 1.0, 2.0, 4.0, 2.0, 16.0, 8.0, 16.0, 2.0]"
-1,"[4.0, 3.0, 24.0, 96.0, 16.0, 48.0, 48.0, 16.0, 16.0, 16.0, 2.0, 1.0, 2.0, 4.0, 2.0, 16.0, 8.0, 16.0, 2.0]"
-1,"[4.0, 3.0, 24.0, 96.0, 16.0, 48.0, 48.0, 16.0, 16.0, 16.0, 2.0, 1.0, 2.0, 4.0, 2.0, 16.0, 8.0, 16.0, 2.0]"
-1,"[4.0, 3.0, 24.0, 96.0, 16.0, 48.0, 48.0, 16.0, 16.0, 16.0, 2.0, 1.0, 2.0, 4.0, 2.0, 16.0, 8.0, 16.0, 2.0]"
-1,"[4.0, 3.0, 24.0, 96.0, 16.0, 48.0, 48.0, 16.0, 16.0, 16.0, 2.0, 1.0, 2.0, 4.0, 2.0, 16.0, 8.0, 16.0, 2.0]"
-1,"[4.0, 3.0, 24.0, 96.0, 16.0, 48.0, 48.0, 16.0, 16.0, 16.0, 2.0, 1.0, 2.0, 4.0, 2.0, 16.0, 8.0, 16.0, 2.0]"
-1,"[4.0, 3.0, 24.0, 96.0, 16.0, 48.0, 48.0, 16.0, 16.0, 16.0, 2.0, 1.0, 2.0, 4.0, 2.0, 16.0, 8.0, 16.0, 2.0]"
-1,"[4.0, 3.0, 24.0, 96.0, 16.0, 48.0, 48.0, 16.0, 16.0, 16.0, 2.0, 1.0, 2.0, 4.0, 2.0, 16.0, 8.0, 16.0, 2.0]"
-1,"[4.0, 3.0, 24.0, 96.0, 16.0, 48.0, 48.0, 16.0, 16.0, 16.0, 2.0, 1.0, 2.0, 4.0, 2.0, 16.0, 8.0, 16.0, 2.0]"
-1,"[4.0, 3.0, 24.0, 96.0, 16.0, 48.0, 48.0, 16.0, 16.0, 16.0, 2.0, 1.0, 2.0, 4.0, 2.0, 16.0, 8.0, 16.0, 2.0]"
-1,"[4.0, 3.0, 24.0, 96.0, 16.0, 48.0, 48.0, 16.0, 16.0, 16.0, 2.0, 1.0, 2.0, 4.0, 2.0, 16.0, 8.0, 16.0, 2.0]"
-1,"[4.0, 3.0, 24.0, 96.0, 16.0, 48.0, 48.0, 16.0, 16.0, 16.0, 2.0, 1.0, 2.0, 4.0, 2.0, 16.0, 8.0, 16.0, 2.0]"
-1,"[4.0, 3.0, 24.0, 96.0, 16.0, 48.0, 48.0, 16.0, 16.0, 16.0, 2.0, 1.0, 2.0, 4.0, 2.0, 16.0, 8.0, 16.0, 2.0]"
-1,"[4.0, 3.0, 24.0, 96.0, 16.0, 48.0, 48.0, 16.0, 16.0, 16.0, 2.0, 1.0, 2.0, 4.0, 2.0, 16.0, 8.0, 16.0, 2.0]"
-1,"[4.0, 3.0, 24.0, 96.0, 16.0, 48.0, 48.0, 16.0, 16.0, 16.0, 2.0, 1.0, 2.0, 4.0, 2.0, 16.0, 8.0, 16.0, 2.0]"
-1,"[4.0, 3.0, 24.0, 96.0, 16.0, 48.0, 48.0, 16.0, 16.0, 16.0, 2.0, 1.0, 2.0, 4.0, 2.0, 16.0, 8.0, 16.0, 2.0]"
-1,"[4.0, 3.0, 24.0, 96.0, 16.0, 48.0, 48.0, 16.0, 16.0, 16.0, 2.0, 1.0, 2.0, 4.0, 2.0, 16.0, 8.0, 16.0, 2.0]"
-1,"[4.0, 3.0, 24.0, 96.0, 16.0, 48.0, 48.0, 16.0, 16.0, 16.0, 2.0, 1.0, 2.0, 4.0, 2.0, 16.0, 8.0, 16.0, 2.0]"
-1,"[4.0, 3.0, 24.0, 96.0, 16.0, 48.0, 48.0, 16.0, 16.0, 16.0, 2.0, 1.0, 2.0, 4.0, 2.0, 16.0, 8.0, 16.0, 2.0]"
-1,"[4.0, 3.0, 24.0, 96.0, 16.0, 48.0, 48.0, 16.0, 16.0, 16.0, 2.0, 1.0, 2.0, 4.0, 2.0, 16.0, 8.0, 16.0, 2.0]"
-1,"[4.0, 3.0, 24.0, 96.0, 16.0, 48.0, 48.0, 16.0, 16.0, 16.0, 2.0, 1.0, 2.0, 4.0, 2.0, 16.0, 8.0, 16.0, 2.0]"
-1,"[4.0, 3.0, 24.0, 96.0, 16.0, 48.0, 48.0, 16.0, 16.0, 16.0, 2.0, 1.0, 2.0, 4.0, 2.0, 16.0, 8.0, 16.0, 2.0]"
-1,"[4.0, 3.0, 24.0, 96.0, 16.0, 48.0, 48.0, 16.0, 16.0, 16.0, 2.0, 1.0, 2.0, 4.0, 2.0, 16.0, 8.0, 16.0, 2.0]"
-1,"[4.0, 3.0, 24.0, 96.0, 16.0, 48.0, 48.0, 16.0, 16.0, 16.0, 2.0, 1.0, 2.0, 4.0, 2.0, 16.0, 8.0, 16.0, 2.0]"
-1,"[4.0, 3.0, 24.0, 96.0, 16.0, 48.0, 48.0, 16.0, 16.0, 16.0, 2.0, 1.0, 2.0, 4.0, 2.0, 16.0, 8.0, 16.0, 2.0]"
-1,"[4.0, 3.0, 24.0, 96.0, 16.0, 48.0, 48.0, 16.0, 16.0, 16.0, 2.0, 1.0, 2.0, 4.0, 2.0, 16.0, 8.0, 16.0, 2.0]"
