0.0014301907683158548,[ 4  2 40 32 32 48 48  8  8  8  1  5  1  8  2 16  8 32  2]
0.0013810823979132948,"[  4   2   8 128  16  80  80  24  24   8   1   1   1   8   8   8   2   8
   2]"
0.0012783240033369158,"[  4   2   8 130  16  96  96  24  24   8   1   1   1   8   2  32   2  32
   2]"
0.0012649399465820008,"[  4   2   8 130  16  96  96  24  24   8   1   1   1   8   2   8   2  32
   2]"
0.0012312116446653886,[ 4  2  8 32 16 48 48 24 24  8  1  1  1  8  2 32  2 32  2]
0.001205905915746078,[ 4  2 32 32 32 64 64  8  8  8  1  5  1  8  2 16  8 32  2]
0.0011107403669547353,"[  4   2   8 128  16  80  80  24  24   8   1   2   1   8   8  32   2   8
   2]"
0.001107062001215231,"[  4   2   8 128  32  64  64  24  24   8   1   1   1   8   2  32   2  32
   2]"
0.0011002927403290334,"[  4   2   8 128  32  48  48  24  24   8   1   1   1   8   4  32   2  32
   2]"
0.0010945602732431315,"[  4   2   8 128  16  64  64  24  24   8   2   1   2   8   4  32   2  32
   2]"
0.0010584349829127063,"[  4   2   8 128  16  64  64  24  24   8   1   1   1   8   4  32   2  32
   2]"
0.0010390146845211277,[ 4  2 16 32 32 48 48  8  8  8  1  5  1  8  2 16  8 32  2]
0.0009543534547461863,[ 4  2  8 32 16 48 48 24 24  8  1  1  1  8  4  8  2 32  2]
0.0009289152253970452,"[  4   2   8 130  24  80  80  24  24   8   1   2   1   8   2   8   4  32
   2]"
0.0008487123915604831,"[  4   2   8 130  16  80  80  16  16   8   1   5   1   8   4  32   2   8
   2]"
0.0008392763923875904,"[  4   2  24 130  16  80  80  16  16   8   1   1   1   8   4  32   2  16
   2]"
0.000837716893469486,"[  4   2   8 128  16  80  80  16  16   8   1   1   1   8   4   8   2   8
   2]"
0.0008373202479391442,"[  4   2   8 130  16  80  80  16  16   8   1   1   1   8   4  32   2   8
   2]"
0.0008319862155673961,"[  4   2   8 128  24  64  64   8   8   8   1   1   1   8   2  16   2  32
   2]"
0.000802698399976543,"[  4   2   8 128  16  80  80  16  16   8   1   3   1   8   4  32   2  32
   2]"
0.0007968346317239083,[ 4  1 24 32 16 48 48  8  8  8  1  1  1  2  4 32  2 16  2]
0.0007681427908083149,[ 4  1  8 32 16 48 48  8  8  8  1  1  1  8  2 32  4  8  2]
0.0007665468940480186,[ 4  1 16 32 16 48 48  8  8  8  1  1  1  2  2 16  2  8  2]
0.0007601317865972286,[ 4  1 16 32 16 48 48  8  8 16  1  1  1  2  2 16  2  8  2]
0.0007484446619790561,[ 4  1 40 32 16 48 48  8  8  8  1  3  1  2  2 32  2  8  2]
0.0007350588049731383,"[  4   2   8 130  16  64  64  16  16  12   1   2   1   8   2  16   2  32
   2]"
0.0007125095296087488,"[  4   2  16 130  24  64  64  16  16   8   1   1   1   8   4  16   2  32
   2]"
0.0007002679371527062,"[  4   2   8 128  16 112 112  24  24   8   1   1   1   8   4  16   2   8
   2]"
0.0006719973297349939,[ 4  1 16 32 16 48 48  8  8  8  2  1  2  2  2 16  2 16  2]
0.0006597233236161432,"[  4   2   8 128  16  64  64  24  24   8   1   2   1   8   2   8   2  32
   2]"
0.0006593295957903927,"[  4   2  16 128  16  64  64  16  16   8   1   5   1   8   2   8   2  32
   2]"
0.0006550030726007536,"[  4   2   8 128  16  64  64  16  16   8   1   1   1   2   2  16   4  16
   2]"
0.0006526509813441037,"[  4   2   8 130  16  80  80  16  16   8   1   1   1   8   2  32   2   8
   2]"
0.0006428127545137487,[ 4  2 24 96 16 64 64 24 24  8  1  1  1  8  2 32  2 16  2]
0.0006326562816125174,"[  4   2   8 130  24  64  64  24  24  12   1   1   1   8   2  16   4  32
   2]"
0.0006304862863379273,[ 4  1 24 32 16 48 48  8  8  8  1  2  1  2  2 16  2 16  2]
0.0006261242627869157,[ 4  1  8 32 16 48 48  8  8  8  2  2  2  2  2 32  2  8  2]
0.000617161101789161,[ 4  2 32 32 32 64 64  8  8 20  1  5  1  8  2 16  8 32  2]
0.0006168464846655432,"[  4   2  32  32  32 112 112   8   8   8   1   4   1   8   2   8   8  32
   2]"
0.0006153117013431735,[ 4  1 16 32 16 48 48  8  8  8  1  1  1  8  2 32  4 16  2]
0.000615159749308451,"[  4   2   8 128  16  64  64  16  16   8   1   3   1   8   2  16   2  32
   2]"
0.0006091564954066075,"[  4   2   8 130  16  64  64  24  24   8   1   1   1   8   8   8   2  16
   2]"
0.0006025295646323965,"[  4   2   8 128  16  64  64  16  16   8   1   4   1   8   4  16   4  32
   2]"
0.0005973718991862017,"[  4   2   8 128  24  48  48  24  24  12   1   1   1   8   4  16   2  32
   2]"
0.0005934494661770553,"[  4   2   8 130  16  48  48  24  24   8   1   1   1   8   2  32   2  32
   2]"
0.0005932017702614138,"[  4   2   8 128  16  64  64  24  24   8   1   1   1   8   2   8   4  32
   2]"
0.0005921334720855688,"[  4   2   8 128  16  64  64  16  16  12   1   3   1   8   2  16   2  32
   2]"
0.0005855862664233918,[ 4  1 24 32 16 48 48  8  8  8  1  1  1  8  2 32  8 16  2]
0.0005846240299287355,"[  4   2   8 130  16  48  48  16  16   8   1   2   1   8   2  16   2   8
   2]"
0.0005748970709765075,[ 4  2  8 96 16 64 64 16 16  8  1  2  1  2  2  8  2 32  2]
