0.6166591455396967,[ 4  4  8 32 32 48 48  8  8  8  1  1  1  2  2  8  2 32  2]
0.6161601458896602,[ 4  4  8 32 24 48 48  8  8  8  1  1  1  2  2  8  2 32  2]
0.6156611462396236,[ 4  4  8 32 16 48 48  8  8  8  1  1  1  2  2  8  2 32  2]
0.6151603833464907,[ 4  4  8 32 32 48 48  8  8  8  1  1  1  2  2 16  2 32  2]
0.6148767583107403,[ 4  4  8 32 32 48 48  8  8  8  1  1  1  2  2  8  2 16  2]
0.6146613836964542,[ 4  4  8 32 24 48 48  8  8  8  1  1  1  2  2 16  2 32  2]
0.6143777586607039,[ 4  4  8 32 24 48 48  8  8  8  1  1  1  2  2  8  2 16  2]
0.6141623840464177,[ 4  4  8 32 16 48 48  8  8  8  1  1  1  2  2 16  2 32  2]
0.6139855646962623,[ 4  4  8 32 32 48 48  8  8  8  1  1  1  2  2  8  2  8  2]
0.6138787590106674,[ 4  4  8 32 16 48 48  8  8  8  1  1  1  2  2  8  2 16  2]
0.6134865650462257,[ 4  4  8 32 24 48 48  8  8  8  1  1  1  2  2  8  2  8  2]
0.6133779961175344,[ 4  4  8 32 32 48 48  8  8  8  1  1  1  2  2 16  2 16  2]
0.6129875653961894,[ 4  4  8 32 16 48 48  8  8  8  1  1  1  2  2  8  2  8  2]
0.612986802622229,[ 4  4  8 32 32 48 48  8  8  8  1  1  1  2  4  8  2 32  2]
0.6128789964674978,[ 4  4  8 32 24 48 48  8  8  8  1  1  1  2  2 16  2 16  2]
0.6124878029721926,[ 4  4  8 32 24 48 48  8  8  8  1  1  1  2  4  8  2 32  2]
0.6124868025030564,[ 4  4  8 32 32 48 48  8  8  8  1  1  1  2  2 16  2  8  2]
0.6123799968174615,[ 4  4  8 32 16 48 48  8  8  8  1  1  1  2  2 16  2 16  2]
0.6121628589600788,[ 4  4  8 32 32 48 48  8  8  8  1  1  1  2  2 32  2 32  2]
0.611988803322156,[ 4  4  8 32 16 48 48  8  8  8  1  1  1  2  4  8  2 32  2]
0.6119878028530198,[ 4  4  8 32 24 48 48  8  8  8  1  1  1  2  2 16  2  8  2]
0.6118061665709592,[ 4  4  8 32 32 48 48  8  8  8  1  1  1  2  2  8  4 32  2]
0.6116638593100422,[ 4  4  8 32 24 48 48  8  8  8  1  1  1  2  2 32  2 32  2]
0.6114888032029832,[ 4  4  8 32 16 48 48  8  8  8  1  1  1  2  2 16  2  8  2]
0.611488040429023,[ 4  4  8 32 32 48 48  8  8  8  1  1  1  2  4 16  2 32  2]
0.6113071669209227,[ 4  4  8 32 24 48 48  8  8  8  1  1  1  2  2  8  4 32  2]
0.6112044153932727,[ 4  4  8 32 32 48 48  8  8  8  1  1  1  2  4  8  2 16  2]
0.6111648596600059,[ 4  4  8 32 16 48 48  8  8  8  1  1  1  2  2 32  2 32  2]
0.6111318561175425,[ 4  4  8 32 32 48 48  8  8  8  1  1  1  4  2  8  2 32  2]
0.6109890407789864,[ 4  4  8 32 24 48 48  8  8  8  1  1  1  2  4 16  2 32  2]
0.610808663256921,[ 4  4 16 32 32 48 48  8  8  8  1  1  1  2  2  8  2 32  2]
0.6108081672708863,[ 4  4  8 32 16 48 48  8  8  8  1  1  1  2  2  8  4 32  2]
0.6107054157432363,[ 4  4  8 32 24 48 48  8  8  8  1  1  1  2  4  8  2 16  2]
0.610632856467506,[ 4  4  8 32 24 48 48  8  8  8  1  1  1  4  2  8  2 32  2]
0.6104900411289501,[ 4  4  8 32 16 48 48  8  8  8  1  1  1  2  4 16  2 32  2]
0.6103804717311225,[ 4  4  8 32 32 48 48  8  8  8  1  1  1  2  2 32  2 16  2]
0.6103132217787945,[ 4  4  8 32 32 48 48  8  8  8  1  1  1  2  4  8  2  8  2]
0.6103096636068844,[ 4  4 16 32 24 48 48  8  8  8  1  1  1  2  2  8  2 32  2]
0.6103074043777532,[ 4  4  8 32 32 48 48  8  8  8  1  1  1  2  2 16  4 32  2]
0.6102064160931997,[ 4  4  8 32 16 48 48  8  8  8  1  1  1  2  4  8  2 16  2]
0.6101338568174695,[ 4  4  8 32 16 48 48  8  8  8  1  1  1  4  2  8  2 32  2]
0.6100237793420029,[ 4  4  8 32 32 48 48  8  8  8  1  1  1  2  2  8  4 16  2]
0.609881472081086,[ 4  4  8 32 24 48 48  8  8  8  1  1  1  2  2 32  2 16  2]
0.6098142221287581,[ 4  4  8 32 24 48 48  8  8  8  1  1  1  2  4  8  2  8  2]
0.609810663956848,[ 4  4 16 32 16 48 48  8  8  8  1  1  1  2  2  8  2 32  2]
0.6098084047277168,[ 4  4  8 32 24 48 48  8  8  8  1  1  1  2  2 16  4 32  2]
0.6097056532000668,[ 4  4  8 32 32 48 48  8  8  8  1  1  1  2  4 16  2 16  2]
0.6096330939243364,[ 4  4  8 32 32 48 48  8  8  8  1  1  1  4  2 16  2 32  2]
0.6095247796919665,[ 4  4  8 32 24 48 48  8  8  8  1  1  1  2  2  8  4 16  2]
0.6094892781166444,[ 4  4  8 32 32 48 48  8  8  8  1  1  1  2  2 32  2  8  2]
