0.5695480046234658,[ 4  4 24 96 24 48 48  8  8  8  1  2  1  2  8 16  2 16  2]
0.5695480036315395,[ 4  4 24 96 24 48 48  8  8  8  1  1  1  2  8 16  2 16  2]
0.5695480017122897,[ 4  4 16 96 24 48 48  8  8  8  1  1  1  2  8 16  2 16  2]
0.5695480010329247,[ 4  4 24 96 32 48 48  8  8  8  1  2  1  2  8 16  2 16  2]
0.5695480000409983,[ 4  4 24 96 32 48 48  8  8  8  1  1  1  2  8 16  2 16  2]
0.5695480000152754,[ 4  4 16 96 24 48 48  8  8  8  1  2  1  2  8 16  2 16  2]
0.5695479981217484,[ 4  4 16 96 32 48 48  8  8  8  1  1  1  2  8 16  2 16  2]
0.5695479964247342,[ 4  4 16 96 32 48 48  8  8  8  1  2  1  2  8 16  2 16  2]
0.5695479884239065,[ 4  4 32 96 24 48 48  8  8  8  1  2  1  2  8 16  2 16  2]
0.5695479874319801,[ 4  4 32 96 24 48 48  8  8  8  1  1  1  2  8 16  2 16  2]
0.5695479842072068,[ 4  4 32 96 32 48 48  8  8  8  1  2  1  2  8 16  2 16  2]
0.5695479832152803,[ 4  4 32 96 32 48 48  8  8  8  1  1  1  2  8 16  2 16  2]
0.5692612588337586,[ 4  4 24 96 24 48 48  8  8  8  1  2  1  2  2 16  2 16  2]
0.5692612588337584,[ 4  4 16 96 24 48 48  8  8  8  1  2  1  2  2 16  2 16  2]
0.5692612577330155,[ 4  4 16 96 24 48 48  8  8  8  1  1  1  2  2 16  2 16  2]
0.5692612577330154,[ 4  4 24 96 24 48 48  8  8  8  1  1  1  2  2 16  2 16  2]
0.5692612526651013,[ 4  4 16 96 32 48 48  8  8  8  1  1  1  2  2 16  2 16  2]
0.5692612526651012,[ 4  4 24 96 32 48 48  8  8  8  1  1  1  2  2 16  2 16  2]
0.5692612501659723,[ 4  4 16 96 32 48 48  8  8  8  1  2  1  2  2 16  2 16  2]
0.5692612501659722,[ 4  4 24 96 32 48 48  8  8  8  1  2  1  2  2 16  2 16  2]
0.5692612426423547,[ 4  4 32 96 24 48 48  8  8  8  1  2  1  2  2 16  2 16  2]
0.5692612415416117,[ 4  4 32 96 24 48 48  8  8  8  1  1  1  2  2 16  2 16  2]
0.569261235847854,[ 4  4 32 96 32 48 48  8  8  8  1  1  1  2  2 16  2 16  2]
0.5692612333487251,[ 4  4 32 96 32 48 48  8  8  8  1  2  1  2  2 16  2 16  2]
0.5690223201276601,[ 4  4 24 96 24 48 48  8  8  8  1  2  1  2  4 16  2 16  2]
0.5690223174412014,[ 4  4 16 96 24 48 48  8  8  8  1  2  1  2  4 16  2 16  2]
0.5690223162328181,[ 4  4 16 96 24 48 48  8  8  8  1  1  1  2  4 16  2 16  2]
0.5690223149143175,[ 4  4 24 96 32 48 48  8  8  8  1  2  1  2  4 16  2 16  2]
0.569022312645591,[ 4  4 16 96 32 48 48  8  8  8  1  1  1  2  4 16  2 16  2]
0.5690223126455909,[ 4  4 24 96 32 48 48  8  8  8  1  1  1  2  4 16  2 16  2]
0.5690223122278586,[ 4  4 16 96 32 48 48  8  8  8  1  2  1  2  4 16  2 16  2]
0.5690223039430525,[ 4  4 32 96 24 48 48  8  8  8  1  2  1  2  4 16  2 16  2]
0.5690223000482105,[ 4  4 32 96 24 48 48  8  8  8  1  1  1  2  4 16  2 16  2]
0.5690222981041293,[ 4  4 32 96 32 48 48  8  8  8  1  2  1  2  4 16  2 16  2]
0.5690222958354026,[ 4  4 32 96 32 48 48  8  8  8  1  1  1  2  4 16  2 16  2]
0.5684250044401612,[ 4  4 16 96 24 48 48 16 16  8  1  2  1  2  8 16  2 32  2]
0.5684250039440275,[ 4  4 16 96 32 48 48 16 16  8  1  2  1  2  8 16  2 32  2]
0.5684250005714007,[ 4  4 24 96 24 48 48 16 16  8  1  2  1  2  8 16  2 32  2]
0.5684250000752664,[ 4  4 24 96 32 48 48 16 16  8  1  2  1  2  8 16  2 32  2]
0.5684249983586932,[ 4  4 32 96 24 48 48 16 16  8  1  2  1  2  8 16  2 32  2]
0.5684249978625592,[ 4  4 32 96 32 48 48 16 16  8  1  2  1  2  8 16  2 32  2]
0.568424993636305,[ 4  4 16 96 24 48 48 16 16  8  1  1  1  2  8 16  2 32  2]
0.5684249931401709,[ 4  4 16 96 32 48 48 16 16  8  1  1  1  2  8 16  2 32  2]
0.5684249870839054,[ 4  4 24 96 24 48 48 16 16  8  1  1  1  2  8 16  2 32  2]
0.5684249865877715,[ 4  4 24 96 32 48 48 16 16  8  1  1  1  2  8 16  2 32  2]
0.568424984770813,[ 4  4 32 96 24 48 48 16 16  8  1  1  1  2  8 16  2 32  2]
0.5684249842746791,[ 4  4 32 96 32 48 48 16 16  8  1  1  1  2  8 16  2 32  2]
0.5681382641690161,[ 4  4 16 96 24 48 48 16 16  8  1  2  1  2  2 16  2 32  2]
0.5681382604990226,[ 4  4 16 96 32 48 48 16 16  8  1  2  1  2  2 16  2 32  2]
0.5681382569716361,[ 4  4 24 96 24 48 48 16 16  8  1  2  1  2  2 16  2 32  2]
