0.6166333668548358,[ 4  4  8 32 16 48 48  8  8  8  1  1  1  2  2  8  2 32  2]
0.6164727011415235,[ 4  4  8 32 24 48 48  8  8  8  1  1  1  2  2  8  2 32  2]
0.616312035428736,[ 4  4  8 32 32 48 48  8  8  8  1  1  1  2  2  8  2 32  2]
0.6154312817036126,[ 4  4  8 32 16 48 48  8  8  8  1  1  1  2  2  8  2 16  2]
0.6152751137519079,[ 4  4  8 32 16 48 48  8  8  8  1  1  1  2  2 16  2 32  2]
0.6152706159934183,[ 4  4  8 32 24 48 48  8  8  8  1  1  1  2  2  8  2 16  2]
0.61511444804198,[ 4  4  8 32 24 48 48  8  8  8  1  1  1  2  2 16  2 32  2]
0.6151099502837487,[ 4  4  8 32 32 48 48  8  8  8  1  1  1  2  2  8  2 16  2]
0.6149537823325769,[ 4  4  8 32 32 48 48  8  8  8  1  1  1  2  2 16  2 32  2]
0.6148302391344799,[ 4  4  8 32 16 48 48  8  8  8  1  1  1  2  2  8  2  8  2]
0.6146695734258445,[ 4  4  8 32 24 48 48  8  8  8  1  1  1  2  2  8  2  8  2]
0.6145089077177339,[ 4  4  8 32 32 48 48  8  8  8  1  1  1  2  2  8  2  8  2]
0.6140730286191691,[ 4  4  8 32 16 48 48  8  8  8  1  1  1  2  2 16  2 16  2]
0.6139123629123593,[ 4  4  8 32 24 48 48  8  8  8  1  1  1  2  2 16  2 16  2]
0.6137516972060741,[ 4  4  8 32 32 48 48  8  8  8  1  1  1  2  2 16  2 16  2]
0.6134719860592787,[ 4  4  8 32 16 48 48  8  8  8  1  1  1  2  2 16  2  8  2]
0.6133113203540278,[ 4  4  8 32 24 48 48  8  8  8  1  1  1  2  2 16  2  8  2]
0.6132417964111092,[ 4  4  8 32 16 48 48  8  8  8  1  1  1  2  4  8  2 32  2]
0.6131506546493016,[ 4  4  8 32 32 48 48  8  8  8  1  1  1  2  2 16  2  8  2]
0.6130811307007781,[ 4  4  8 32 24 48 48  8  8  8  1  1  1  2  4  8  2 32  2]
0.6129204649909717,[ 4  4  8 32 32 48 48  8  8  8  1  1  1  2  4  8  2 32  2]
0.6125586076051944,[ 4  4  8 32 16 48 48  8  8  8  1  1  1  2  2 32  2 32  2]
0.6123979419020357,[ 4  4  8 32 24 48 48  8  8  8  1  1  1  2  2 32  2 32  2]
0.6122372761994015,[ 4  4  8 32 32 48 48  8  8  8  1  1  1  2  2 32  2 32  2]
0.6120397112651172,[ 4  4  8 32 16 48 48  8  8  8  1  1  1  2  4  8  2 16  2]
0.6118835433111662,[ 4  4  8 32 16 48 48  8  8  8  1  1  1  2  4 16  2 32  2]
0.6118790455579041,[ 4  4  8 32 24 48 48  8  8  8  1  1  1  2  4  8  2 16  2]
0.6117228776042195,[ 4  4  8 32 24 48 48  8  8  8  1  1  1  2  4 16  2 32  2]
0.6117183798512158,[ 4  4  8 32 32 48 48  8  8  8  1  1  1  2  4  8  2 16  2]
0.6115622118977978,[ 4  4  8 32 32 48 48  8  8  8  1  1  1  2  4 16  2 32  2]
0.6114386686986,[ 4  4  8 32 16 48 48  8  8  8  1  1  1  2  4  8  2  8  2]
0.6114165026430198,[ 4  4 16 32 16 48 48  8  8  8  1  1  1  2  2  8  2 32  2]
0.6113565225094248,[ 4  4  8 32 16 48 48  8  8  8  1  1  1  2  2 32  2 16  2]
0.6112780029929457,[ 4  4  8 32 24 48 48  8  8  8  1  1  1  2  4  8  2  8  2]
0.6112558369384031,[ 4  4 16 32 24 48 48  8  8  8  1  1  1  2  2  8  2 32  2]
0.611201311770888,[ 4  4  8 32 16 48 48  8  8  8  1  1  1  4  2  8  2 32  2]
0.6111958568093838,[ 4  4  8 32 24 48 48  8  8  8  1  1  1  2  2 32  2 16  2]
0.6111173372878166,[ 4  4  8 32 32 48 48  8  8  8  1  1  1  2  4  8  2  8  2]
0.611095171234311,[ 4  4 16 32 32 48 48  8  8  8  1  1  1  2  2  8  2 32  2]
0.6110406460551894,[ 4  4  8 32 24 48 48  8  8  8  1  1  1  4  2  8  2 32  2]
0.6110351911098677,[ 4  4  8 32 32 48 48  8  8  8  1  1  1  2  2 32  2 16  2]
0.6109926017594725,[ 4  4  8 32 16 48 48  8  8  8  1  1  1  2  2  8  4 32  2]
0.610879980340016,[ 4  4  8 32 32 48 48  8  8  8  1  1  1  4  2  8  2 32  2]
0.6108319360549817,[ 4  4  8 32 24 48 48  8  8  8  1  1  1  2  2  8  4 32  2]
0.6107554799680188,[ 4  4  8 32 16 48 48  8  8  8  1  1  1  2  2 32  2  8  2]
0.6106814581836586,[ 4  4  8 32 16 48 48  8  8  8  1  1  1  2  4 16  2 16  2]
0.6106712703510155,[ 4  4  8 32 32 48 48  8  8  8  1  1  1  2  2  8  4 32  2]
0.6105948142695368,[ 4  4  8 32 24 48 48  8  8  8  1  1  1  2  2 32  2  8  2]
0.61052079247983,[ 4  4  8 32 24 48 48  8  8  8  1  1  1  2  4 16  2 16  2]
0.6104341485715796,[ 4  4  8 32 32 48 48  8  8  8  1  1  1  2  2 32  2  8  2]
