0.46225372233496,"[  8   5  35 130  16  48  48   8   8   8   1   3   1   2   2   8   2   8
   4]"
0.4622502207610824,"[  8   5  35 130  16  48  48   8   8   8   1   1   1   2   2   8   4   8
   4]"
0.4622460397852598,"[  8   5  35 130  16  48  48   8   8   8   1   2   1   2   2   8   4   8
   4]"
0.4622453626320281,"[  8   5  35 130  16  48  48   8   8   8   1   5   1   2   2   8   2   8
   4]"
0.4622418555388485,"[  8   5  35 130  16  48  48   8   8   8   1   3   1   2   2   8   4   8
   4]"
0.4622403025227125,"[  8   5  35 130  16  48  48   8   8   8   2   5   2   2   2   8   2   8
   4]"
0.4622396600667856,"[  8   5  35 130  16  48  48   8   8   8   2   2   2   2   4   8   2   8
   4]"
0.46223702613070605,"[  8   5  35 130  16  48  48   8   8   8   1   1   1   2   4   8   4   8
   4]"
0.4622363516406114,"[  8   5  35 130  16  48  48   8   8   8   1   4   1   2   4   8   2   8
   4]"
0.462233477225515,"[  8   5  35 130  16  48  48   8   8   8   1   5   1   2   2   8   4   8
   4]"
0.4622329391576823,"[  8   5  35 130  16  48  48   8   8   8   1   1   1   4   4   8   2   8
   4]"
0.4622321624525801,"[  8   5  35 130  16  48  48   8   8   8   1   5   1   2   4   8   2   8
   4]"
0.46223128521569234,"[  8   5  35 130  16  48  48   8   8   8   2   4   2   2   4   8   2   8
   4]"
0.46223007108580105,"[  8   5  35 130  16  48  48   8   8   8   1   2   1   4   2   8   4   8
   4]"
0.46222840779161495,"[  8   5  35 130  16  48  48   8   8   8   2   5   2   2   2   8   4   8
   4]"
0.46222787024670925,"[  8   5  35 130  16  48  48   8   8   8   2   1   2   4   4   8   2   8
   4]"
0.4622264397174664,"[  8   5  35 130  16  48  48   8   8   8   1   1   1   2   2   8   8   8
   4]"
0.46222499916819143,"[  8   5  35 130  16  48  48   8   8   8   2   2   2   4   2   8   4   8
   4]"
0.462224450269136,"[  8   5  35 130  16  48  48   8   8   8   1   4   1   2   4   8   4   8
   4]"
0.462222465818882,"[  8   5  35 130  16  48  48   8   8   8   1   1   1   2   8   8   2   8
   4]"
0.46222167827689703,"[  8   5  35 130  16  48  48   8   8   8   1   4   1   4   2   8   4   8
   4]"
0.4622203596798656,"[  8   5  35 130  16  48  48   8   8   8   1   4   1   4   4   8   2   8
   4]"
0.4622202517587734,"[  8   5  35 130  16  48  48   8   8   8   1   5   1   2   4   8   4   8
   4]"
0.46221948090406023,"[  8   5  35 130  16  48  48   8   8   8   2   3   2   4   4   8   2   8
   4]"
0.46221827102562846,"[  8   5  35 130  16  48  48   8   8   8   1   2   1   2   8   8   2   8
   4]"
0.46221803720725924,"[  8   5  35 130  16  48  48   8   8   8   1   3   1   2   2   8   8   8
   4]"
0.46221747695110527,"[  8   5  35 130  16  48  48   8   8   8   1   5   1   4   2   8   4   8
   4]"
0.4622171614449384,"[  8   5  35 130  16  48  48   8   8   8   2   2   2   2   2   8   8   8
   4]"
0.4622168411828712,"[  8   5  35 130  16  48  48   8   8   8   1   2   1   4   4   8   4   8
   4]"
0.4622166000523363,"[  8   5  35 130  16  48  48   8   8   8   2   4   2   4   2   8   4   8
   4]"
0.4622159621411622,"[  8   5  35 130  16  48  48   8   8   8   2   1   2   4   4   8   4   8
   4]"
0.4622152813140723,"[  8   5  35 130  16  48  48   8   8   8   2   4   2   4   4   8   2   8
   4]"
0.46221407295387235,"[  8   5  35 130  16  48  48   8   8   8   1   3   1   2   8   8   2   8
   4]"
0.46221319193789506,"[  8   5  35 130  16  48  48   8   8   8   2   2   2   2   8   8   2   8
   4]"
0.46221175978298046,"[  8   5  35 130  16  48  48   8   8   8   2   2   2   4   4   8   4   8
   4]"
0.46221054176122983,"[  8   5  35 130  16  48  48   8   8   8   1   1   1   2   8   8   4   8
   4]"
0.46221043080982255,"[  8   5  35 130  16  48  48   8   8   8   1   1   1   4   2   8   8   8
   4]"
0.46220993413473166,"[  8   5  35 130  16  48  48   8   8   8   1   2   1   8   2   8   2   8
   4]"
0.46220987160142385,"[  8   5  35 130  16  48  48   8   8   8   1   4   1   2   8   8   2   8
   4]"
0.46220899071140487,"[  8   5  35 130  16  48  48   8   8   8   2   3   2   2   8   8   2   8
   4]"
0.4622084329285444,"[  8   5  35 130  16  48  48   8   8   8   1   4   1   4   4   8   4   8
   4]"
0.4622064502174992,"[  8   5  35 130  16  48  48   8   8   8   1   1   1   4   8   8   2   8
   4]"
0.46220566696609217,"[  8   5  35 130  16  48  48   8   8   8   1   5   1   2   8   8   2   8
   4]"
0.4622048476381154,"[  8   5  35 130  16  48  48   8   8   8   2   2   2   8   2   8   2   8
   4]"
0.46220478620222794,"[  8   5  35 130  16  48  48   8   8   8   2   4   2   2   8   8   2   8
   4]"
0.46220422387290677,"[  8   5  35 130  16  48  48   8   8   8   1   5   1   4   4   8   4   8
   4]"
0.46220334521245265,"[  8   5  35 130  16  48  48   8   8   8   2   4   2   4   4   8   4   8
   4]"
0.4622022448885799,"[  8   5  35 130  16  48  48   8   8   8   1   2   1   4   8   8   2   8
   4]"
0.46220213022731205,"[  8   5  35 130  16  48  48   8   8   8   1   3   1   2   8   8   4   8
   4]"
0.4622013623271696,"[  8   5  35 130  16  48  48   8   8   8   2   1   2   4   8   8   2   8
   4]"
