0.0059913317741048236,[ 4  1  8 32 32 48 48  8  8  8  1  1  1  8  4  8  2 32  2]
0.005918499351008785,[ 4  1  8 32 32 48 48  8  8  8  1  1  1  8  2  8  2 32  2]
0.005908064562791805,[ 4  1  8 32 32 48 48  8  8  8  1  1  1  8  8  8  2 32  2]
0.005900921327084648,[ 4  1  8 32 32 48 48  8  8  8  1  1  1  8  4  8  2 16  2]
0.0058564631227907985,[ 4  1  8 32 24 48 48  8  8  8  1  1  1  8  4  8  2 32  2]
0.0058556994603731795,[ 4  1  8 32 32 48 48  8  8  8  1  1  1  8  4  8  2  8  2]
0.00583202925461076,[ 4  1  8 32 32 48 48  8  8  8  1  1  1  8  8  8  2 16  2]
0.0058209013348216555,[ 4  1  8 32 32 48 48  8  8  8  1  1  1  8  2  8  2 16  2]
0.005793994956973631,[ 4  1  8 32 32 48 48  8  8  8  1  1  1  8  8  8  2  8  2]
0.0057921171232978704,[ 4  1  8 32 24 48 48  8  8  8  1  1  1  8  2  8  2 32  2]
0.005772085683164718,[ 4  1  8 32 32 48 48  8  8  8  1  1  1  8  2  8  2  8  2]
0.005767861723073691,[ 4  1  8 32 24 48 48  8  8  8  1  1  1  8  4  8  2 16  2]
0.005756223067198456,[ 4  1  8 32 24 48 48  8  8  8  1  1  1  8  8  8  2 32  2]
0.005723544380397588,[ 4  1  8 32 24 48 48  8  8  8  1  1  1  8  4  8  2  8  2]
0.0057222623694191815,[ 4  1  8 32 16 48 48  8  8  8  1  1  1  8  4  8  2 32  2]
0.005716714208097711,[ 4  1  8 32 32 48 48  8  8  8  1  1  1  8  4 16  2 32  2]
0.0056963281537669615,[ 4  1  8 32 24 48 48  8  8  8  1  1  1  8  2  8  2 16  2]
0.005681996804517225,[ 4  1  8 32 24 48 48  8  8  8  1  1  1  8  8  8  2 16  2]
0.0056664027915693275,[ 4  1  8 32 16 48 48  8  8  8  1  1  1  8  2  8  2 32  2]
0.005648417024928713,[ 4  1  8 32 24 48 48  8  8  8  1  1  1  8  2  8  2  8  2]
0.005644867030736946,[ 4  1  8 32 24 48 48  8  8  8  1  1  1  8  8  8  2  8  2]
0.005642510689611212,[ 4  1  8 32 32 48 48  8  8  8  1  1  1  8  8 16  2 32  2]
0.00563934993763344,[ 4  1  8 32 32 48 48  8  8  8  1  1  1  8  2 16  2 32  2]
0.005635470014699157,[ 4  1  8 32 16 48 48  8  8  8  1  1  1  8  4  8  2 16  2]
0.005634487670035684,[ 4  1 16 32 32 48 48  8  8  8  1  1  1  8  4  8  2 32  2]
0.005627877998738403,[ 4  1  8 32 32 48 48  8  8  8  1  1  1  8  4 16  2 16  2]
0.005605049466887508,[ 4  1  8 32 16 48 48  8  8  8  1  1  1  8  8  8  2 32  2]
0.005598051781112715,[ 4  1 16 32 32 48 48  8  8  8  1  1  1  8  2  8  2 32  2]
0.005592057195283183,[ 4  1  8 32 16 48 48  8  8  8  1  1  1  8  4  8  2  8  2]
0.0055855435479214965,[ 4  1  8 32 24 48 48  8  8  8  1  1  1  8  4 16  2 32  2]
0.00558344325162603,[ 4  1  8 32 32 48 48  8  8  8  1  1  1  8  4 16  2  8  2]
0.0055724228681001435,[ 4  1  8 32 16 48 48  8  8  8  1  1  1  8  2  8  2 16  2]
0.0055680496190651674,[ 4  1  8 32 32 48 48  8  8  8  1  1  1  8  8 16  2 16  2]
0.005550195028219614,[ 4  1 16 32 32 48 48  8  8  8  1  1  1  8  4  8  2 16  2]
0.005543326159541332,[ 4  1  8 32 32 48 48  8  8  8  1  1  1  8  2 16  2 16  2]
0.005532632250746534,[ 4  1  8 32 16 48 48  8  8  8  1  1  1  8  8  8  2 16  2]
0.005530802441425415,[ 4  1  8 32 32 48 48  8  8  8  1  1  1  8  8 16  2  8  2]
0.005525416263543753,[ 4  1  8 32 16 48 48  8  8  8  1  1  1  8  2  8  2  8  2]
0.005516665701813603,[ 4  1  8 32 24 48 48  8  8  8  1  1  1  8  2 16  2 32  2]
0.005508032064620969,[ 4  1 16 32 32 48 48  8  8  8  1  1  1  8  4  8  2  8  2]
0.005506571569829872,[ 4  1 16 32 32 48 48  8  8  8  1  1  1  8  2  8  2 16  2]
0.005499864506076623,[ 4  1 16 32 24 48 48  8  8  8  1  1  1  8  4  8  2 32  2]
0.005498516385818583,[ 4  1  8 32 24 48 48  8  8  8  1  1  1  8  4 16  2 16  2]
0.0054964070008091575,[ 4  1  8 32 16 48 48  8  8  8  1  1  1  8  8  8  2  8  2]
0.00549529762783511,[ 4  1  8 32 32 48 48  8  8  8  1  1  1  8  2 16  2  8  2]
0.005494367185556703,[ 4  1  8 32 24 48 48  8  8  8  1  1  1  8  8 16  2 32  2]
0.0054784273915922865,[ 4  1 16 32 32 48 48  8  8  8  1  1  1  8  8  8  2 32  2]
0.005474500355342922,[ 4  1  8 32 32 48 48  8  8  8  1  2  1  8  2  8  2 32  2]
0.0054719150396849705,[ 4  1 16 32 24 48 48  8  8  8  1  1  1  8  2  8  2 32  2]
0.005455040786400313,[ 4  1  8 32 16 48 48  8  8  8  1  1  1  8  4 16  2 32  2]
