0.0012624364017406028,[ 4  2  8 96 16 64 64 16 16 20  1  3  1  8  2 32  4 32  2]
0.0012493728429001205,[ 4  2  8 96 24 64 64 16 16 20  1  3  1  8  2 32  4 32  2]
0.001184696240520178,[ 4  2  8 96 32 64 64 24 24 16  1  2  1  8  2 32  8  8  2]
0.0011735845179302571,[ 4  2  8 64 24 64 64 24 24 16  1  1  1  8  4 32  8 16  2]
0.0010640821776848658,[ 4  2  8 64 24 64 64 24 24 16  1  1  1  8  4 32  2 16  2]
0.0010548757504073945,[ 4  2  8 64 24 64 64 16 16 16  1  1  1  8  4 32  8 16  2]
0.0009946846981166413,[ 4  2  8 96 24 64 64 16 16 20  1  1  1  8  2 32  2 32  2]
0.0008121308742005867,[ 4  2  8 96 16 64 64 16 16 20  1  3  1  8  2 16  4  8  2]
0.000802473822557098,[ 4  2  8 96 24 64 64 24 24 20  1  1  1  8  2 32  2 32  2]
0.0007674287178199507,[ 4  2  8 96 16 64 64 16 16 20  1  3  1  8  2 16  4 16  2]
0.00074495639998802,[ 4  2  8 96 24 64 64 16 16 20  1  3  1  8  2 32  8 32  2]
0.0006547723789539803,[ 4  2  8 96 16 64 64 16 16 20  1  3  1  8  2 32  4 16  2]
0.0005972807242249596,[ 4  2  8 96 24 64 64 16 16 16  1  1  1  8  4 32  8 16  2]
0.0005601084330122515,[ 4  2  8 64 16 64 64 16 16 16  1  2  1  4  2 32  8  8  2]
0.000397045023662528,[ 4  2  8 64 24 64 64 16 16 16  1  2  1  4  8  8  2  8  2]
0.0003768658742682999,[ 4  2  8 64 32 64 64 16 16 16  1  2  1  4  2 32  8  8  2]
0.00036893701867328943,[ 4  2  8 64 32 64 64 16 16 16  1  2  1  4  8  8  2  8  2]
0.000364548037133704,[ 4  2  8 64 24 64 64 16 16 16  1  3  1  4  8  8  4  8  2]
0.00034685437589358206,[ 4  2  8 96 16 64 64 24 24 20  1  3  1  8  2 16  4  8  2]
0.0003374365867932406,[ 4  2  8 32 16 48 48 16 16 20  1  3  1  8  2  8  8 32  2]
0.000324506417328581,[ 4  2  8 96 32 64 64 24 24 16  1  2  1  4  2 32  8  8  2]
0.0002874608885924857,[ 4  2  8 96 32 64 64 16 16 16  1  2  1  4  2 32  8  8  2]
0.0002833819620207037,[ 4  2  8 32 16 48 48 16 16 20  1  3  1  8  2  8  8  8  2]
0.00024302491305910743,[ 4  2 16 64 16 64 64 16 16 16  1  2  1  4  2 32  8 16  2]
0.00021836614751816563,[ 4  2  8 32 16 48 48 24 24 20  1  3  1  8  2  8  8  8  2]
0.0001917890967339951,[ 4  2 16 64 16 64 64 16 16 16  1  2  1  4  2 32  8  8  2]
0.00018986316900758594,[ 4  2 32 32 32 48 48 24 24 16  1  2  1  8  2 16  8  8  2]
0.00018632225271819633,[ 4  2 16 64 16 64 64 16 16 16  1  2  1  4  2 16  8 16  2]
0.0001699330892241497,[ 4  2 24 32 32 48 48 24 24 16  1  2  1  8  2  8  8  8  2]
0.00016965047020001586,[ 4  2 24 32 32 48 48 24 24 16  1  2  1  8  2 16  8  8  2]
0.0001360739580108628,[ 4  2 16 64 16 64 64 16 16 16  1  3  1  4  2 16  8 16  2]
0.0001314153085935039,[ 4  2  8 32 16 64 64 16 16 20  1  3  1  8  2  8  8 32  2]
9.996181580121559e-05,[ 4  2 32 32 32 48 48 24 24 16  1  2  1  8  8 16  8  8  2]
9.942805488192115e-05,[ 4  2 32 32 32 48 48 24 24 16  1  2  1  8  8 16  4  8  2]
9.167359052102901e-05,[ 4  2 24 64 32 96 96 24 24  8  1  3  1  4  2 32  4 16  2]
8.616395953659074e-05,[ 4  2  8 32 24 64 64 16 16 16  1  3  1  8  8  8  4  8  2]
7.608490238576171e-05,[ 4  2 40 64 32 96 96 16 16  8  1  3  1  4  4 32  4 16  2]
7.363386252409185e-05,[ 4  2  8 32 16 48 48 24 24 20  1  2  1  8  2  8  8  8  2]
7.07903158000004e-05,[ 4  2  8 32 24 64 64 16 16 16  1  3  1  8  8 16  4  8  2]
6.695093484216307e-05,[ 4  2 24 64 32 96 96 16 16  8  1  3  1  4  2 32  4 16  2]
6.694705680913168e-05,[ 4  2  8 32 16 64 64 16 16 20  1  3  1  8  2  8  8 16  2]
6.351422373472087e-05,[ 4  2 40 64 32 96 96 16 16  8  1  3  1  4  2 32  4 16  2]
5.466048198815309e-05,[ 4  2 32 32 32 48 48 24 24 16  1  2  1  8  8 16  4 32  2]
5.361591164965788e-05,[ 4  2 32 64 32 48 48 24 24 16  1  2  1  8  8 16  4 32  2]
5.1884229631050963e-05,[ 4  2 24 64 32 80 80 24 24  8  1  3  1  4  2 32  4  8  2]
5.100002571317707e-05,[ 4  2 16 96 16 64 64  8  8 16  1  3  1  8  2 16  4 32  2]
4.876452441772882e-05,[ 4  2 16 96 24 64 64  8  8 16  1  3  1  8  2 16  4 32  2]
4.8179053323330025e-05,[ 4  2 24 96 32 48 48 16 16 16  1  2  1  8  4  8  8  8  2]
4.646961875078979e-05,[ 4  2 16 96 32 64 64  8  8 16  1  3  1  8  2 16  4 32  2]
4.548401317279794e-05,[ 4  2 24 64 32 96 96 24 24  8  1  3  1  4  2 32  4  8  2]
