-0.01917848239744582,"[  8   3  24  96  32 112 112  24  24  16   1   3   1   8   8   8   2  16
   4]"
-0.021119375110791063,[ 8  3 24 96 32 96 96 24 24 16  1  3  1  8  4 16  2 16  4]
-0.0211838787425768,[ 8  3 24 96 32 96 96 24 24 16  1  3  1  8  4  8  2 16  4]
-0.021387629266185107,"[  8   3  24  96  32 112 112  24  24  16   1   3   1   8   4  16   2  16
   4]"
-0.02147977296154919,[ 8  3 24 96 32 96 96 24 24 16  1  2  1  8  4 16  2 16  4]
-0.0215199503735354,[ 8  3 24 96 32 96 96 24 24 16  1  2  1  8  4  8  2 16  4]
-0.021602133841935513,"[  8   3  24  96  32 112 112  24  24  16   1   2   1   8   4  16   2  16
   4]"
-0.021613332049344944,[ 8  3 24 96 32 96 96 24 24 16  1  2  1  8  8  8  2 16  4]
-0.021624545148695586,"[  8   3  24  96  32 112 112  24  24  16   1   3   1   8   8   8   8   8
   4]"
-0.02179245760447362,"[  8   3  24  96  32 112 112  32  32  16   1   2   1   8   8   8   2  32
   4]"
-0.022272823332692447,"[  8   3  24  96  32 112 112  24  24  16   1   3   1   8   4  16   8  16
   4]"
-0.022312150494710234,[ 8  3 24 96 32 96 96 24 24 16  1  3  1  8  4 16  2  8  4]
-0.022388967934696313,[ 8  3 24 96 32 96 96 24 24 16  1  3  1  8  4  8  2  8  4]
-0.02248730503033579,"[  8   3  24  96  32 112 112  24  24  16   1   3   1   8   4  16   2   8
   4]"
-0.022505570909567885,[ 8  3 24 96 32 80 80 32 32 16  1  3  1  8  8  8  2 16  4]
-0.022666119892592446,[ 8  3 24 96 32 96 96 24 24 16  1  2  1  8  4 16  2  8  4]
-0.022714763379679977,"[  8   3  24  96  32 112 112  32  32  16   1   3   1   8   4   8   2  16
   4]"
-0.022714867624623377,"[  8   3  24  96  32 112 112  32  32  16   1   3   1   8   4  16   2  16
   4]"
-0.02271972096125891,[ 8  3 24 96 32 96 96 24 24 16  1  2  1  8  4  8  2  8  4]
-0.022723358290133052,"[  8   3  24  96  32 112 112  24  24  16   1   2   1   8   4  16   2   8
   4]"
-0.022767467940895635,[ 8  3 24 96 32 96 96 24 24 16  1  2  1  8  8  8  2  8  4]
-0.022843894842823127,"[  8   3  24  96  32 112 112  32  32  16   1   3   1   8   4   8   2  32
   4]"
-0.022844312959568455,"[  8   3  24  96  32 112 112  32  32  16   1   3   1   8   4  16   2  32
   4]"
-0.0229028384574343,[ 8  3 24 96 32 96 96 24 24 16  1  3  1  8  4 16  2 32  4]
-0.022976623631899142,[ 8  3 24 96 32 80 80 32 32 16  1  3  1  8  4  8  2 16  4]
-0.023086476089769273,"[  8   3  24  96  32 112 112  32  32  16   1   2   1   8   4  16   2  16
   4]"
-0.023130631739766497,"[  8   3  24  96  32 112 112  24  24  16   1   3   1   8   4  16   2  32
   4]"
-0.023181258214700805,[ 8  3 24 96 32 96 96 32 32 16  1  3  1  8  4 16  2 32  4]
-0.02321421856869832,"[  8   3  24  96  32 112 112  32  32  16   1   2   1   8   4   8   2  32
   4]"
-0.023214630015575177,"[  8   3  24  96  32 112 112  32  32  16   1   2   1   8   4  16   2  32
   4]"
-0.023263175094997875,[ 8  3 24 96 32 96 96 24 24 16  1  2  1  8  4 16  2 32  4]
-0.023264803670710394,[ 8  3 24 96 32 96 96 24 24 16  1  2  1  8  8  8  2 32  4]
-0.023359680289942706,"[  8   3  24  96  32 112 112  24  24  16   1   2   1   8   8  16   2  16
   4]"
-0.02337517836446836,[ 8  3 24 96 32 96 96 32 32 16  1  3  1  8  4  8  2 32  4]
-0.023377398760924768,[ 8  3 24 96 32 96 96 32 32 16  1  2  1  8  4 16  2 32  4]
-0.02337839416861988,[ 8  3 24 96 32 80 80 32 32 16  1  3  1  8  4 16  2 16  4]
-0.023508701260551913,[ 8  3 24 96 32 96 96 32 32 16  1  2  1  8  4  8  2 32  4]
-0.023595956422354476,[ 8  3 24 96 32 96 96 32 32 16  1  2  1  8  4 16  2 16  4]
-0.023638925684173764,"[  8   3  24  96  32 112 112  24  24  16   1   3   1   8   4  16   8   8
   4]"
-0.02374818837896116,[ 8  3 24 96 32 80 80 32 32 16  1  3  1  8  4 16  2 32  4]
-0.02378870481952176,[ 8  3 24 96 32 96 96 32 32 16  1  3  1  8  4  8  2 16  4]
-0.02381223449243459,[ 8  3 24 96 32 96 96 32 32 16  1  2  1  8  4  8  2 16  4]
-0.02389009633038639,"[  8   3  24  96  32 112 112  32  32  16   1   3   1   8   4   8   2   8
   4]"
-0.023890128786765035,"[  8   3  24  96  32 112 112  32  32  16   1   3   1   8   4  16   2   8
   4]"
-0.023908562790908437,"[  8   3  24  96  32 112 112  24  24  16   1   2   1   8   8   8   8  16
   4]"
-0.02405851262752989,[ 8  3 24 96 32 80 80 32 32 16  1  3  1  8  4  8  2  8  4]
-0.024132299645193367,"[  8   3  24  96  32 112 112  24  24  16   1   3   1   8   8  16   2  32
   4]"
-0.024261782871557815,"[  8   3  24  96  32 112 112  32  32  16   1   2   1   8   4   8   2   8
   4]"
-0.024261814830710708,"[  8   3  24  96  32 112 112  32  32  16   1   2   1   8   4  16   2   8
   4]"
-0.024554865587253394,[ 8  3 24 96 32 80 80 32 32 16  1  2  1  8  4 16  2  8  4]
-0.024662621511620762,[ 8  3 24 96 32 96 96 32 32 16  1  2  1  8  8  8  2 32  4]
-0.024792433382675918,"[  8   3  24  96  32 112 112  24  24  16   1   2   1   8   8  32   2  16
   4]"
-0.024816319231247535,[ 8  3 24 96 32 96 96 32 32 16  1  2  1  8  4 16  2  8  4]
-0.024883820587784003,[ 8  3 24 96 32 80 80 32 32 16  1  2  1  8  4 16  2 16  4]
-0.02488951459440933,"[  8   3  24  96  24 112 112  24  24  16   1   3   1   8   8   8   8  16
   4]"
-0.024893234932692954,"[  8   3  24  96  32 112 112  24  24  16   1   2   1   8   8  16   2  32
   4]"
-0.024902816034107447,"[  8   3  24  96  32 112 112  24  24  16   1   2   1   8   8   8   8  32
   4]"
-0.025013924322029524,[ 8  3 24 96 32 96 96 32 32 16  1  3  1  8  4  8  2  8  4]
-0.02503620077473471,[ 8  3 24 96 32 96 96 32 32 16  1  2  1  8  4  8  2  8  4]
-0.025047324495333225,[ 8  3 24 96 32 96 96 24 24 16  1  3  1  8  4 16  4 16  4]
-0.025091859184753287,[ 8  3 24 96 32 96 96 24 24 16  1  3  1  8  8  8  8 16  4]
-0.025152690224763182,"[  8   3  24  96  32 112 112  24  24  16   1   3   1   8   8  32   2   8
   4]"
-0.025178035935597157,[ 8  3 24 96 32 80 80 32 32 16  1  2  1  8  4  8  2 32  4]
-0.02518981387325398,"[  8   3  24  96  32 112 112  24  24  16   1   2   1   8   8   8   8   8
   4]"
-0.025310657026179077,[ 8  3 24 96 32 96 96 24 24 16  1  2  1  8  4 32  2 16  4]
-0.025394823369567276,"[  8   3  24  96  32 112 112  24  24  16   1   2   1   8   4  32   2  16
   4]"
-0.02544969330575512,[ 8  3 24 96 32 96 96 24 24 16  1  3  1  8  8  8  4  8  4]
-0.025510970314082348,[ 8  3 24 96 32 80 80 32 32 16  1  3  1  8  4 16  4 32  4]
-0.025617833209464612,[ 8  3 24 96 32 96 96 32 32 16  1  2  1  8  8  8  2 16  4]
-0.025673363029353323,[ 8  3 24 96 32 96 96 24 24 16  1  3  1  8  4  8  4 16  4]
-0.025756638463998477,"[  8   3  24  96  32 112 112  24  24  16   1   4   1   8   8   8   2  32
   4]"
-0.02576447580693437,[ 8  3 24 96 32 80 80 32 32 16  1  2  1  8  4 16  4 16  4]
-0.025830802706538564,"[  8   3  24  96  32 112 112  24  24  16   1   2   1   8   4  16   8  16
   4]"
-0.025904093379716917,"[  8   3  24  96  32 112 112  24  24  16   1   2   1   8   8  32   2   8
   4]"
-0.02590625707026873,[ 8  3 24 96 32 96 96 24 24 16  1  4  1  8  4 16  2 16  4]
-0.025913549851653932,[ 8  3 24 96 32 80 80 32 32 16  1  2  1  8  8 32  2 32  4]
-0.02595886879085344,[ 8  3 24 96 32 96 96 24 24 16  1  4  1  8  4  8  2 16  4]
-0.026065041017880656,"[  8   3  24  96  32 112 112  24  24  16   1   4   1   8   4  16   2  16
   4]"
-0.026133643474179204,"[  8   3  24  96  32 112 112  32  32  16   1   3   1   8   8  16   2  32
   4]"
-0.026139522801667526,[ 8  3 24 96 32 96 96 24 24 16  1  3  1  8  4 32  2  8  4]
-0.026178065223790514,"[  8   3  24  96  24 112 112  24  24  16   1   3   1   8   8   8   8  32
   4]"
-0.026207201386851602,[ 8  3 24 96 32 96 96 24 24 16  1  3  1  8  4 16  4  8  4]
-0.026213461213034774,"[  8   3  24  96  32 112 112  24  24  16   1   3   1   8   8   8   4  32
   4]"
-0.026240851869150428,[ 8  3 24 96 32 96 96 24 24 16  1  3  1  8  4 16  8 16  4]
-0.026325314794704333,[ 8  3 24 96 32 96 96 24 24 16  1  3  1  8  8  8  8  8  4]
-0.02640213880219358,[ 8  3 24 96 32 96 96 24 24 16  1  2  1  8  8  8  4 16  4]
-0.02641339643573031,[ 8  3 24 96 24 96 96 24 24 16  1  3  1  8  8  8  2 16  4]
-0.026427883369539117,"[  8   3  24  96  32 112 112  24  24  16   1   5   1   8   8   8   2  32
   4]"
-0.026432443468322887,"[  8   3  24  96  32 112 112  32  32  16   1   2   1   8   8  16   2  32
   4]"
-0.026455677715831613,"[  8   3  24  96  32 112 112  24  24  16   1   5   1   8   4  16   2  16
   4]"
-0.02649610570390717,[ 8  3 24 96 32 96 96 24 24 16  1  2  1  8  4 32  2  8  4]
-0.02650291958952088,[ 8  3 24 96 32 80 80 32 32 16  1  2  1  8  8 32  2 16  4]
-0.026526171855329246,"[  8   3  24  96  32 112 112  24  24  16   1   2   1   8   4  32   2   8
   4]"
-0.026548546750560644,[ 8  3 24 96 16 96 96 24 24 16  1  3  1  8  8  8  2 16  4]
-0.02655442472728677,[ 8  3 24 96 32 96 96 24 24 16  1  3  1  8  4 16  4 32  4]
-0.02659711119864643,"[  8   3  24  96  24 112 112  24  24  16   1   3   1   8   8   8   2  16
   4]"
-0.026663798646595748,[ 8  3 24 96 16 96 96 24 24 16  1  2  1  8  8  8  2 16  4]
-0.02671176601364461,[ 8  3 24 96 32 96 96 32 32 16  1  2  1  8  8  8  2  8  4]
-0.026716399372007156,[ 8  3 24 96 24 96 96 24 24 16  1  3  1  8  4  8  2 16  4]
-0.02673360240761652,"[  8   3  24  96  32 112 112  24  24  16   1   3   1   8   4  16   4  16
   4]"
