-0.10302693426142982,"[  8   4  32 128  32 112 112  32  32  20   2   4   2   8   8  32   2   8
   4]"
-0.1036146119235568,"[  8   4  32 128  32 112 112  32  32  20   2   4   2   8   8  32   4   8
   4]"
-0.1047117534633467,"[  8   4  32 128  24 112 112  32  32  20   2   5   2   8   8  32   4   8
   4]"
-0.10575641194089293,"[  8   4  40 128  24 112 112  32  32  20   2   5   2   8   8  32   2   8
   4]"
-0.10585975964854938,"[  8   4  32 128  32 112 112  32  32  20   2   5   2   8   4  32   8   8
   4]"
-0.10631303852179706,"[  8   4  40 128  32 112 112  32  32  20   2   5   2   8   8  32   4   8
   4]"
-0.10707328986978755,"[  8   4  32 128  24 112 112  32  32  20   2   5   2   8   4  32   4   8
   4]"
-0.10722646412848874,"[  8   4  32 128  24 112 112  32  32  20   2   3   2   8   8   8   4   8
   4]"
-0.10742086810688911,"[  8   4  40 128  24 112 112  32  32  20   2   5   2   8   4  32   8   8
   4]"
-0.10807958546614124,"[  8   4  40 128  24 112 112  32  32  20   2   5   2   8   4  32   2   8
   4]"
-0.10830944825644687,"[  8   4  32 128  24 112 112  32  32  20   2   3   2   8   8   8   2   8
   4]"
-0.1084702708567168,"[  8   4  32 128  32 112 112  32  32  20   2   4   2   8   8  32   8   8
   4]"
-0.10848541168018185,"[  8   4  32 128  32 112 112  32  32  20   2   3   2   8   8  32   2   8
   4]"
-0.10864880271377182,"[  8   4  40 128  32 112 112  32  32  20   2   5   2   8   4  32   4   8
   4]"
-0.10888083366278015,"[  8   4  40 128  32 112 112  32  32  20   2   3   2   8   8   8   4   8
   4]"
-0.10903021983729179,"[  8   4  32 128  24 112 112  32  32  20   2   3   2   8   8  32   4   8
   4]"
-0.10903920237283546,"[  8   4  32 128  24 112 112  32  32  20   2   4   2   8   8  16   2   8
   4]"
-0.10908956141131773,"[  8   4  32 128  24 112 112  32  32  20   2   3   2   8   8  16   4   8
   4]"
-0.10923552873114492,"[  8   4  32 128  32 112 112  32  32  20   2   4   2   8   8   8   2   8
   4]"
-0.10981267094277775,"[  8   4  40 128  24 112 112  32  32  20   2   4   2   8   8   8   4   8
   4]"
-0.11016312147253146,"[  8   4  32 128  24 112 112  32  32  20   2   5   2   8   8   8   2   8
   4]"
-0.11018512536108414,"[  8   4  40 128  24 112 112  32  32  20   2   3   2   8   8  32   2   8
   4]"
-0.1107062374645279,"[  8   4  40 128  24 112 112  32  32  20   2   3   2   8   8  32   4   8
   4]"
-0.11093570722997283,"[  8   4  40 128  24 112 112  32  32  20   2   4   2   8   8   8   2   8
   4]"
-0.11114609080010815,"[  8   4  32 128  24 112 112  32  32  20   2   5   2   8   8   8   4   8
   4]"
-0.11123524744066424,"[  8   4  40 128  24 112 112  32  32  20   2   5   2   8   8  32   8   8
   4]"
-0.11187213403978369,"[  8   4  40 128  24 112 112  32  32  20   2   5   2   8   8   8   2   8
   4]"
-0.1120114488821189,"[  8   4  32 128  32 112 112  32  32  20   2   4   2   8   4  32   8   8
   4]"
-0.1121506799511017,"[  8   4  32 128  24 112 112  32  32  20   2   3   2   8   8   8   8   8
   4]"
-0.11224088537323051,"[  8   4  32 128  32 112 112  32  32  20   2   5   2   8   4   8   8   8
   4]"
-0.11247605568701209,"[  8   4  40 128  32 112 112  32  32  20   2   5   2   8   2  32   8   8
   4]"
-0.1126831477361881,"[  8   4  32 128  32 112 112  32  32  20   2   4   2   8   4  32   2   8
   4]"
-0.11281305696638852,"[  8   4  40 128  24 112 112  32  32  20   2   5   2   8   8   8   4   8
   4]"
-0.11302013203270676,"[  8   4  40 128  24 112 112  32  32  20   2   5   2   8   2  32   2   8
   4]"
-0.11308202380910604,"[  8   4  32 128  32 112 112  32  32  20   2   4   2   8   8   8   8   8
   4]"
-0.11318572222130624,"[  8   4  32 128  32 112 112  32  32  20   2   5   2   8   2  32   8   8
   4]"
-0.11347345966721996,"[  8   4  32 128  24 112 112  32  32  20   2   5   2   8   4   8   4   8
   4]"
-0.11366034958940374,"[  8   4  40 128  32 112 112  32  32  20   2   5   2   8   2  32   4   8
   4]"
-0.11397641783266706,"[  8   4  32 128  32 112 112  32  32  20   2   3   2   8   8  32   8   8
   4]"
-0.11414096170822015,"[  8   4  32 128  32 112 112  32  32  20   2   3   2   8   8   8   2  16
   4]"
-0.11415122386219985,"[  8   4  40 128  24 112 112  32  32  20   2   5   2   8   4  16   2   8
   4]"
-0.1141618750528154,"[  8   4  32 128  32 112 112  32  32  20   2   4   2   8   8   8   4  16
   4]"
-0.11468540759633318,"[  8   4  32 128  32 112 112  32  32  20   2   4   2   8   8  32   2  16
   4]"
-0.11476564754005927,"[  8   4  32 128  24 112 112  32  32  20   2   3   2   8   8  32   4  16
   4]"
-0.11476779739543576,"[  8   4  40 128  24 112 112  32  32  20   2   4   2   8   8   8   8   8
   4]"
-0.11482189129028324,"[  8   4  32 128  32 112 112  32  32  20   2   3   2   8   8  16   4  16
   4]"
-0.11495783114828474,"[  8   4  32 128  24 112 112  32  32  20   2   4   2   8   8  16   8   8
   4]"
-0.11511524856435,"[  8   4  40 128  32 112 112  32  32  20   2   5   2   8   4   8   4   8
   4]"
-0.11515003561360347,"[  8   4  32 128  24 112 112  32  32  20   2   4   2   8   8  16   2  16
   4]"
-0.11516527294268417,"[  8   4  32 128  32 112 112  32  32  20   2   4   2   8   8  32   4  16
   4]"
-0.1153486457007031,"[  8   4  32 128  32 112 112  32  32  20   2   4   2   8   8   8   2  16
   4]"
-0.11567539213993733,"[  8   4  32 128  32 112 112  32  32  20   2   3   2   8   4   8   8   8
   4]"
-0.11569913602411612,"[  8   4  40 128  24 112 112  32  32  20   2   3   2   8   8  32   8   8
   4]"
-0.11570982843044485,"[  8   4  40 128  24 112 112  32  32  20   2   3   2   8   8  16   2  16
   4]"
-0.11581706473821164,"[  8   4  32 128  32 112 112  32  32  20   2   5   2   8   8  32   2  16
   4]"
-0.11586028181525311,"[  8   4  40 128  32 112 112  32  32  20   2   4   2   8   8   8   4  16
   4]"
-0.115910661093535,"[  8   4  40 128  24 112 112  32  32  20   2   3   2   8   8   8   2  16
   4]"
-0.11604265990616082,"[  8   4  32 128  32 112 112  32  32  20   2   4   2   8   8  16   4  16
   4]"
-0.11604822986861771,"[  8   4  40 128  24 112 112  32  32  20   2   3   2   8   8  32   2  16
   4]"
-0.11628685501355775,"[  8   4  32 128  32 112 112  32  32  20   2   5   2   8   8   8   2  16
   4]"
-0.11641621263230155,"[  8   4  40 128  24 112 112  32  32  20   2   4   2   8   8  32   2  16
   4]"
-0.11661160120155949,"[  8   4  32 128  24 112 112  32  32  20   2   4   2   8   4   8   8   8
   4]"
-0.11687576595823818,"[  8   4  40 128  32 112 112  32  32  20   2   4   2   8   8  32   4  16
   4]"
-0.11690345649758252,"[  8   4  40 128  24 112 112  32  32  20   2   4   2   8   8  16   2  16
   4]"
-0.11692403607694134,"[  8   4  32 128  24 112 112  32  32  20   2   3   2   8   4   8   4   8
   4]"
-0.11717081917110145,"[  8   4  32 128  32 112 112  32  32  20   2   5   2   8   8   8   4  16
   4]"
-0.11736448711453008,"[  8   4  40 128  32 112 112  32  32  20   2   3   2   8   4   8   8   8
   4]"
-0.117393066140077,"[  8   4  40 128  24 112 112  32  32  20   2   5   2   8   4  32   8  16
   4]"
-0.11749511479963554,"[  8   4  32 128  24 112 112  32  32  20   2   3   2   8   4  32   8   8
   4]"
-0.11751746600173,"[  8   4  32 128  24 112 112  32  32  20   2   5   2   8   4  16   4  16
   4]"
-0.11755261990946607,"[  8   4  32 128  24 112 112  32  32  20   2   3   2   8   4  16   8   8
   4]"
-0.11755765451493452,"[  8   4  40 128  24 112 112  32  32  20   2   5   2   8   8  32   2  16
   4]"
-0.1180127630374288,"[  8   4  40 128  32 112 112  32  32  20   2   5   2   8   8  32   4  16
   4]"
-0.11804972634689861,"[  8   4  40 128  24 112 112  32  32  20   2   5   2   8   8  16   2  16
   4]"
-0.11822632386472263,"[  8   4  32 128  32 112 112  32  32  20   2   3   2   8   4  32   2   8
   4]"
-0.11827088311885872,"[  8   4  40 128  32 112 112  32  32  20   2   5   2   8   4   8   8  16
   4]"
-0.11832191770912531,"[  8   4  40 128  32 112 112  32  32  20   2   5   2   8   4  32   4  16
   4]"
-0.11862451448607848,"[  8   4  40 128  32 112 112  32  32  20   2   3   2   8   4   8   4   8
   4]"
-0.11871498222444284,"[  8   4  40 128  32 112 112  32  32  20   2   5   2   8   2   8   8   8
   4]"
-0.11874885257716744,"[  8   4  32 128  32 112 112  32  32  20   2   3   2   8   4  32   4   8
   4]"
-0.11880575084647087,"[  8   4  32 128  32 112 112  32  32  20   2   3   2   8   4  16   4   8
   4]"
-0.11883000725304768,"[  8   4  40 128  32 112 112  32  32  20   2   5   2   8   2  16   2   8
   4]"
-0.11889611113344842,"[  8   4  40 128  32 112 112  32  32  20   2   5   2   8   8   8   4  16
   4]"
-0.11919833202176494,"[  8   4  32 128  32  96  96  32  32  20   2   4   2   8   8  32   2   8
   4]"
-0.11925871173561083,"[  8   4  40 128  24 112 112  32  32  20   2   3   2   8   4  16   8   8
   4]"
-0.11926338340177568,"[  8   4  32 128  24 112 112  32  32  20   2   4   2   8   2  32   8   8
   4]"
-0.11938909947834969,"[  8   4  32 128  32 112 112  32  32  20   2   5   2   8   2  16   8   8
   4]"
-0.11944666865110908,"[  8   4  32 128  24 112 112  32  32  20   2   4   2   4   8  32   4   8
   4]"
-0.11945814379010108,"[  8   4  32 128  24 112 112  32  32  20   2   4   2   8   8   8   8  16
   4]"
-0.11947783046813745,"[  8   4  32 128  32 112 112  32  32  20   2   5   2   8   2  16   2   8
   4]"
-0.11953974743262752,"[  8   4  40 128  24 112 112  32  32  20   2   4   2   8   4   8   4   8
   4]"
-0.11962451845464478,"[  8   4  40 128  24 112 112  32  32  20   2   3   2   8   4  16   2   8
   4]"
-0.1197066455027924,"[  8   4  32 128  32  96  96  32  32  20   2   4   2   8   8  32   4   8
   4]"
-0.11982487910749388,"[  8   4  40 128  32 112 112  32  32  20   2   3   2   8   4   8   2   8
   4]"
-0.11984435835192675,"[  8   4  32 128  32 112 112  32  32  20   2   4   2   8   2  32   2   8
   4]"
-0.11990061332172544,"[  8   4  32 128  24 112 112  32  32  20   2   4   2   4   8   8   4   8
   4]"
-0.11993737242123,"[  8   4  32 128  24 112 112  32  32  20   2   4   2   4   8  32   2   8
   4]"
-0.11996734911182137,"[  8   4  40 128  32 112 112  32  32  20   2   3   2   8   4  32   2   8
   4]"
-0.1200057310554091,"[  8   4  40 128  32 112 112  32  32  20   2   3   2   8   8   8   8  16
   4]"
-0.12028848329512265,"[  8   4  32 128  24 112 112  32  32  20   2   5   2   4   8  32   4   8
   4]"
