-0.047388994021476456,"[  8   5  40 130  24  96  96  32  32  16   2   5   2   8   4  32   8   8
   4]"
-0.04760599316125026,"[  8   5  40 130  24  96  96  32  32  16   2   5   2   8   4  32   8  16
   4]"
-0.047617672204002974,"[  8   5  40 130  24  96  96  32  32  16   2   4   2   8   4  32   8   8
   4]"
-0.04786868876413528,"[  8   5  40 130  32  96  96  32  32  16   2   5   2   8   4  32   8  16
   4]"
-0.047883001473946855,"[  8   5  40 130  32  96  96  32  32  16   2   4   2   8   4  32   8   8
   4]"
-0.04789638060857533,"[  8   5  40 130  24  96  96  32  32  16   2   4   2   8   4  32   8  16
   4]"
-0.04803977770693089,"[  8   5  40 130  24  96  96  32  32  16   2   5   2   8   8  32   8   8
   4]"
-0.048217099212474725,"[  8   5  40 130  32  96  96  32  32  16   2   4   2   8   4  32   8  16
   4]"
-0.048336657580011405,"[  8   5  40 130  24 112 112  32  32  16   2   5   2   8   8  32   8   8
   4]"
-0.04843218100738199,"[  8   5  40 130  32  96  96  32  32  16   2   5   2   8   8  32   8   8
   4]"
-0.04847205428809013,"[  8   5  40 130  24  96  96  32  32  16   2   4   2   8   8  32   8   8
   4]"
-0.04873442941366322,"[  8   5  35 130  24  96  96  32  32  16   2   5   2   8   4  32   8   8
   4]"
-0.0487680099358977,"[  8   5  40 130  32 112 112  32  32  16   2   5   2   8   8  32   8   8
   4]"
-0.04881152577484224,"[  8   5  40 130  24 112 112  32  32  16   2   4   2   8   8  32   8   8
   4]"
-0.04891973593391026,"[  8   5  40 130  32  96  96  32  32  16   2   4   2   8   8  32   8   8
   4]"
-0.048935050141651705,"[  8   5  35 130  32  96  96  32  32  16   2   5   2   8   4  32   8   8
   4]"
-0.048945463944851914,"[  8   5  35 130  24  96  96  32  32  16   2   5   2   8   4  32   8  16
   4]"
-0.04895682344715259,"[  8   5  35 130  24  96  96  32  32  16   2   4   2   8   4  32   8   8
   4]"
-0.04905607342609165,"[  8   5  40 130  24  96  96  32  32  16   2   5   2   8   8  32   8  16
   4]"
-0.049201008322039934,"[  8   5  35 130  32  96  96  32  32  16   2   5   2   8   4  32   8  16
   4]"
-0.04921493356758483,"[  8   5  35 130  32  96  96  32  32  16   2   4   2   8   4  32   8   8
   4]"
-0.049227950712062984,"[  8   5  35 130  24  96  96  32  32  16   2   4   2   8   4  32   8  16
   4]"
-0.049297017937235385,"[  8   5  40 130  32 112 112  32  32  16   2   4   2   8   8  32   8   8
   4]"
-0.049350867212314235,"[  8   5  40 130  24  80  80  32  32  16   2   5   2   8   4  32   8   8
   4]"
-0.04935517706365058,"[  8   5  40 130  24  80  80  32  32  20   2   5   2   8   4  32   8   8
   4]"
-0.049358370981697854,"[  8   5  40 130  24  96  96  32  32  16   2   5   2   8   4  32   8  32
   4]"
-0.04935908633889914,"[  8   5  35 130  24  96  96  32  32  16   2   5   2   8   8  32   8   8
   4]"
-0.04954004957984421,"[  8   5  35 130  32  96  96  32  32  16   2   4   2   8   4  32   8  16
   4]"
-0.04956649912698147,"[  8   5  40 130  32  96  96  32  32  16   2   5   2   8   8  32   8  16
   4]"
-0.04961739658614883,"[  8   5  40 130  24  96  96  32  32  16   2   4   2   8   8  32   8  16
   4]"
-0.049648077788438494,"[  8   5  35 130  24 112 112  32  32  16   2   5   2   8   8  32   8   8
   4]"
-0.04977990768359381,"[  8   5  35 130  24  96  96  32  32  16   2   4   2   8   8  32   8   8
   4]"
-0.04984007059230835,"[  8   5  40 130  32  96  96  32  32  16   2   5   2   8   4  32   8  32
   4]"
-0.04985856936299567,"[  8   5  40 130  32  80  80  32  32  16   2   5   2   8   4  32   8   8
   4]"
-0.049888259045962786,"[  8   5  40 130  24  96  96  32  32  16   2   4   2   8   4  32   8  32
   4]"
-0.04990919686301426,"[  8   5  40 130  24  80  80  32  32  16   2   4   2   8   4  32   8   8
   4]"
-0.04996267189692819,"[  8   5  40 130  24 112 112  32  32  16   2   4   2   8   4  32   8   8
   4]"
-0.05003790791878552,"[  8   5  40 130  24  96  96  32  32  20   2   4   2   8   4  32   8   8
   4]"
-0.05007841659628507,"[  8   5  40 130  24  80  80  32  32  20   2   4   2   8   8  32   4   8
   4]"
-0.05009636138865243,"[  8   5  40 130  24  80  80  32  32  16   2   5   2   8   8  32   4   8
   4]"
-0.05010151482880718,"[  8   5  40 130  24  80  80  32  32  20   2   5   2   8   8  32   4   8
   4]"
-0.050110519958863474,"[  8   5  35 130  24 112 112  32  32  16   2   4   2   8   8  32   8   8
   4]"
-0.05017937964584266,"[  8   5  40 130  32  96  96  32  32  16   2   4   2   8   8  32   8  16
   4]"
-0.05021593099727492,"[  8   5  35 130  32  96  96  32  32  16   2   4   2   8   8  32   8   8
   4]"
-0.05042188853317506,"[  8   5  40 130  32  96  96  32  32  16   2   4   2   8   4  32   8  32
   4]"
-0.05046822146424189,"[  8   5  40 130  32  80  80  32  32  16   2   4   2   8   4  32   8   8
   4]"
-0.05049701248941038,"[  8   5  40 130  24 112 112  32  32  16   2   5   2   8   8  32   8  16
   4]"
-0.05052626399326288,"[  8   5  40 130  32 112 112  32  32  16   2   4   2   8   4  32   8   8
   4]"
-0.05062959165561625,"[  8   5  35 130  24  80  80  32  32  20   2   4   2   8   4  32   8   8
   4]"
-0.05064420944703613,"[  8   5  35 130  24  80  80  32  32  16   2   5   2   8   4  32   8   8
   4]"
-0.05064840924345099,"[  8   5  35 130  24  80  80  32  32  20   2   5   2   8   4  32   8   8
   4]"
-0.05069127952875566,"[  8   5  35 130  24 112 112  32  32  16   2   5   2   8   4  32   8   8
   4]"
-0.05070508169935473,"[  8   5  35 130  24  96  96  32  32  16   2   5   2   8   4  32   8  32
   4]"
-0.050756748431881736,"[  8   5  40 130  24  80  80  32  32  16   2   4   2   8   8  32   4   8
   4]"
-0.050820439445302845,"[  8   5  40 130  32  80  80  32  32  20   2   4   2   8   4  32   8   8
   4]"
-0.05084479064940073,"[  8   5  40 130  32  80  80  32  32  20   2   5   2   8   4  32   8   8
   4]"
-0.05089582700051881,"[  8   5  35 130  24  96  96  32  32  16   2   4   2   8   8  32   8  16
   4]"
-0.05093481876831581,"[  8   5  40 130  24  80  80  32  32  20   2   4   2   8   4  32   8  16
   4]"
-0.05095399364098909,"[  8   5  40 130  24  80  80  32  32  16   2   5   2   8   4  32   8  16
   4]"
-0.050959499479684714,"[  8   5  40 130  24  80  80  32  32  20   2   5   2   8   4  32   8  16
   4]"
-0.05101561983681878,"[  8   5  40 130  24 112 112  32  32  16   2   5   2   8   4  32   8  16
   4]"
-0.051016397123593626,"[  8   5  40 130  24  80  80  32  32  20   2   4   2   8   8  32   8   8
   4]"
-0.051036461056902356,"[  8   5  40 130  24  80  80  32  32  16   2   5   2   8   8  32   8   8
   4]"
-0.051042221677056986,"[  8   5  40 130  24  80  80  32  32  20   2   5   2   8   8  32   8   8
   4]"
-0.05112798445661438,"[  8   5  40 130  32 112 112  32  32  16   2   5   2   8   8  32   8  16
   4]"
-0.0511390730736532,"[  8   5  35 130  32  80  80  32  32  16   2   5   2   8   4  32   8   8
   4]"
-0.051174106350942807,"[  8   5  35 130  32  96  96  32  32  16   2   5   2   8   4  32   8  32
   4]"
-0.051186912585438386,"[  8   5  40 130  24  96  96  32  32  16   2   5   2   8   8  32   4   8
   4]"
-0.05118843411766865,"[  8   5  35 130  24  80  80  32  32  16   2   4   2   8   4  32   8   8
   4]"
-0.05119010256018858,"[  8   5  40 130  24 112 112  32  32  16   2   4   2   8   8  32   8  16
   4]"
-0.05122103976695918,"[  8   5  35 130  24  96  96  32  32  16   2   4   2   8   4  32   8  32
   4]"
-0.05124057414771901,"[  8   5  35 130  24 112 112  32  32  16   2   4   2   8   4  32   8   8
   4]"
-0.051246353130388285,"[  8   5  40 130  24  80  80  32  32  20   2   4   2   8   4  32   4   8
   4]"
-0.051266200497391494,"[  8   5  40 130  24  80  80  32  32  16   2   5   2   8   4  32   4   8
   4]"
-0.0512718990181641,"[  8   5  40 130  24  80  80  32  32  20   2   5   2   8   4  32   4   8
   4]"
-0.051313936555254167,"[  8   5  35 130  24  96  96  32  32  20   2   4   2   8   4  32   8   8
   4]"
-0.05133528839774885,"[  8   5  35 130  24  96  96  32  32  20   2   5   2   8   4  32   8   8
   4]"
-0.05134536951732499,"[  8   5  35 130  24  80  80  32  32  20   2   4   2   8   8  32   4   8
   4]"
-0.051362871672658954,"[  8   5  35 130  24  80  80  32  32  16   2   5   2   8   8  32   4   8
   4]"
-0.05136789805141682,"[  8   5  35 130  24  80  80  32  32  20   2   5   2   8   8  32   4   8
   4]"
-0.05144384612100046,"[  8   5  35 130  32  96  96  32  32  16   2   4   2   8   8  32   8  16
   4]"
-0.0516566926130878,"[  8   5  40 130  24  80  80  32  32  16   2   4   2   8   4  32   8  16
   4]"
-0.05169067816526064,"[  8   5  40 130  32  96  96  32  32  20   2   4   2   8   4  32   8   8
   4]"
-0.051703795040238865,"[  8   5  40 130  24 112 112  32  32  16   2   5   2   8   8  32   4   8
   4]"
-0.051704454299796296,"[  8   5  40 130  32  80  80  32  32  16   2   5   2   8   8  32   8   8
   4]"
-0.051717384140712315,"[  8   5  40 130  32  96  96  32  32  20   2   5   2   8   4  32   8   8
   4]"
-0.05172299945782058,"[  8   5  40 130  24 112 112  32  32  16   2   4   2   8   4  32   8  16
   4]"
-0.051733637352031965,"[  8   5  35 130  32  80  80  32  32  16   2   4   2   8   4  32   8   8
   4]"
-0.051740925459671246,"[  8   5  35 130  32  96  96  32  32  16   2   4   2   8   4  32   8  32
   4]"
-0.05175371902032967,"[  8   5  35 130  24 112 112  32  32  16   2   5   2   8   8  32   8  16
   4]"
-0.05177001107912019,"[  8   5  40 130  24  80  80  32  32  16   2   4   2   8   8  32   8   8
   4]"
-0.05179026171998636,"[  8   5  35 130  32 112 112  32  32  16   2   4   2   8   4  32   8   8
   4]"
-0.051816029222797926,"[  8   5  40 130  24  96  96  32  32  20   2   4   2   8   4  32   8  16
   4]"
-0.051843048242579376,"[  8   5  40 130  24  96  96  32  32  20   2   5   2   8   4  32   8  16
   4]"
-0.05186804147351465,"[  8   5  40 130  32 112 112  32  32  16   2   4   2   8   8  32   8  16
   4]"
-0.051904975028026094,"[  8   5  40 130  24  96  96  32  32  16   2   5   2   8   8  32   4  16
   4]"
-0.05193110857455448,"[  8   5  40 130  24  96  96  32  32  16   2   4   2   8   8  32   4   8
   4]"
-0.05193591796658363,"[  8   5  40 130  24  96  96  32  32  20   2   4   2   8   8  32   8   8
   4]"
-0.051949166643600816,"[  8   5  40 130  24  80  80  32  32  20   2   4   2   8   8  32   4  16
   4]"
-0.05196403694570959,"[  8   5  40 130  24  96  96  32  32  20   2   5   2   8   8  32   8   8
   4]"
