-0.28470037938062515,"[  4   2  24 128  16 112 112   8   8   8   2   1   2   4   8   8   8  32
   2]"
-0.28553834174497433,"[  4   2  40 130  16  48  48  16  16  12   2   5   2   8   2   8   4  32
   2]"
-0.2879236416849561,"[  4   2  32 130  24 112 112   8   8   8   2   5   2   2   2  32   2  32
   2]"
-0.28799717519107787,[ 4  2 40 32 24 64 64 16 16 12  1  1  1  4  8 32  2 16  2]
-0.28804364656467674,[ 4  2 32 32 32 96 96  8  8 12  2  1  2  4  8 16  8  8  2]
-0.2883857553789903,[ 4  2 24 64 24 64 64 16 16 12  2  1  2  4  8 32  4 32  2]
-0.2887077325797681,"[  4   2  32  64  32 112 112   8   8  12   1   5   1   2   2  16   8  32
   2]"
-0.288825572803099,"[  4   2   8  64  32 112 112   8   8  20   1   3   1   4   2   8   4  32
   2]"
-0.2889001100442145,"[  4   2  32  64  32 112 112   8   8   8   2   5   2   4   4  16   8  32
   2]"
-0.2890197094813928,[ 4  2 32 32 32 48 48 16 16 16  2  4  2  2  2 32  2  8  2]
-0.28913210358764907,"[  4   2  24 130  24  48  48  24  24   8   1   4   1   8   8  16   8  32
   2]"
-0.28921303997660397,[ 4  2 24 96 32 80 80 24 24  8  1  1  1  4  8  8  8 32  2]
-0.28934337132619997,[ 4  2 16 64 32 64 64 24 24 12  2  5  2  4  4  8  2 32  2]
-0.28940165849637384,[ 4  2 24 64 32 80 80  8  8 12  2  2  2  8  8  8  4 32  2]
-0.28949646800308937,[ 4  2 40 64 32 48 48 24 24  8  2  3  2  2  4 16  2 32  2]
-0.28959162190043763,[ 8  2 16 32 16 96 96  8  8  8  2  1  2  2  8 32  2 32  4]
-0.2897990021505777,"[  4   2  32 130  16  48  48   8   8  16   2   3   2   2   2   8   8  32
   2]"
-0.289863122693264,"[  4   2  32  96  24 112 112   8   8  12   2   3   2   4   2  16   2  32
   2]"
-0.29014020601028423,"[  4   2   8  32  24 112 112   8   8  16   2   4   2   4   8  16   8  32
   2]"
-0.29018516956409224,[ 4  2 32 32 16 80 80 32 32  8  2  2  2  2  4 32  8 32  2]
-0.29022604729322565,"[  4   2  32 128  16 112 112   8   8  12   1   4   1   4   4   8   2  16
   2]"
-0.29035592393707443,[ 4  2 24 32 32 80 80  8  8 12  2  5  2  8  8  8  8 16  2]
-0.2903945418097756,"[  8   2  16  64  16 112 112   8   8   8   2   1   2   2   2  32   2  32
   4]"
-0.29044055189062484,[ 4  2 32 32 32 48 48 16 16 16  1  5  1  2  4 32  2  8  2]
-0.29051514714146154,[ 4  2 40 32 24 96 96 32 32  8  2  2  2  4  2  8  8 32  2]
-0.2907725479936422,"[  4   2  32  64  32 112 112   8   8   8   2   4   2   4   4  16   8  32
   2]"
-0.2909340662287941,"[  4   2  32  64  32 112 112  16  16   8   1   3   1   2   8  16   8  16
   2]"
-0.291063626944905,[ 4  2 24 64 32 64 64 24 24  8  2  3  2  4  8 16  8 16  2]
-0.29119479505973644,"[  4   2   8 130  32  64  64   8   8  12   2   3   2   8   8  32   2  32
   2]"
-0.2912161199176779,"[  4   2  32 128  24  48  48   8   8  16   2   5   2   2   8  16   2  32
   2]"
-0.2912449463050649,"[  4   2  32 130  24  48  48   8   8  12   2   3   2   8   8  16   8  32
   2]"
-0.2913363851385935,"[  4   2  24 130  24 112 112  16  16   8   1   3   1   2   8   8   2  32
   2]"
-0.2913455552051719,"[  4   2  24 128  24  48  48  16  16  12   2   5   2   2   4   8   8  32
   2]"
-0.29136519962747043,"[  4   2  32 130  24  64  64  24  24   8   2   5   2   8   4   8   4  32
   2]"
-0.2914926814295809,[ 4  2 16 96 32 64 64 24 24  8  2  3  2  8  8  8  4 32  2]
-0.2915169805938825,"[  4   2   8  64  24 112 112   8   8  20   1   1   1   2   8  16   8  32
   2]"
-0.29155658169749255,"[  4   2  32  32  32 112 112   8   8  12   2   2   2   4   4  16   8   8
   2]"
-0.2915787360258243,"[  4   2  16  32  24 112 112   8   8  20   2   5   2   2   2   8   4  32
   2]"
-0.29159306105206423,"[  4   2  24 130  24  48  48   8   8  16   2   1   2   2   8  16   4  32
   2]"
-0.2916218501793815,"[  4   2  24 130  32  48  48  16  16  12   2   5   2   4   8  16   4  16
   2]"
-0.291651063464183,"[  4   2  40  96  32 112 112   8   8   8   2   3   2   4   4   8   2  32
   2]"
-0.29169035898669093,"[  4   2  32  96  32 112 112   8   8   8   1   1   1   4   8  16   8  32
   2]"
-0.29187176118903907,"[  4   2  16  32  24 112 112   8   8  20   2   3   2   2   2   8   4  32
   2]"
-0.29190046425939886,[ 4  2 24 64 32 80 80 16 16 16  1  2  1  4  2 32  4  8  2]
-0.29197692551267046,"[  4   2  16 130  24  64  64  16  16  12   2   3   2   2   8  16   4  32
   2]"
-0.2920264346444183,[ 4  2 32 64 32 48 48 16 16 12  1  3  1  4  2 32  4 32  2]
-0.2920696262770626,[ 4  2 16 32 24 80 80 32 32  8  2  4  2  2  4 32  2 32  2]
-0.29211737175458324,"[  4   2  16  96  16 112 112   8   8  16   1   1   1   4   4  32   8  32
   2]"
-0.2921815850500158,"[  4   2   8  32  24 112 112   8   8  16   2   3   2   4   8  16   8  32
   2]"
-0.2922613773595432,[ 4  2 16 32 24 96 96 24 24  8  2  4  2  8  2 32  8 16  2]
