0.6166838487750358,[ 4  4  8 32 16 48 48  8  8  8  1  1  1  2  2  8  2 32  2]
0.6164038347439723,[ 4  4  8 32 24 48 48  8  8  8  1  1  1  2  2  8  2 32  2]
0.6162638272168364,[ 4  4  8 32 32 48 48  8  8  8  1  1  1  2  2  8  2 32  2]
0.6154170861884556,[ 4  4  8 32 16 48 48  8  8  8  1  1  1  2  2  8  2 16  2]
0.6153206949450646,[ 4  4  8 32 16 48 48  8  8  8  1  1  1  2  2 16  2 32  2]
0.6151370721614633,[ 4  4  8 32 24 48 48  8  8  8  1  1  1  2  2  8  2 16  2]
0.6150406809182472,[ 4  4  8 32 24 48 48  8  8  8  1  1  1  2  2 16  2 32  2]
0.6149970646374153,[ 4  4  8 32 32 48 48  8  8  8  1  1  1  2  2  8  2 16  2]
0.6149006733943665,[ 4  4  8 32 32 48 48  8  8  8  1  1  1  2  2 16  2 32  2]
0.614783636539434,[ 4  4  8 32 16 48 48  8  8  8  1  1  1  2  2  8  2  8  2]
0.6145036225144772,[ 4  4  8 32 24 48 48  8  8  8  1  1  1  2  2  8  2  8  2]
0.6143636149919732,[ 4  4  8 32 32 48 48  8  8  8  1  1  1  2  2  8  2  8  2]
0.6140539323774706,[ 4  4  8 32 16 48 48  8  8  8  1  1  1  2  2 16  2 16  2]
0.6137739183547242,[ 4  4  8 32 24 48 48  8  8  8  1  1  1  2  2 16  2 16  2]
0.6136339108339316,[ 4  4  8 32 32 48 48  8  8  8  1  1  1  2  2 16  2 16  2]
0.6134204827379424,[ 4  4  8 32 16 48 48  8  8  8  1  1  1  2  2 16  2  8  2]
0.6132981345956571,[ 4  4  8 32 16 48 48  8  8  8  1  1  1  2  4  8  2 32  2]
0.6131404687172317,[ 4  4  8 32 24 48 48  8  8  8  1  1  1  2  2 16  2  8  2]
0.6130181205656344,[ 4  4  8 32 24 48 48  8  8  8  1  1  1  2  4  8  2 32  2]
0.6130004611979831,[ 4  4  8 32 32 48 48  8  8  8  1  1  1  2  2 16  2  8  2]
0.6128781130418316,[ 4  4  8 32 32 48 48  8  8  8  1  1  1  2  4  8  2 32  2]
0.6125941138942372,[ 4  4  8 32 16 48 48  8  8  8  1  1  1  2  2 32  2 32  2]
0.6123140998759122,[ 4  4  8 32 24 48 48  8  8  8  1  1  1  2  2 32  2 32  2]
0.6121740923585429,[ 4  4  8 32 32 48 48  8  8  8  1  1  1  2  2 32  2 32  2]
0.6120313720132281,[ 4  4  8 32 16 48 48  8  8  8  1  1  1  2  4  8  2 16  2]
0.6119349807685276,[ 4  4  8 32 16 48 48  8  8  8  1  1  1  2  4 16  2 32  2]
0.6117513579872766,[ 4  4  8 32 24 48 48  8  8  8  1  1  1  2  4  8  2 16  2]
0.611654966742751,[ 4  4  8 32 24 48 48  8  8  8  1  1  1  2  4 16  2 32  2]
0.6116436135749359,[ 4  4 16 32 16 48 48  8  8  8  1  1  1  2  2  8  2 32  2]
0.6116113504665617,[ 4  4  8 32 32 48 48  8  8  8  1  1  1  2  4  8  2 16  2]
0.6115149592222036,[ 4  4  8 32 32 48 48  8  8  8  1  1  1  2  4 16  2 32  2]
0.6113979223662835,[ 4  4  8 32 16 48 48  8  8  8  1  1  1  2  4  8  2  8  2]
0.6113635995412071,[ 4  4 16 32 24 48 48  8  8  8  1  1  1  2  2  8  2 32  2]
0.6113273513646121,[ 4  4  8 32 16 48 48  8  8  8  1  1  1  2  2 32  2 16  2]
0.6112433259549495,[ 4  4  8 32 16 48 48  8  8  8  1  1  1  4  2  8  2 32  2]
0.6111179083423679,[ 4  4  8 32 24 48 48  8  8  8  1  1  1  2  4  8  2  8  2]
0.6110835855195555,[ 4  4 16 32 32 48 48  8  8  8  1  1  1  2  2  8  2 32  2]
0.6110473373503582,[ 4  4  8 32 24 48 48  8  8  8  1  1  1  2  2 32  2 16  2]
0.6110458535454494,[ 4  4  8 32 16 48 48  8  8  8  1  1  1  2  2  8  4 32  2]
0.6109779008231969,[ 4  4  8 32 32 48 48  8  8  8  1  1  1  2  4  8  2  8  2]
0.6109633119131023,[ 4  4  8 32 24 48 48  8  8  8  1  1  1  4  2  8  2 32  2]
0.6109073298360768,[ 4  4  8 32 32 48 48  8  8  8  1  1  1  2  2 32  2 16  2]
0.6108233043850941,[ 4  4  8 32 32 48 48  8  8  8  1  1  1  4  2  8  2 32  2]
0.6107658395228643,[ 4  4  8 32 24 48 48  8  8  8  1  1  1  2  2  8  4 32  2]
0.6106939017440721,[ 4  4  8 32 16 48 48  8  8  8  1  1  1  2  2 32  2  8  2]
0.6106682182050848,[ 4  4  8 32 16 48 48  8  8  8  1  1  1  2  4 16  2 16  2]
0.6106258320046514,[ 4  4  8 32 32 48 48  8  8  8  1  1  1  2  2  8  4 32  2]
0.6104138877318538,[ 4  4  8 32 24 48 48  8  8  8  1  1  1  2  2 32  2  8  2]
0.6103882041833794,[ 4  4  8 32 24 48 48  8  8  8  1  1  1  2  4 16  2 16  2]
0.6103768510259723,[ 4  4 16 32 16 48 48  8  8  8  1  1  1  2  2  8  2 16  2]
