0.002347640678487406,[ 4  2  8 64 16 64 64 24 24 16  1  2  1  8  2 32  4 32  2]
0.002339769475957699,[ 4  2  8 64 24 64 64 24 24 16  1  2  1  8  2 32  4 32  2]
0.0023192501652683733,[ 4  2  8 64 16 64 64 24 24 16  1  2  1  8  2 32  2 32  2]
0.0023142845778202927,[ 4  2  8 64 16 64 64 16 16 16  1  2  1  8  2 32  4 32  2]
0.0023108318564314225,[ 4  2  8 64 24 64 64 24 24 16  1  2  1  8  2 32  2 32  2]
0.002285275719937037,[ 4  2  8 64 16 64 64 16 16 16  1  2  1  8  2 32  2 32  2]
0.0022837990947019112,[ 4  2  8 64 16 64 64 24 24 16  1  2  1  8  2 32  8 32  2]
0.0022770694977655,[ 4  2  8 64 24 64 64 24 24 16  1  2  1  8  2 32  8 32  2]
0.0022602989207211673,[ 4  2  8 64 24 64 64 16 16 16  1  2  1  8  2 32  4 32  2]
0.0022312900628379114,[ 4  2  8 64 24 64 64 16 16 16  1  2  1  8  2 32  2 32  2]
0.0022189287258860472,[ 4  2  8 64 16 64 64 16 16 16  1  2  1  8  2 32  8 32  2]
0.002176680343996562,[ 4  2  8 64 16 64 64 24 24 16  1  2  1  8  2 16  4 32  2]
0.0021677551810019642,[ 4  2  8 64 32 64 64 24 24 16  1  2  1  8  2 32  4 32  2]
0.0021669109400749564,[ 4  2  8 64 24 64 64 16 16 16  1  2  1  8  2 32  8 32  2]
0.002160118930145224,[ 4  2  8 64 24 64 64 24 24 16  1  2  1  8  2 16  4 32  2]
0.002158878776741465,[ 4  2  8 96 16 64 64 16 16 16  1  2  1  8  2 32  4 32  2]
0.0021579308899259235,[ 4  2  8 96 16 64 64 24 24 16  1  2  1  8  2 32  4 32  2]
0.002150672811238392,[ 4  2  8 64 16 64 64 24 24 16  1  2  1  8  2 16  2 32  2]
0.002142249148687414,[ 4  2  8 64 16 64 64 16 16 16  1  2  1  8  2 32  8 16  2]
0.0021396451869821844,[ 4  2  8 64 32 64 64 24 24 16  1  2  1  8  2 32  2 32  2]
0.002133730586892541,[ 4  2  8 64 24 64 64 24 24 16  1  2  1  8  2 16  2 32  2]
0.0021318345771393883,[ 4  2  8 96 16 64 64 24 24 16  1  2  1  8  2 32  2 32  2]
0.002131817883616275,[ 4  2  8 96 16 64 64 16 16 16  1  2  1  8  2 32  2 32  2]
0.002117839351088396,[ 4  2  8 96 24 64 64 24 24 16  1  2  1  8  2 32  4 32  2]
0.002112708749684629,[ 4  2  8 64 16 64 64 24 24 16  1  2  1  8  2 16  8 32  2]
0.0021107523734412805,[ 4  2  8 64 16 64 64 24 24 16  1  2  1  8  2 32  8 16  2]
0.002108518293645857,[ 4  2  8 96 24 64 64 16 16 16  1  2  1  8  2 32  4 32  2]
0.002107874733574066,[ 4  2  8 64 24 64 64 24 24 16  1  2  1  8  2 32  8 16  2]
0.002097328359956124,[ 4  2  8 64 24 64 64 24 24 16  1  2  1  8  2 16  8 32  2]
0.0020920289428419487,[ 4  2  8 64 24 64 64 16 16 16  1  2  1  8  2 32  8 16  2]
0.002091646501754601,[ 4  2  8 96 24 64 64 24 24 16  1  2  1  8  2 32  2 32  2]
0.0020914853170045794,[ 4  2  8 64 16 64 64 24 24 16  1  2  1  8  2  8  4 32  2]
0.0020898239999828693,[ 4  2  8 64 32 64 64 16 16 16  1  2  1  8  2 32  4 32  2]
0.002085897921698416,[ 4  2  8 64 32 64 64 24 24 16  1  2  1  8  2 16  4 32  2]
0.002081457400520667,[ 4  2  8 96 24 64 64 16 16 16  1  2  1  8  2 32  2 32  2]
0.0020767922111441487,[ 4  2  8 64 24 64 64 24 24 16  1  2  1  8  2  8  4 32  2]
0.002066495716191005,[ 4  2  8 64 16 64 64 24 24 16  1  2  1  8  2  8  2 32  2]
0.0020629903371586255,[ 4  2  8 64 16 64 64 16 16 16  1  2  1  8  2 32  8  8  2]
0.002061631378264278,[ 4  2  8 64 32 64 64 16 16 16  1  2  1  8  2 32  2 32  2]
0.0020591967486518494,[ 4  2  8 64 32 64 64 24 24 16  1  2  1  8  2 16  2 32  2]
0.002053097641684097,[ 4  2  8 64 16 64 64 16 16 16  1  2  1  8  2 16  4 32  2]
0.0020514217998360614,[ 4  2  8 64 24 64 64 24 24 16  1  2  1  8  2  8  2 32  2]
0.002046007752542121,[ 4  2  8 96 24 64 64 24 24 16  1  2  1  8  2  8  4 32  2]
0.0020399295133800427,[ 4  2  8 64 24 64 64 24 24 16  1  3  1  8  2 16  4 32  2]
0.0020353970922587245,[ 4  2  8 96 16 64 64 24 24 16  1  2  1  8  2  8  2 32  2]
0.0020287563540032235,[ 4  2  8 64 16 64 64 24 24 16  1  3  1  8  2 16  4 32  2]
0.0020277550118734545,[ 4  2  8 64 16 64 64 24 24 16  1  2  1  8  2  8  8 32  2]
0.0020268917208596097,[ 4  2  8 64 16 64 64 16 16 16  1  2  1  8  2 16  2 32  2]
0.0020256228490279694,[ 4  2  8 64 32 64 64 24 24 16  1  2  1  8  2 16  8 32  2]
0.0020231698756281082,[ 4  2  8 96 16 64 64 24 24 16  1  2  1  8  2 32  8 32  2]
