[INFO]: microarchitecture: tensor([[2., 5., 0., 1., 1., 9.]]), metric: tensor([[0.8224, 0.1938, 4.9073]])
[INFO]: microarchitecture: tensor([[1., 1., 0., 1., 1., 2.]]), metric: tensor([[0.7427, 0.1932, 4.9427]])
[INFO]: microarchitecture: tensor([[2., 5., 0., 1., 1., 9.]]), metric: tensor([[0.8224, 0.1938, 4.9073]])
[INFO]: microarchitecture: tensor([[0., 0., 0., 0., 1., 7.]]), metric: tensor([[0.6551, 0.1945, 4.9061]])
[INFO]: microarchitecture: tensor([[2., 5., 0., 1., 1., 9.]]), metric: tensor([[0.8224, 0.1938, 4.9073]])
[INFO]: microarchitecture: tensor([[2., 5., 0., 1., 1., 9.]]), metric: tensor([[0.8224, 0.1938, 4.9073]])
[INFO]: microarchitecture: tensor([[1., 1., 0., 1., 1., 2.]]), metric: tensor([[0.7427, 0.1932, 4.9427]])
[INFO]: microarchitecture: tensor([[2., 5., 0., 1., 1., 9.]]), metric: tensor([[0.8224, 0.1938, 4.9073]])
[INFO]: microarchitecture: tensor([[2., 1., 1., 2., 1., 0.]]), metric: tensor([[0.8236, 0.1937, 4.7283]])
[INFO]: microarchitecture: tensor([[4., 5., 1., 2., 1., 5.]]), metric: tensor([[0.8233, 0.1920, 4.7539]])
[INFO]: microarchitecture: tensor([[0., 0., 1., 2., 0., 4.]]), metric: tensor([[0.6525, 0.1963, 4.5258]])
[INFO]: microarchitecture: tensor([[3., 2., 1., 0., 0., 4.]]), metric: tensor([[0.8224, 0.1882, 4.5064]])
[INFO]: microarchitecture: tensor([[4., 0., 0., 1., 0., 3.]]), metric: tensor([[0.8171, 0.1948, 4.6462]])
[INFO]: microarchitecture: tensor([[3., 5., 1., 1., 0., 9.]]), metric: tensor([[0.8248, 0.1882, 4.6140]])
[INFO]: microarchitecture: tensor([[4., 5., 0., 2., 1., 0.]]), metric: tensor([[0.8313, 0.1927, 4.8673]])
[INFO]: microarchitecture: tensor([[4., 5., 0., 2., 1., 7.]]), metric: tensor([[0.8281, 0.1924, 4.8733]])
[INFO]: microarchitecture: tensor([[4., 3., 1., 1., 1., 0.]]), metric: tensor([[0.8313, 0.1922, 4.7156]])
[INFO]: microarchitecture: tensor([[3., 5., 0., 0., 1., 2.]]), metric: tensor([[0.7398, 0.1870, 4.9337]])
[INFO]: microarchitecture: tensor([[3., 2., 1., 2., 0., 5.]]), metric: tensor([[0.8256, 0.1886, 4.6055]])
[INFO]: microarchitecture: tensor([[0., 5., 1., 0., 1., 4.]]), metric: tensor([[0.6677, 0.1941, 4.6703]])
[INFO]: microarchitecture: tensor([[2., 3., 1., 1., 0., 0.]]), metric: tensor([[0.8312, 0.1954, 4.5661]])
[INFO]: microarchitecture: tensor([[1., 4., 0., 0., 0., 9.]]), metric: tensor([[0.8248, 0.1941, 4.7557]])
[INFO]: microarchitecture: tensor([[1., 5., 1., 2., 0., 3.]]), metric: tensor([[0.8222, 0.1942, 4.5191]])
[INFO]: microarchitecture: tensor([[4., 3., 0., 2., 0., 7.]]), metric: tensor([[0.8281, 0.1944, 4.7048]])
[INFO]: microarchitecture: tensor([[4., 0., 1., 0., 1., 0.]]), metric: tensor([[0.8238, 0.1919, 4.7355]])
[INFO]: microarchitecture: tensor([[1., 1., 1., 0., 1., 3.]]), metric: tensor([[0.8148, 0.1925, 4.6877]])
[INFO]: microarchitecture: tensor([[3., 2., 1., 0., 1., 1.]]), metric: tensor([[0.8144, 0.1868, 4.7345]])
[INFO]: microarchitecture: tensor([[4., 0., 0., 1., 1., 9.]]), metric: tensor([[0.8173, 0.1925, 4.9248]])
[INFO]: microarchitecture: tensor([[4., 0., 1., 0., 1., 9.]]), metric: tensor([[0.8175, 0.1918, 4.7874]])
[INFO]: microarchitecture: tensor([[4., 0., 1., 0., 1., 1.]]), metric: tensor([[0.8195, 0.1921, 4.7338]])
[INFO]: microarchitecture: tensor([[0., 3., 1., 0., 0., 0.]]), metric: tensor([[0.6541, 0.1957, 4.5787]])
[INFO]: microarchitecture: tensor([[2., 5., 0., 1., 1., 1.]]), metric: tensor([[0.8134, 0.1944, 4.8605]])
[INFO]: microarchitecture: tensor([[1., 0., 1., 2., 0., 1.]]), metric: tensor([[0.8142, 0.1942, 4.5687]])
[INFO]: microarchitecture: tensor([[3., 5., 0., 0., 1., 2.]]), metric: tensor([[0.7398, 0.1870, 4.9337]])
[INFO]: microarchitecture: tensor([[2., 3., 1., 1., 1., 0.]]), metric: tensor([[0.8312, 0.1937, 4.7176]])
[INFO]: microarchitecture: tensor([[3., 0., 0., 1., 1., 0.]]), metric: tensor([[0.8237, 0.1874, 4.8654]])
[INFO]: microarchitecture: tensor([[1., 2., 0., 0., 1., 0.]]), metric: tensor([[0.8313, 0.1924, 4.8894]])
[INFO]: microarchitecture: tensor([[2., 2., 0., 0., 1., 8.]]), metric: tensor([[0.8194, 0.1936, 4.9336]])
[INFO]: microarchitecture: tensor([[2., 5., 1., 1., 1., 1.]]), metric: tensor([[0.8134, 0.1940, 4.7100]])
[INFO]: microarchitecture: tensor([[1., 0., 0., 1., 1., 9.]]), metric: tensor([[0.8172, 0.1928, 4.9263]])
[INFO]: microarchitecture: tensor([[4., 0., 0., 0., 1., 8.]]), metric: tensor([[0.8195, 0.1920, 4.9334]])
[INFO]: microarchitecture: tensor([[4., 2., 0., 1., 1., 0.]]), metric: tensor([[0.8313, 0.1928, 4.8732]])
[INFO]: microarchitecture: tensor([[1., 2., 1., 0., 1., 1.]]), metric: tensor([[0.8143, 0.1925, 4.7423]])
[INFO]: microarchitecture: tensor([[1., 0., 0., 0., 1., 0.]]), metric: tensor([[0.8237, 0.1924, 4.8885]])
[INFO]: microarchitecture: tensor([[3., 0., 0., 2., 1., 0.]]), metric: tensor([[0.8237, 0.1874, 4.8689]])
[INFO]: microarchitecture: tensor([[2., 0., 1., 1., 1., 0.]]), metric: tensor([[0.8236, 0.1937, 4.7205]])
[INFO]: microarchitecture: tensor([[3., 4., 0., 2., 1., 8.]]), metric: tensor([[0.8194, 0.1872, 4.9090]])
[INFO]: microarchitecture: tensor([[3., 1., 0., 0., 1., 7.]]), metric: tensor([[0.8206, 0.1867, 4.8920]])
[INFO]: microarchitecture: tensor([[4., 1., 1., 0., 1., 1.]]), metric: tensor([[0.8144, 0.1921, 4.7392]])
[INFO]: microarchitecture: tensor([[0., 1., 0., 2., 1., 0.]]), metric: tensor([[0.6574, 0.1952, 4.8946]])
[INFO]: microarchitecture: tensor([[1., 1., 1., 2., 0., 0.]]), metric: tensor([[0.8236, 0.1940, 4.5748]])
[INFO]: microarchitecture: tensor([[4., 1., 0., 2., 1., 1.]]), metric: tensor([[0.8143, 0.1931, 4.8760]])
[INFO]: microarchitecture: tensor([[0., 5., 0., 2., 1., 2.]]), metric: tensor([[0.5973, 0.1954, 4.9507]])
[INFO]: microarchitecture: tensor([[1., 0., 0., 0., 1., 0.]]), metric: tensor([[0.8237, 0.1924, 4.8885]])
