1.223208 0.063850 2.206640
1.236047 0.076300 3.001883
1.322215 0.075675 4.013930
1.136477 0.057250 2.251047
1.122773 0.057800 2.237243
1.258666 0.063200 3.449793
1.304318 0.082500 3.389322
1.117146 0.056625 2.583516
1.300858 0.071500 3.696636
0.948047 0.039725 1.757620
1.109429 0.056700 1.988956
0.767220 0.044125 1.634361
0.958136 0.044375 1.762441
1.684074 0.097075 4.275179
1.604264 0.093500 3.838504
1.286519 0.067025 3.549021
1.223447 0.058900 2.560708
1.049184 0.043250 1.889764
0.958004 0.040800 1.678502
1.387405 0.085275 3.005209
0.660081 0.039075 1.641392
0.734137 0.040875 1.565454
0.768548 0.044475 1.654937
