0.823575 0.005005 0.461035
0.838229 0.005288 0.832037
0.829693 0.003753 0.524692
0.838287 0.006332 0.670274
0.641285 0.004470 0.407932
0.808827 0.004743 0.499165
0.631321 0.002927 0.682387
0.629087 0.002960 0.441256
0.816204 0.005363 0.290114
0.830813 0.005092 0.505537
0.833079 0.005365 0.629169
0.837137 0.004740 0.762279
0.827663 0.006135 0.365852
0.834411 0.007990 0.397503
0.836859 0.006780 0.474396
0.838520 0.007820 0.602657
0.622109 0.003925 0.308098
0.622122 0.002605 0.505869
0.834425 0.004650 0.734369
0.838178 0.005390 0.594771
0.837347 0.008293 0.573308
0.838520 0.007942 0.598619
0.766088 0.003322 0.419963
0.831190 0.006322 0.482415
0.831305 0.007604 0.310602
0.819424 0.006431 0.266446
0.819519 0.008023 0.266603
0.831285 0.007197 0.326757
0.820638 0.013257 0.307952
0.657445 0.004790 0.305394
0.597291 0.004601 0.249256
