[INFO]: microarchitecture: tensor([[ 0.,  4.,  4.,  8.,  1., 80.,  2.,  6.,  6.,  0.]]), metric: tensor([[1.6102, 1.3144, 0.9676]])
[INFO]: microarchitecture: tensor([[ 1.,  4.,  8., 10.,  1., 52.,  6., 10.,  9.,  1.]]), metric: tensor([[1.5480, 2.5032, 0.7907]])
[INFO]: microarchitecture: tensor([[  2.,   4.,   0.,  12.,   1., 118.,   5.,   2.,   7.,   1.]]), metric: tensor([[1.3380, 1.1345, 0.7396]])
[INFO]: microarchitecture: tensor([[ 0.,  4.,  0., 16.,  1., 80.,  5.,  6.,  1.,  2.]]), metric: tensor([[1.6022, 1.3984, 0.8792]])
[INFO]: microarchitecture: tensor([[  2.,   4.,   1.,  10.,   1., 105.,   6.,  10.,   6.,   4.]]), metric: tensor([[1.4092, 1.0126, 0.7851]])
[INFO]: microarchitecture: tensor([[  1.,   4.,   5.,  12.,   1., 128.,   9.,  10.,   0.,   2.]]), metric: tensor([[1.5587, 1.1414, 0.8174]])
[INFO]: microarchitecture: tensor([[ 0.,  4.,  3.,  8.,  1., 32., 11.,  0.,  7.,  4.]]), metric: tensor([[1.5727, 2.6502, 0.9634]])
[INFO]: microarchitecture: tensor([[ 1.,  4.,  9., 16.,  1., 96.,  5.,  1.,  9.,  3.]]), metric: tensor([[1.3266, 1.3562, 0.7831]])
[INFO]: microarchitecture: tensor([[ 1.,  4.,  5., 12.,  1., 80., 12.,  0.,  5.,  1.]]), metric: tensor([[1.4738, 4.1199, 0.6291]])
[INFO]: microarchitecture: tensor([[ 0.,  4.,  9., 22.,  1., 36.,  2.,  4.,  3.,  4.]]), metric: tensor([[1.6307, 1.6422, 0.9639]])
[INFO]: microarchitecture: tensor([[ 0.,  4.,  5., 12.,  1., 84.,  2.,  4.,  9.,  2.]]), metric: tensor([[1.5717, 1.3962, 0.9682]])
[INFO]: microarchitecture: tensor([[ 1.,  4.,  0., 22.,  1., 92.,  5.,  1.,  5.,  2.]]), metric: tensor([[1.4700, 2.5090, 0.7374]])
[INFO]: microarchitecture: tensor([[  0.,   4.,   4.,   6.,   1., 100.,  12.,   9.,   2.,   4.]]), metric: tensor([[1.5340, 2.2775, 0.9204]])
[INFO]: microarchitecture: tensor([[ 2.,  4., 10., 22.,  1., 84.,  6., 11.,  1.,  4.]]), metric: tensor([[1.4461, 3.0283, 0.8864]])
[INFO]: microarchitecture: tensor([[ 1.,  4.,  4., 20.,  1., 36.,  3.,  5.,  5.,  3.]]), metric: tensor([[1.5260, 2.6938, 1.0135]])
[INFO]: microarchitecture: tensor([[  1.,   4.,   9.,  10.,   1., 110.,   8.,   4.,   6.,   0.]]), metric: tensor([[1.4448, 1.0227, 0.6843]])
[INFO]: microarchitecture: tensor([[  2.,   4.,   0.,  16.,   1., 128.,   9.,  10.,   3.,   2.]]), metric: tensor([[1.3985, 1.2257, 0.8719]])
[INFO]: microarchitecture: tensor([[ 2.,  4., 11., 20.,  1., 64.,  5.,  3.,  7.,  2.]]), metric: tensor([[1.2554, 2.6006, 0.8126]])
[INFO]: microarchitecture: tensor([[ 1.,  4.,  0., 18.,  1., 32., 12.,  1.,  7.,  2.]]), metric: tensor([[1.5610, 3.2243, 0.7610]])
[INFO]: microarchitecture: tensor([[ 1.,  4.,  2.,  8.,  1., 80.,  4.,  0.,  1.,  2.]]), metric: tensor([[1.5316, 2.2983, 0.7512]])
[INFO]: microarchitecture: tensor([[  1.,   4.,  11.,  16.,   1., 100.,   7.,   4.,   7.,   0.]]), metric: tensor([[1.5700, 1.0972, 0.7046]])
[INFO]: microarchitecture: tensor([[ 0.,  4.,  3., 16.,  1., 92.,  5.,  4.,  1.,  4.]]), metric: tensor([[1.4713, 1.2571, 0.8482]])
[INFO]: microarchitecture: tensor([[  1.,   4.,   3.,  14.,   1., 120.,   7.,  11.,   3.,   3.]]), metric: tensor([[1.4855, 1.3399, 1.0030]])
[INFO]: microarchitecture: tensor([[  1.,   4.,  10.,  14.,   1., 128.,   3.,  11.,   7.,   2.]]), metric: tensor([[1.5083, 1.2684, 0.9782]])
[INFO]: microarchitecture: tensor([[  2.,   4.,   0.,  18.,   1., 128.,   2.,  10.,   2.,   0.]]), metric: tensor([[1.4483, 1.4894, 0.9133]])
[INFO]: microarchitecture: tensor([[ 0.,  4., 10.,  6.,  1., 32., 10., 10.,  7.,  1.]]), metric: tensor([[1.5675, 1.5915, 0.9367]])
[INFO]: microarchitecture: tensor([[ 2.,  4., 10., 12.,  1., 96.,  5.,  5.,  1.,  0.]]), metric: tensor([[1.3405, 1.0833, 0.6843]])
[INFO]: microarchitecture: tensor([[  1.,   4.,   0.,   6.,   1., 130.,   0.,   7.,   1.,   3.]]), metric: tensor([[1.5130, 1.1407, 0.7951]])
[INFO]: microarchitecture: tensor([[  1.,   4.,   1.,  14.,   1., 128.,   6.,   4.,   3.,   3.]]), metric: tensor([[1.5260, 1.1764, 0.8654]])
[INFO]: microarchitecture: tensor([[ 1.,  4.,  2.,  8.,  1., 64.,  1.,  5.,  6.,  4.]]), metric: tensor([[1.5336, 2.0772, 0.7497]])
real    1190m34.493s
user    2428m53.193s
sys     391m59.181s
