[INFO]: microarchitecture: tensor([[ 0.,  4.,  4.,  8.,  1., 80.,  2.,  6.,  6.,  0.]]), metric: tensor([[1.7136, 1.3144, 0.9676]])
[INFO]: microarchitecture: tensor([[ 1.,  4.,  8., 10.,  1., 52.,  6., 10.,  9.,  1.]]), metric: tensor([[1.5480, 2.5032, 0.7907]])
[INFO]: microarchitecture: tensor([[ 0.,  4.,  0., 10.,  1., 52., 12.,  7.,  4.,  3.]]), metric: tensor([[1.7321, 2.8466, 1.0048]])
[INFO]: microarchitecture: tensor([[  2.,   4.,   3.,  16.,   1., 120.,   6.,  10.,   0.,   2.]]), metric: tensor([[1.3656, 1.1989, 0.8622]])
[INFO]: microarchitecture: tensor([[  2.,   4.,   1.,  10.,   1., 105.,   6.,  10.,   6.,   4.]]), metric: tensor([[1.4092, 1.0126, 0.7851]])
[INFO]: microarchitecture: tensor([[ 1.,  4.,  8., 22.,  1., 30.,  5.,  0.,  2.,  4.]]), metric: tensor([[1.3642, 2.5298, 0.6725]])
[INFO]: microarchitecture: tensor([[ 2.,  4.,  0., 10.,  1., 64.,  3.,  3.,  6.,  2.]]), metric: tensor([[1.4472, 2.4237, 0.9184]])
[INFO]: microarchitecture: tensor([[ 2.,  4.,  1.,  6.,  1., 80., 10.,  6.,  0.,  2.]]), metric: tensor([[1.4145, 2.6549, 0.7949]])
[INFO]: microarchitecture: tensor([[  2.,   4.,   5.,   8.,   1., 110.,   2.,  10.,   7.,   0.]]), metric: tensor([[1.5824, 1.1494, 0.8664]])
[INFO]: microarchitecture: tensor([[ 0.,  4.,  1., 18.,  1., 80.,  9., 11.,  3.,  3.]]), metric: tensor([[1.6399, 2.2688, 1.1216]])
[INFO]: microarchitecture: tensor([[  1.,   4.,   0.,  18.,   1., 105.,   2.,   7.,   6.,   2.]]), metric: tensor([[1.5320, 1.4215, 0.9168]])
[INFO]: microarchitecture: tensor([[  0.,   4.,   0.,  10.,   1., 100.,   8.,   7.,   6.,   1.]]), metric: tensor([[1.7680, 1.1152, 0.8933]])
[INFO]: microarchitecture: tensor([[ 2.,  4.,  4., 12.,  1., 36.,  6.,  4.,  4.,  2.]]), metric: tensor([[1.3725, 2.7399, 0.8391]])
[INFO]: microarchitecture: tensor([[ 1.,  4., 12., 12.,  1., 80.,  4.,  9.,  0.,  4.]]), metric: tensor([[1.5017, 2.3247, 0.7799]])
[INFO]: microarchitecture: tensor([[  0.,   4.,   3.,  18.,   1., 100.,   8.,  10.,   8.,   0.]]), metric: tensor([[1.7695, 1.6374, 0.9881]])
[INFO]: microarchitecture: tensor([[  1.,   4.,   9.,  10.,   1., 110.,   8.,   4.,   6.,   0.]]), metric: tensor([[1.5451, 1.0227, 0.6843]])
[INFO]: microarchitecture: tensor([[  0.,   4.,   4.,  14.,   1., 110.,   5.,   9.,   2.,   0.]]), metric: tensor([[1.5562, 1.3637, 0.9364]])
[INFO]: microarchitecture: tensor([[  1.,   4.,  13.,  20.,   1., 134.,   1.,   4.,   5.,   1.]]), metric: tensor([[1.4583, 1.2435, 0.7583]])
[INFO]: microarchitecture: tensor([[ 1.,  4.,  5., 20.,  1., 36.,  0.,  9.,  0.,  0.]]), metric: tensor([[1.6676, 2.5391, 0.7823]])
[INFO]: microarchitecture: tensor([[ 2.,  4.,  6., 16.,  1., 36.,  5.,  0.,  6.,  3.]]), metric: tensor([[1.3282, 2.5966, 0.7929]])
[INFO]: microarchitecture: tensor([[ 0.,  4.,  0., 16.,  1., 64., 12.,  6.,  0.,  0.]]), metric: tensor([[1.7491, 2.6984, 0.8538]])
[INFO]: microarchitecture: tensor([[ 0.,  4.,  3., 16.,  1., 92.,  5.,  4.,  1.,  4.]]), metric: tensor([[1.4526, 1.2571, 0.8482]])
[INFO]: microarchitecture: tensor([[ 1.,  4.,  6., 12.,  1., 84.,  6.,  3.,  1.,  0.]]), metric: tensor([[1.6869, 2.6748, 0.8156]])
[INFO]: microarchitecture: tensor([[  1.,   4.,  10.,  14.,   1., 128.,   3.,  11.,   7.,   2.]]), metric: tensor([[1.5083, 1.2684, 0.9782]])
[INFO]: microarchitecture: tensor([[ 2.,  4.,  8., 22.,  1., 30.,  5.,  8.,  9.,  4.]]), metric: tensor([[1.4151, 2.5368, 0.8047]])
[INFO]: microarchitecture: tensor([[  0.,   4.,  11.,  18.,   1., 100.,   5.,   3.,   0.,   3.]]), metric: tensor([[1.3712, 1.7116, 0.9283]])
[INFO]: microarchitecture: tensor([[ 0.,  4.,  8., 22.,  1., 36.,  4.,  5.,  9.,  1.]]), metric: tensor([[1.5505, 1.4483, 0.9259]])
[INFO]: microarchitecture: tensor([[  1.,   4.,   0.,   6.,   1., 130.,   0.,   7.,   1.,   3.]]), metric: tensor([[1.5130, 1.1407, 0.7951]])
[INFO]: microarchitecture: tensor([[  1.,   4.,   1.,  14.,   1., 128.,   6.,   4.,   3.,   3.]]), metric: tensor([[1.5260, 1.1764, 0.8654]])
[INFO]: microarchitecture: tensor([[ 1.,  4.,  2.,  8.,  1., 64.,  1.,  5.,  6.,  4.]]), metric: tensor([[1.5336, 2.0772, 0.7497]])
