4.0,2.0,8.0,130.0,16.0,48.0,48.0,8.0,8.0,8.0,1.0,5.0,1.0,8.0,8.0,32.0,2.0,8.0,2.0,0.8314944444444444,0.593
4.0,2.0,8.0,128.0,24.0,48.0,48.0,8.0,8.0,12.0,2.0,5.0,2.0,2.0,4.0,32.0,2.0,32.0,2.0,0.8766166666666667,0.6205
8.0,2.0,16.0,96.0,32.0,48.0,48.0,8.0,8.0,12.0,1.0,1.0,1.0,4.0,4.0,8.0,2.0,16.0,4.0,0.8725055555555555,0.6900000000000001
8.0,3.0,24.0,96.0,32.0,48.0,48.0,32.0,32.0,16.0,2.0,2.0,2.0,2.0,4.0,8.0,4.0,8.0,4.0,0.8679555555555556,0.9485
4.0,3.0,24.0,96.0,24.0,80.0,80.0,32.0,32.0,16.0,1.0,2.0,1.0,2.0,4.0,8.0,2.0,32.0,2.0,0.8177111111111112,0.7430000000000001
4.0,3.0,24.0,96.0,24.0,64.0,64.0,8.0,8.0,16.0,1.0,2.0,1.0,4.0,2.0,16.0,2.0,8.0,2.0,0.8429944444444445,0.6265
8.0,3.0,24.0,96.0,32.0,48.0,48.0,8.0,8.0,20.0,1.0,2.0,1.0,2.0,2.0,16.0,2.0,32.0,4.0,0.8854888888888889,0.7845
4.0,2.0,40.0,32.0,16.0,112.0,112.0,32.0,32.0,12.0,1.0,2.0,1.0,4.0,4.0,16.0,8.0,32.0,2.0,0.8366277777777777,1.0405
4.0,3.0,24.0,96.0,24.0,48.0,48.0,16.0,16.0,20.0,1.0,5.0,1.0,4.0,8.0,16.0,2.0,8.0,2.0,0.8416,0.711
8.0,3.0,24.0,96.0,16.0,96.0,96.0,24.0,24.0,20.0,1.0,2.0,1.0,8.0,2.0,8.0,8.0,32.0,4.0,0.7717666666666667,1.0765
4.0,3.0,24.0,96.0,32.0,96.0,96.0,32.0,32.0,20.0,2.0,5.0,2.0,8.0,4.0,8.0,8.0,32.0,2.0,0.7667833333333334,0.9975
8.0,2.0,40.0,32.0,16.0,112.0,112.0,8.0,8.0,8.0,2.0,1.0,2.0,4.0,2.0,32.0,8.0,8.0,4.0,0.8647777777777778,0.7775
8.0,2.0,16.0,32.0,16.0,96.0,96.0,8.0,8.0,16.0,2.0,1.0,2.0,2.0,2.0,8.0,2.0,32.0,4.0,0.8860111111111111,0.778
8.0,3.0,24.0,96.0,32.0,48.0,48.0,8.0,8.0,20.0,1.0,2.0,1.0,8.0,8.0,8.0,2.0,32.0,4.0,0.8366444444444444,0.8119999999999999
4.0,2.0,24.0,32.0,32.0,112.0,112.0,8.0,8.0,16.0,2.0,1.0,2.0,4.0,2.0,16.0,8.0,8.0,2.0,0.8654055555555555,0.6659999999999999
8.0,3.0,24.0,96.0,32.0,48.0,48.0,32.0,32.0,20.0,1.0,2.0,1.0,2.0,2.0,32.0,2.0,16.0,4.0,0.8697166666666667,0.9215
4.0,3.0,24.0,96.0,16.0,80.0,80.0,32.0,32.0,16.0,1.0,3.0,1.0,2.0,4.0,8.0,2.0,8.0,2.0,0.8184111111111111,0.7525000000000002
4.0,3.0,24.0,96.0,24.0,48.0,48.0,16.0,16.0,20.0,2.0,2.0,2.0,4.0,8.0,16.0,4.0,16.0,2.0,0.8473277777777778,0.7300000000000001
4.0,3.0,24.0,96.0,24.0,64.0,64.0,32.0,32.0,20.0,1.0,2.0,1.0,8.0,8.0,32.0,8.0,32.0,2.0,0.7761277777777777,0.8085
4.0,2.0,32.0,32.0,32.0,96.0,96.0,8.0,8.0,12.0,2.0,1.0,2.0,4.0,8.0,16.0,8.0,8.0,2.0,0.8634111111111111,0.6390000000000001
4.0,3.0,24.0,96.0,32.0,96.0,96.0,8.0,8.0,20.0,1.0,4.0,1.0,2.0,8.0,32.0,4.0,32.0,2.0,0.8612944444444445,0.7430000000000001
4.0,2.0,40.0,32.0,32.0,96.0,96.0,8.0,8.0,20.0,2.0,5.0,2.0,4.0,2.0,16.0,2.0,32.0,2.0,0.8471333333333333,0.7164999999999999
4.0,3.0,24.0,96.0,16.0,96.0,96.0,32.0,32.0,20.0,2.0,4.0,2.0,4.0,2.0,8.0,8.0,32.0,2.0,0.8072888888888888,0.9625
4.0,3.0,24.0,96.0,24.0,64.0,64.0,16.0,16.0,8.0,1.0,2.0,1.0,4.0,2.0,32.0,2.0,32.0,2.0,0.8187444444444445,0.595
8.0,3.0,24.0,96.0,24.0,64.0,64.0,32.0,32.0,16.0,1.0,4.0,1.0,8.0,8.0,32.0,2.0,16.0,4.0,0.7660666666666667,0.9355
4.0,3.0,24.0,96.0,16.0,64.0,64.0,8.0,8.0,16.0,2.0,4.0,2.0,8.0,2.0,8.0,8.0,8.0,2.0,0.8101555555555555,0.7335
8.0,3.0,24.0,96.0,24.0,96.0,96.0,16.0,16.0,16.0,2.0,4.0,2.0,2.0,8.0,32.0,2.0,16.0,4.0,0.8143611111111111,0.9445000000000001
4.0,3.0,24.0,96.0,24.0,48.0,48.0,16.0,16.0,8.0,1.0,2.0,1.0,2.0,4.0,16.0,2.0,32.0,2.0,0.8691611111111112,0.5635
8.0,3.0,24.0,96.0,24.0,80.0,80.0,24.0,24.0,8.0,2.0,4.0,2.0,2.0,8.0,8.0,2.0,32.0,4.0,0.8274666666666667,0.8705
8.0,3.0,24.0,96.0,32.0,80.0,80.0,8.0,8.0,12.0,2.0,5.0,2.0,2.0,2.0,16.0,2.0,32.0,4.0,0.8721611111111112,0.845
8.0,3.0,24.0,96.0,16.0,64.0,64.0,24.0,24.0,12.0,2.0,4.0,2.0,8.0,8.0,16.0,8.0,32.0,4.0,0.7882222222222223,0.9504999999999999
4.0,3.0,24.0,96.0,16.0,112.0,112.0,32.0,32.0,8.0,2.0,4.0,2.0,2.0,4.0,16.0,4.0,32.0,2.0,0.8156611111111111,0.8115
4.0,2.0,8.0,130.0,24.0,48.0,48.0,32.0,32.0,16.0,2.0,5.0,2.0,8.0,2.0,32.0,8.0,16.0,2.0,0.8099444444444445,0.751
4.0,3.0,24.0,96.0,32.0,80.0,80.0,8.0,8.0,20.0,2.0,3.0,2.0,2.0,8.0,32.0,2.0,8.0,2.0,0.8586388888888888,0.7585
8.0,3.0,24.0,96.0,24.0,64.0,64.0,32.0,32.0,16.0,2.0,3.0,2.0,2.0,8.0,16.0,2.0,8.0,4.0,0.8116111111111111,1.1149999999999998
4.0,3.0,24.0,96.0,24.0,64.0,64.0,32.0,32.0,12.0,2.0,4.0,2.0,8.0,2.0,32.0,4.0,16.0,2.0,0.77715,0.8345
4.0,3.0,24.0,96.0,32.0,96.0,96.0,8.0,8.0,8.0,1.0,4.0,1.0,4.0,2.0,8.0,4.0,32.0,2.0,0.8426555555555556,0.613
4.0,3.0,24.0,96.0,16.0,96.0,96.0,32.0,32.0,20.0,2.0,2.0,2.0,4.0,4.0,16.0,8.0,8.0,2.0,0.79395,0.9415000000000001
4.0,3.0,24.0,96.0,24.0,64.0,64.0,32.0,32.0,8.0,1.0,2.0,1.0,2.0,4.0,32.0,2.0,16.0,2.0,0.8190944444444445,0.6479999999999999
4.0,2.0,16.0,128.0,16.0,48.0,48.0,16.0,16.0,12.0,1.0,5.0,1.0,4.0,8.0,32.0,2.0,16.0,2.0,0.8386666666666667,0.6265000000000001
4.0,3.0,24.0,96.0,16.0,96.0,96.0,16.0,16.0,20.0,2.0,4.0,2.0,2.0,8.0,16.0,4.0,8.0,2.0,0.8152111111111111,0.8374999999999999
4.0,2.0,16.0,130.0,32.0,48.0,48.0,32.0,32.0,20.0,1.0,1.0,1.0,4.0,4.0,32.0,2.0,8.0,2.0,0.8519166666666667,0.6425000000000001
4.0,3.0,24.0,96.0,24.0,80.0,80.0,24.0,24.0,20.0,2.0,2.0,2.0,2.0,8.0,32.0,2.0,32.0,2.0,0.81495,0.8185
8.0,3.0,24.0,96.0,32.0,64.0,64.0,32.0,32.0,12.0,1.0,1.0,1.0,8.0,8.0,32.0,2.0,32.0,4.0,0.7857777777777778,0.8734999999999999
8.0,2.0,40.0,32.0,32.0,80.0,80.0,8.0,8.0,16.0,1.0,2.0,1.0,2.0,8.0,8.0,8.0,32.0,4.0,0.8730555555555556,0.7894999999999999
8.0,3.0,24.0,96.0,32.0,64.0,64.0,8.0,8.0,20.0,1.0,2.0,1.0,2.0,2.0,32.0,2.0,16.0,4.0,0.8659277777777777,0.8200000000000001
8.0,3.0,24.0,96.0,16.0,64.0,64.0,24.0,24.0,16.0,2.0,4.0,2.0,4.0,4.0,16.0,8.0,8.0,4.0,0.8759666666666667,0.9584999999999999
8.0,3.0,24.0,96.0,32.0,80.0,80.0,24.0,24.0,12.0,2.0,4.0,2.0,2.0,2.0,16.0,4.0,32.0,4.0,0.84785,0.9085
4.0,3.0,24.0,96.0,24.0,80.0,80.0,32.0,32.0,20.0,2.0,4.0,2.0,4.0,8.0,16.0,2.0,16.0,2.0,0.7887555555555555,0.9425
4.0,3.0,24.0,96.0,16.0,48.0,48.0,16.0,16.0,8.0,1.0,2.0,1.0,4.0,8.0,8.0,8.0,32.0,2.0,0.8449777777777778,0.6014999999999999
8.0,2.0,40.0,32.0,32.0,112.0,112.0,16.0,16.0,8.0,2.0,5.0,2.0,8.0,8.0,32.0,2.0,16.0,4.0,0.80385,0.8474999999999999
8.0,3.0,24.0,96.0,16.0,48.0,48.0,16.0,16.0,16.0,1.0,5.0,1.0,8.0,8.0,32.0,8.0,16.0,4.0,0.8344722222222222,0.8840000000000001
4.0,2.0,24.0,128.0,24.0,48.0,48.0,32.0,32.0,8.0,2.0,4.0,2.0,2.0,4.0,16.0,2.0,16.0,2.0,0.8528944444444444,0.637
4.0,3.0,24.0,96.0,32.0,48.0,48.0,8.0,8.0,8.0,1.0,4.0,1.0,2.0,2.0,16.0,2.0,8.0,2.0,0.8962277777777777,0.5585
4.0,3.0,24.0,96.0,24.0,48.0,48.0,8.0,8.0,16.0,1.0,4.0,1.0,2.0,2.0,32.0,2.0,8.0,2.0,0.8822666666666666,0.6155
4.0,2.0,40.0,32.0,32.0,48.0,48.0,8.0,8.0,8.0,1.0,5.0,1.0,8.0,2.0,16.0,8.0,32.0,2.0,0.8249888888888889,0.5599999999999999
4.0,3.0,24.0,96.0,24.0,112.0,112.0,32.0,32.0,20.0,1.0,2.0,1.0,4.0,8.0,32.0,4.0,8.0,2.0,0.79605,0.8435000000000001
4.0,3.0,24.0,96.0,16.0,112.0,112.0,32.0,32.0,16.0,2.0,4.0,2.0,8.0,2.0,32.0,8.0,16.0,2.0,0.7735277777777778,0.9404999999999999
8.0,3.0,24.0,96.0,16.0,80.0,80.0,32.0,32.0,16.0,1.0,1.0,1.0,4.0,2.0,16.0,8.0,8.0,4.0,0.8185777777777777,0.9240000000000002
8.0,3.0,24.0,96.0,32.0,80.0,80.0,16.0,16.0,8.0,2.0,4.0,2.0,2.0,2.0,8.0,8.0,8.0,4.0,0.8556222222222222,0.855
4.0,3.0,24.0,96.0,16.0,80.0,80.0,8.0,8.0,16.0,2.0,4.0,2.0,8.0,8.0,16.0,2.0,16.0,2.0,0.8097,0.7575
4.0,3.0,24.0,96.0,32.0,64.0,64.0,32.0,32.0,12.0,1.0,2.0,1.0,4.0,8.0,8.0,4.0,32.0,2.0,0.7995833333333333,0.708
8.0,3.0,24.0,96.0,16.0,64.0,64.0,32.0,32.0,20.0,1.0,4.0,1.0,8.0,8.0,8.0,4.0,16.0,4.0,0.7655388888888889,0.9845000000000002
4.0,3.0,24.0,96.0,16.0,64.0,64.0,8.0,8.0,12.0,1.0,1.0,1.0,4.0,4.0,8.0,8.0,16.0,2.0,0.8645111111111111,0.66
4.0,3.0,24.0,96.0,32.0,80.0,80.0,16.0,16.0,16.0,2.0,4.0,2.0,8.0,2.0,16.0,8.0,16.0,2.0,0.7805944444444445,0.7979999999999999
8.0,3.0,24.0,96.0,16.0,80.0,80.0,16.0,16.0,12.0,1.0,4.0,1.0,8.0,8.0,16.0,8.0,16.0,4.0,0.7703611111111112,0.8940000000000001
8.0,3.0,24.0,96.0,32.0,112.0,112.0,16.0,16.0,16.0,1.0,2.0,1.0,2.0,8.0,8.0,2.0,32.0,4.0,0.8108444444444445,0.887
8.0,3.0,24.0,96.0,16.0,112.0,112.0,24.0,24.0,12.0,2.0,2.0,2.0,4.0,2.0,32.0,4.0,16.0,4.0,0.7965055555555556,0.9179999999999999
4.0,3.0,24.0,96.0,16.0,80.0,80.0,32.0,32.0,20.0,2.0,5.0,2.0,4.0,8.0,32.0,8.0,16.0,2.0,0.7894777777777777,0.9755
4.0,3.0,24.0,96.0,32.0,112.0,112.0,24.0,24.0,16.0,2.0,2.0,2.0,4.0,2.0,8.0,2.0,16.0,2.0,0.8078944444444445,0.7979999999999999
4.0,3.0,24.0,96.0,32.0,112.0,112.0,16.0,16.0,8.0,2.0,4.0,2.0,2.0,2.0,8.0,2.0,32.0,2.0,0.8341111111111111,0.7505000000000001
4.0,2.0,32.0,32.0,16.0,112.0,112.0,32.0,32.0,16.0,1.0,3.0,1.0,8.0,2.0,16.0,4.0,8.0,2.0,0.8114666666666667,0.696
8.0,3.0,24.0,96.0,24.0,48.0,48.0,8.0,8.0,12.0,2.0,2.0,2.0,8.0,8.0,16.0,2.0,16.0,4.0,0.8377611111111111,0.8115
8.0,3.0,24.0,96.0,32.0,96.0,96.0,16.0,16.0,12.0,1.0,4.0,1.0,4.0,4.0,16.0,4.0,8.0,4.0,0.8744555555555555,0.8599999999999999
8.0,3.0,24.0,96.0,16.0,64.0,64.0,24.0,24.0,20.0,1.0,2.0,1.0,2.0,8.0,16.0,8.0,16.0,4.0,0.8179722222222222,0.9315
8.0,3.0,24.0,96.0,16.0,96.0,96.0,16.0,16.0,12.0,2.0,2.0,2.0,2.0,2.0,8.0,2.0,8.0,4.0,0.8356222222222223,0.8525
8.0,3.0,24.0,96.0,16.0,96.0,96.0,24.0,24.0,20.0,2.0,4.0,2.0,2.0,2.0,16.0,4.0,8.0,4.0,0.8300666666666666,1.0050000000000001
4.0,3.0,24.0,96.0,32.0,112.0,112.0,24.0,24.0,16.0,2.0,5.0,2.0,8.0,2.0,16.0,2.0,16.0,2.0,0.7740333333333334,0.8574999999999999
8.0,3.0,24.0,96.0,16.0,80.0,80.0,24.0,24.0,12.0,2.0,2.0,2.0,8.0,8.0,16.0,2.0,8.0,4.0,0.7514277777777778,0.929
4.0,3.0,24.0,96.0,16.0,112.0,112.0,32.0,32.0,12.0,1.0,2.0,1.0,8.0,4.0,8.0,4.0,8.0,2.0,0.7745611111111111,0.746
4.0,2.0,24.0,32.0,16.0,112.0,112.0,16.0,16.0,12.0,1.0,5.0,1.0,4.0,2.0,32.0,2.0,32.0,2.0,0.8319222222222222,0.6225
4.0,3.0,24.0,96.0,16.0,80.0,80.0,32.0,32.0,8.0,1.0,4.0,1.0,8.0,2.0,32.0,8.0,16.0,2.0,0.7884111111111111,0.7089999999999999
4.0,3.0,24.0,96.0,32.0,48.0,48.0,16.0,16.0,8.0,1.0,4.0,1.0,8.0,2.0,8.0,8.0,8.0,2.0,0.829,0.618
4.0,2.0,24.0,32.0,16.0,96.0,96.0,32.0,32.0,8.0,2.0,1.0,2.0,2.0,2.0,8.0,4.0,16.0,2.0,0.8658222222222223,0.6074999999999999
4.0,2.0,24.0,32.0,24.0,80.0,80.0,32.0,32.0,12.0,1.0,2.0,1.0,2.0,2.0,8.0,4.0,32.0,2.0,0.8617611111111111,0.5995
8.0,3.0,24.0,96.0,32.0,96.0,96.0,32.0,32.0,12.0,1.0,4.0,1.0,4.0,8.0,32.0,8.0,8.0,4.0,0.7864333333333333,0.9440000000000002
4.0,2.0,32.0,32.0,16.0,96.0,96.0,16.0,16.0,20.0,1.0,5.0,1.0,4.0,2.0,32.0,2.0,32.0,2.0,0.8309611111111112,0.6884999999999999
4.0,2.0,32.0,32.0,32.0,48.0,48.0,16.0,16.0,16.0,2.0,4.0,2.0,2.0,2.0,32.0,2.0,8.0,2.0,0.8566666666666667,0.6245
8.0,2.0,40.0,32.0,32.0,48.0,48.0,32.0,32.0,16.0,2.0,2.0,2.0,2.0,2.0,32.0,8.0,32.0,4.0,0.8602944444444445,0.8274999999999999
4.0,2.0,40.0,32.0,16.0,64.0,64.0,16.0,16.0,16.0,2.0,3.0,2.0,8.0,4.0,8.0,2.0,32.0,2.0,0.8078166666666666,0.6659999999999999
4.0,2.0,40.0,32.0,32.0,48.0,48.0,16.0,16.0,20.0,1.0,1.0,1.0,2.0,2.0,8.0,4.0,8.0,2.0,0.8757888888888888,0.576
4.0,2.0,16.0,32.0,16.0,48.0,48.0,8.0,8.0,16.0,1.0,3.0,1.0,4.0,2.0,16.0,8.0,32.0,2.0,0.8607111111111111,0.5645
8.0,2.0,24.0,32.0,32.0,48.0,48.0,32.0,32.0,16.0,1.0,4.0,1.0,4.0,8.0,32.0,8.0,16.0,4.0,0.8386,0.8194999999999999
8.0,2.0,32.0,32.0,16.0,96.0,96.0,16.0,16.0,8.0,2.0,2.0,2.0,2.0,8.0,16.0,8.0,16.0,4.0,0.8552277777777778,0.8025
8.0,2.0,32.0,32.0,32.0,64.0,64.0,8.0,8.0,20.0,1.0,1.0,1.0,4.0,4.0,16.0,2.0,32.0,4.0,0.8664944444444445,0.7469999999999999
8.0,2.0,40.0,32.0,32.0,64.0,64.0,16.0,16.0,16.0,1.0,5.0,1.0,2.0,4.0,32.0,4.0,8.0,4.0,0.8621611111111112,0.785
8.0,3.0,24.0,96.0,32.0,112.0,112.0,16.0,16.0,16.0,2.0,4.0,2.0,2.0,2.0,32.0,8.0,8.0,4.0,0.8413,0.9634999999999999
8.0,3.0,24.0,96.0,32.0,96.0,96.0,16.0,16.0,8.0,1.0,4.0,1.0,8.0,4.0,32.0,4.0,16.0,4.0,0.8634388888888889,0.8194999999999999
4.0,2.0,32.0,64.0,32.0,112.0,112.0,8.0,8.0,12.0,1.0,5.0,1.0,2.0,2.0,16.0,8.0,32.0,2.0,0.8682111111111112,0.6379999999999999
4.0,2.0,8.0,128.0,32.0,64.0,64.0,8.0,8.0,20.0,1.0,3.0,1.0,8.0,8.0,32.0,2.0,16.0,2.0,0.8314111111111111,0.6625000000000001
4.0,3.0,24.0,96.0,16.0,96.0,96.0,24.0,24.0,8.0,1.0,4.0,1.0,2.0,8.0,32.0,8.0,8.0,2.0,0.8233444444444444,0.6940000000000001
4.0,2.0,24.0,32.0,24.0,80.0,80.0,16.0,16.0,12.0,1.0,5.0,1.0,8.0,4.0,8.0,8.0,8.0,2.0,0.8109333333333333,0.6335000000000001
8.0,2.0,24.0,32.0,16.0,64.0,64.0,32.0,32.0,16.0,2.0,3.0,2.0,4.0,2.0,32.0,4.0,32.0,4.0,0.8410722222222222,0.8399999999999999
8.0,3.0,24.0,96.0,32.0,96.0,96.0,32.0,32.0,8.0,1.0,2.0,1.0,2.0,8.0,32.0,4.0,8.0,4.0,0.8071611111111111,0.853
4.0,2.0,40.0,128.0,24.0,48.0,48.0,16.0,16.0,20.0,1.0,5.0,1.0,4.0,8.0,32.0,8.0,32.0,2.0,0.8386666666666667,0.7545
4.0,3.0,24.0,96.0,16.0,48.0,48.0,24.0,24.0,12.0,2.0,2.0,2.0,2.0,2.0,32.0,8.0,32.0,2.0,0.8667666666666667,0.6735
8.0,3.0,24.0,96.0,16.0,48.0,48.0,16.0,16.0,8.0,1.0,1.0,1.0,4.0,4.0,16.0,4.0,32.0,4.0,0.85685,0.7290000000000001
4.0,3.0,24.0,96.0,24.0,48.0,48.0,8.0,8.0,8.0,1.0,2.0,1.0,2.0,4.0,16.0,2.0,16.0,2.0,0.8875,0.5405
4.0,3.0,24.0,96.0,32.0,112.0,112.0,16.0,16.0,12.0,1.0,5.0,1.0,8.0,4.0,16.0,8.0,8.0,2.0,0.7788722222222222,0.7400000000000001
4.0,3.0,24.0,96.0,16.0,96.0,96.0,16.0,16.0,12.0,2.0,2.0,2.0,2.0,2.0,32.0,8.0,16.0,2.0,0.8344611111111111,0.7125000000000001
4.0,3.0,24.0,96.0,32.0,64.0,64.0,24.0,24.0,12.0,2.0,5.0,2.0,4.0,2.0,8.0,2.0,32.0,2.0,0.8077944444444445,0.7335
4.0,3.0,24.0,96.0,24.0,48.0,48.0,24.0,24.0,8.0,2.0,3.0,2.0,2.0,2.0,32.0,4.0,8.0,2.0,0.8621277777777778,0.645
4.0,3.0,24.0,96.0,16.0,112.0,112.0,8.0,8.0,8.0,2.0,3.0,2.0,4.0,4.0,16.0,8.0,8.0,2.0,0.8395388888888888,0.7384999999999999
4.0,3.0,24.0,96.0,32.0,48.0,48.0,8.0,8.0,8.0,2.0,4.0,2.0,2.0,4.0,8.0,4.0,8.0,2.0,0.88425,0.6125
4.0,3.0,24.0,96.0,24.0,112.0,112.0,32.0,32.0,20.0,2.0,4.0,2.0,2.0,8.0,32.0,4.0,16.0,2.0,0.8126666666666666,0.98
8.0,2.0,16.0,32.0,24.0,112.0,112.0,32.0,32.0,12.0,1.0,3.0,1.0,2.0,8.0,16.0,2.0,16.0,4.0,0.8602555555555556,0.8174999999999999
4.0,2.0,8.0,32.0,16.0,112.0,112.0,32.0,32.0,20.0,1.0,5.0,1.0,8.0,4.0,16.0,8.0,16.0,2.0,0.8105111111111111,0.7665
4.0,3.0,24.0,96.0,32.0,96.0,96.0,24.0,24.0,8.0,1.0,2.0,1.0,4.0,8.0,8.0,8.0,32.0,2.0,0.8005944444444445,0.6755
4.0,3.0,24.0,96.0,16.0,112.0,112.0,8.0,8.0,20.0,1.0,4.0,1.0,4.0,2.0,32.0,8.0,32.0,2.0,0.8416055555555556,0.7605000000000001
8.0,3.0,24.0,96.0,32.0,100.0,96.0,24.0,24.0,16.0,1.0,3.0,1.0,8.0,4.0,16.0,8.0,16.0,4.0,0.7283555555555555,0.9604999999999999
4.0,3.0,24.0,96.0,24.0,112.0,112.0,32.0,32.0,12.0,1.0,2.0,1.0,4.0,4.0,8.0,8.0,8.0,2.0,0.7991888888888888,0.7424999999999999
8.0,3.0,24.0,96.0,24.0,48.0,48.0,24.0,24.0,8.0,2.0,2.0,2.0,8.0,2.0,16.0,4.0,16.0,4.0,0.8090833333333334,0.8324999999999999
8.0,2.0,32.0,32.0,24.0,48.0,48.0,16.0,16.0,12.0,2.0,1.0,2.0,4.0,4.0,16.0,2.0,32.0,4.0,0.8539111111111111,0.7355
4.0,3.0,24.0,96.0,16.0,112.0,112.0,32.0,32.0,12.0,1.0,2.0,1.0,8.0,8.0,16.0,8.0,16.0,2.0,0.7712388888888889,0.7694999999999999
4.0,3.0,24.0,96.0,16.0,112.0,112.0,32.0,32.0,12.0,1.0,2.0,1.0,8.0,8.0,16.0,8.0,16.0,2.0,0.7712388888888889,0.7694999999999999
8.0,2.0,32.0,32.0,32.0,80.0,80.0,32.0,32.0,12.0,1.0,4.0,1.0,8.0,4.0,8.0,8.0,8.0,4.0,0.8174666666666667,0.8294999999999999
4.0,3.0,24.0,96.0,32.0,112.0,112.0,24.0,24.0,12.0,1.0,2.0,1.0,8.0,2.0,32.0,2.0,16.0,2.0,0.7879944444444444,0.7005
4.0,3.0,24.0,96.0,24.0,48.0,48.0,24.0,24.0,20.0,1.0,4.0,1.0,8.0,4.0,32.0,2.0,16.0,2.0,0.8187888888888889,0.7225000000000001
4.0,3.0,24.0,96.0,24.0,64.0,64.0,24.0,24.0,8.0,2.0,4.0,2.0,2.0,2.0,32.0,2.0,8.0,2.0,0.83905,0.677
8.0,3.0,24.0,96.0,16.0,80.0,80.0,16.0,16.0,20.0,1.0,2.0,1.0,2.0,4.0,16.0,4.0,32.0,4.0,0.8139,0.887
4.0,3.0,24.0,96.0,24.0,64.0,64.0,16.0,16.0,16.0,2.0,4.0,2.0,2.0,4.0,8.0,4.0,8.0,2.0,0.8166833333333333,0.738
8.0,2.0,16.0,130.0,24.0,64.0,64.0,8.0,8.0,20.0,1.0,1.0,1.0,2.0,2.0,32.0,2.0,32.0,4.0,0.8847888888888888,0.7665
8.0,2.0,24.0,130.0,24.0,48.0,48.0,16.0,16.0,8.0,2.0,4.0,2.0,4.0,4.0,16.0,2.0,32.0,4.0,0.8323555555555555,0.7835000000000001
4.0,2.0,8.0,128.0,32.0,48.0,48.0,24.0,24.0,8.0,1.0,1.0,1.0,8.0,4.0,32.0,2.0,32.0,2.0,0.8265666666666667,0.5675
8.0,3.0,24.0,96.0,24.0,80.0,80.0,32.0,32.0,20.0,2.0,2.0,2.0,2.0,2.0,8.0,2.0,8.0,4.0,0.8318166666666666,1.04
8.0,3.0,24.0,96.0,24.0,48.0,48.0,8.0,8.0,12.0,1.0,5.0,1.0,4.0,8.0,32.0,2.0,8.0,4.0,0.8867333333333334,0.7855000000000001
4.0,1.0,8.0,130.0,24.0,48.0,48.0,8.0,8.0,8.0,2.0,3.0,2.0,2.0,2.0,32.0,2.0,8.0,2.0,0.8604888888888889,0.5435
8.0,2.0,16.0,128.0,16.0,48.0,48.0,16.0,16.0,20.0,1.0,3.0,1.0,2.0,2.0,16.0,4.0,32.0,4.0,0.8496944444444444,0.8594999999999999
8.0,2.0,40.0,32.0,24.0,64.0,64.0,24.0,24.0,12.0,2.0,1.0,2.0,2.0,2.0,8.0,2.0,8.0,4.0,0.86485,0.7535000000000001
4.0,2.0,32.0,130.0,24.0,112.0,112.0,32.0,32.0,16.0,2.0,5.0,2.0,4.0,4.0,16.0,8.0,16.0,2.0,0.7955833333333333,0.8340000000000001
4.0,2.0,32.0,128.0,16.0,48.0,48.0,24.0,24.0,16.0,1.0,5.0,1.0,2.0,8.0,16.0,2.0,32.0,2.0,0.8606666666666667,0.6659999999999999
8.0,2.0,24.0,130.0,32.0,112.0,112.0,8.0,8.0,16.0,2.0,5.0,2.0,8.0,2.0,8.0,2.0,16.0,4.0,0.8206722222222222,0.9229999999999999
4.0,2.0,8.0,128.0,16.0,112.0,112.0,24.0,24.0,16.0,2.0,4.0,2.0,8.0,4.0,16.0,8.0,8.0,2.0,0.7735166666666666,0.8115
4.0,2.0,32.0,32.0,16.0,96.0,96.0,32.0,32.0,16.0,2.0,1.0,2.0,8.0,8.0,16.0,4.0,8.0,2.0,0.8180944444444445,0.7330000000000001
8.0,2.0,16.0,96.0,32.0,80.0,80.0,8.0,8.0,20.0,1.0,5.0,1.0,4.0,2.0,16.0,8.0,16.0,4.0,0.8452111111111111,0.8574999999999999
8.0,2.0,16.0,128.0,32.0,112.0,112.0,8.0,8.0,12.0,2.0,5.0,2.0,2.0,8.0,32.0,4.0,16.0,4.0,0.8567555555555556,0.875
8.0,2.0,32.0,128.0,32.0,96.0,96.0,8.0,8.0,20.0,1.0,5.0,1.0,8.0,4.0,16.0,2.0,8.0,4.0,0.8219833333333333,0.892
8.0,2.0,32.0,130.0,16.0,96.0,96.0,16.0,16.0,12.0,1.0,2.0,1.0,2.0,4.0,32.0,2.0,8.0,4.0,0.8168888888888889,0.7845
8.0,2.0,40.0,128.0,16.0,80.0,80.0,16.0,16.0,12.0,1.0,3.0,1.0,4.0,8.0,16.0,8.0,16.0,4.0,0.8019333333333334,0.899
4.0,2.0,24.0,128.0,24.0,96.0,96.0,16.0,16.0,16.0,2.0,3.0,2.0,8.0,8.0,32.0,4.0,32.0,2.0,0.77865,0.771
8.0,2.0,32.0,96.0,24.0,112.0,112.0,32.0,32.0,12.0,2.0,5.0,2.0,2.0,8.0,32.0,4.0,8.0,4.0,0.8010388888888889,0.922
4.0,2.0,24.0,32.0,24.0,48.0,48.0,32.0,32.0,20.0,2.0,5.0,2.0,8.0,8.0,16.0,8.0,8.0,2.0,0.8098611111111111,0.748
4.0,2.0,24.0,64.0,16.0,96.0,96.0,24.0,24.0,20.0,1.0,5.0,1.0,8.0,8.0,32.0,4.0,16.0,2.0,0.7723166666666667,0.7594999999999998
4.0,2.0,32.0,32.0,16.0,64.0,64.0,24.0,24.0,20.0,2.0,1.0,2.0,2.0,2.0,16.0,2.0,32.0,2.0,0.8658888888888889,0.6525000000000001
4.0,2.0,24.0,64.0,32.0,112.0,112.0,16.0,16.0,8.0,2.0,3.0,2.0,8.0,2.0,16.0,4.0,16.0,2.0,0.7881555555555556,0.6559999999999999
4.0,2.0,8.0,64.0,32.0,112.0,112.0,24.0,24.0,8.0,1.0,4.0,1.0,8.0,2.0,32.0,2.0,16.0,2.0,0.795,0.6205
8.0,2.0,32.0,32.0,24.0,80.0,80.0,32.0,32.0,16.0,1.0,1.0,1.0,8.0,4.0,32.0,2.0,16.0,4.0,0.8251222222222222,0.806
4.0,2.0,8.0,32.0,16.0,48.0,48.0,24.0,24.0,8.0,1.0,1.0,1.0,8.0,2.0,32.0,2.0,32.0,2.0,0.8278222222222222,0.522
4.0,2.0,8.0,64.0,32.0,112.0,112.0,8.0,8.0,20.0,1.0,3.0,1.0,4.0,2.0,8.0,4.0,32.0,2.0,0.8528888888888889,0.675
4.0,2.0,24.0,32.0,16.0,80.0,80.0,32.0,32.0,8.0,1.0,5.0,1.0,2.0,8.0,32.0,2.0,32.0,2.0,0.85195,0.617
8.0,2.0,32.0,64.0,16.0,112.0,112.0,24.0,24.0,8.0,1.0,5.0,1.0,4.0,4.0,8.0,2.0,32.0,4.0,0.8008,0.79
8.0,2.0,40.0,32.0,32.0,64.0,64.0,24.0,24.0,12.0,2.0,1.0,2.0,8.0,8.0,16.0,8.0,32.0,4.0,0.82145,0.8305
8.0,2.0,24.0,96.0,24.0,64.0,64.0,32.0,32.0,12.0,2.0,1.0,2.0,2.0,8.0,8.0,2.0,16.0,4.0,0.8257,0.827
8.0,2.0,24.0,32.0,16.0,48.0,48.0,32.0,32.0,16.0,2.0,5.0,2.0,4.0,4.0,8.0,4.0,32.0,4.0,0.8364055555555555,0.8415
4.0,2.0,40.0,64.0,24.0,80.0,80.0,32.0,32.0,20.0,1.0,1.0,1.0,2.0,8.0,16.0,2.0,16.0,2.0,0.8321888888888889,0.6865
4.0,2.0,16.0,64.0,24.0,80.0,80.0,24.0,24.0,12.0,2.0,4.0,2.0,4.0,2.0,8.0,8.0,16.0,2.0,0.8100388888888889,0.6875
8.0,2.0,16.0,64.0,16.0,112.0,112.0,8.0,8.0,16.0,1.0,1.0,1.0,2.0,4.0,16.0,8.0,32.0,4.0,0.8832333333333333,0.8085
4.0,2.0,8.0,64.0,32.0,96.0,96.0,24.0,24.0,20.0,1.0,1.0,1.0,2.0,4.0,32.0,4.0,32.0,2.0,0.8356888888888889,0.673
8.0,2.0,32.0,32.0,24.0,64.0,64.0,32.0,32.0,12.0,2.0,1.0,2.0,2.0,2.0,8.0,2.0,32.0,4.0,0.8648166666666667,0.7705000000000001
8.0,2.0,32.0,96.0,32.0,112.0,112.0,32.0,32.0,12.0,2.0,2.0,2.0,8.0,2.0,8.0,8.0,16.0,4.0,0.7714333333333333,0.9235
4.0,2.0,24.0,64.0,24.0,112.0,112.0,24.0,24.0,20.0,1.0,5.0,1.0,4.0,2.0,16.0,2.0,16.0,2.0,0.8120833333333334,0.7405
4.0,2.0,16.0,32.0,24.0,48.0,48.0,16.0,16.0,16.0,1.0,2.0,1.0,2.0,2.0,16.0,8.0,8.0,2.0,0.8733444444444445,0.566
8.0,2.0,24.0,64.0,24.0,80.0,80.0,32.0,32.0,16.0,2.0,3.0,2.0,4.0,4.0,32.0,8.0,16.0,4.0,0.7963888888888889,0.9099999999999999
8.0,2.0,24.0,64.0,16.0,112.0,112.0,8.0,8.0,20.0,2.0,5.0,2.0,4.0,4.0,32.0,4.0,16.0,4.0,0.8400777777777778,0.926
4.0,2.0,40.0,96.0,24.0,96.0,96.0,32.0,32.0,8.0,1.0,1.0,1.0,8.0,4.0,32.0,8.0,16.0,2.0,0.7958111111111111,0.639
4.0,2.0,16.0,32.0,32.0,48.0,48.0,16.0,16.0,16.0,2.0,1.0,2.0,4.0,4.0,16.0,4.0,8.0,2.0,0.8527611111111111,0.6005
8.0,2.0,24.0,64.0,16.0,96.0,96.0,8.0,8.0,16.0,2.0,5.0,2.0,8.0,2.0,16.0,8.0,8.0,4.0,0.8173333333333334,0.9029999999999999
4.0,2.0,8.0,64.0,24.0,80.0,80.0,8.0,8.0,12.0,1.0,2.0,1.0,2.0,8.0,32.0,8.0,16.0,2.0,0.8728055555555555,0.591
8.0,2.0,40.0,64.0,16.0,96.0,96.0,8.0,8.0,16.0,2.0,5.0,2.0,2.0,8.0,32.0,8.0,32.0,4.0,0.8583444444444445,0.8915000000000001
8.0,2.0,16.0,32.0,32.0,64.0,64.0,16.0,16.0,12.0,2.0,3.0,2.0,4.0,4.0,16.0,8.0,16.0,4.0,0.8410666666666666,0.7974999999999999
4.0,2.0,8.0,32.0,24.0,48.0,48.0,8.0,8.0,20.0,2.0,3.0,2.0,2.0,8.0,16.0,8.0,8.0,2.0,0.8824944444444445,0.645
4.0,2.0,24.0,64.0,24.0,64.0,64.0,16.0,16.0,12.0,2.0,1.0,2.0,4.0,8.0,32.0,4.0,32.0,2.0,0.8124888888888889,0.6325000000000001
4.0,2.0,32.0,64.0,16.0,112.0,112.0,16.0,16.0,12.0,2.0,5.0,2.0,4.0,2.0,32.0,8.0,16.0,2.0,0.8069777777777778,0.717
8.0,2.0,16.0,32.0,32.0,80.0,80.0,8.0,8.0,20.0,2.0,3.0,2.0,2.0,2.0,32.0,4.0,16.0,4.0,0.8717277777777778,0.829
4.0,2.0,16.0,128.0,16.0,64.0,64.0,8.0,8.0,8.0,2.0,1.0,2.0,4.0,2.0,32.0,2.0,32.0,2.0,0.8623722222222222,0.576
8.0,2.0,40.0,64.0,24.0,112.0,112.0,24.0,24.0,20.0,1.0,1.0,1.0,2.0,8.0,32.0,8.0,16.0,4.0,0.82895,0.905
4.0,2.0,8.0,96.0,16.0,48.0,48.0,8.0,8.0,20.0,1.0,4.0,1.0,2.0,8.0,16.0,2.0,8.0,2.0,0.8803888888888889,0.619
4.0,2.0,8.0,64.0,32.0,80.0,80.0,16.0,16.0,20.0,1.0,1.0,1.0,8.0,4.0,16.0,4.0,16.0,2.0,0.7980833333333334,0.6559999999999999
4.0,2.0,8.0,64.0,24.0,64.0,64.0,16.0,16.0,16.0,1.0,2.0,1.0,8.0,2.0,32.0,2.0,32.0,2.0,0.79495,0.6074999999999999
4.0,2.0,40.0,96.0,16.0,96.0,96.0,16.0,16.0,12.0,1.0,3.0,1.0,2.0,4.0,8.0,4.0,8.0,2.0,0.8209,0.6295000000000001
4.0,2.0,40.0,32.0,24.0,64.0,64.0,16.0,16.0,12.0,1.0,1.0,1.0,4.0,8.0,32.0,2.0,16.0,2.0,0.8477222222222223,0.5685
4.0,2.0,40.0,32.0,24.0,80.0,80.0,16.0,16.0,12.0,1.0,1.0,1.0,4.0,4.0,32.0,4.0,16.0,2.0,0.8493777777777778,0.5730000000000001
8.0,2.0,40.0,64.0,32.0,48.0,48.0,24.0,24.0,8.0,2.0,2.0,2.0,4.0,2.0,8.0,4.0,32.0,4.0,0.8383722222222222,0.8125
8.0,2.0,16.0,96.0,32.0,112.0,112.0,32.0,32.0,16.0,2.0,1.0,2.0,8.0,2.0,32.0,4.0,32.0,4.0,0.7870388888888888,0.938
8.0,2.0,24.0,96.0,16.0,112.0,112.0,8.0,8.0,20.0,2.0,1.0,2.0,2.0,8.0,16.0,8.0,32.0,4.0,0.8801722222222222,0.916
4.0,2.0,8.0,64.0,16.0,64.0,64.0,24.0,24.0,16.0,1.0,2.0,1.0,8.0,2.0,32.0,2.0,32.0,2.0,0.7899777777777778,0.626
8.0,2.0,24.0,96.0,32.0,112.0,112.0,16.0,16.0,20.0,2.0,1.0,2.0,8.0,8.0,8.0,2.0,32.0,4.0,0.78565,0.944
8.0,2.0,24.0,64.0,24.0,64.0,64.0,32.0,32.0,8.0,2.0,1.0,2.0,4.0,8.0,16.0,2.0,32.0,4.0,0.8079944444444445,0.8005
8.0,2.0,16.0,64.0,16.0,64.0,64.0,16.0,16.0,12.0,2.0,5.0,2.0,8.0,4.0,8.0,8.0,16.0,4.0,0.7717055555555555,0.8655
4.0,2.0,8.0,64.0,16.0,64.0,64.0,24.0,24.0,16.0,1.0,2.0,1.0,8.0,2.0,32.0,4.0,32.0,2.0,0.7899777777777778,0.6305
8.0,2.0,40.0,64.0,16.0,48.0,48.0,24.0,24.0,20.0,1.0,1.0,1.0,2.0,4.0,32.0,4.0,8.0,4.0,0.8744944444444445,0.776
4.0,2.0,32.0,64.0,32.0,48.0,48.0,32.0,32.0,12.0,2.0,2.0,2.0,4.0,4.0,8.0,4.0,32.0,2.0,0.8359222222222222,0.6395000000000001
8.0,1.0,35.0,32.0,32.0,64.0,64.0,8.0,8.0,12.0,2.0,3.0,2.0,2.0,8.0,16.0,8.0,8.0,4.0,0.8468111111111111,0.7575
4.0,2.0,24.0,64.0,16.0,48.0,48.0,16.0,16.0,12.0,1.0,5.0,1.0,4.0,4.0,32.0,4.0,16.0,2.0,0.8399444444444445,0.5935
8.0,2.0,40.0,64.0,16.0,48.0,48.0,16.0,16.0,12.0,2.0,5.0,2.0,8.0,4.0,16.0,2.0,16.0,4.0,0.8037944444444445,0.8145
4.0,1.0,16.0,32.0,24.0,96.0,96.0,16.0,16.0,12.0,1.0,5.0,1.0,2.0,8.0,16.0,2.0,8.0,2.0,0.8981388888888889,0.5805
4.0,2.0,32.0,64.0,24.0,48.0,48.0,24.0,24.0,12.0,1.0,1.0,1.0,4.0,4.0,32.0,8.0,32.0,2.0,0.8501166666666666,0.58
8.0,2.0,24.0,64.0,16.0,64.0,64.0,8.0,8.0,16.0,2.0,5.0,2.0,8.0,8.0,32.0,8.0,8.0,4.0,0.81615,0.883
8.0,2.0,32.0,64.0,32.0,80.0,80.0,8.0,8.0,16.0,2.0,1.0,2.0,8.0,4.0,32.0,4.0,16.0,4.0,0.8385777777777778,0.8335000000000001
8.0,2.0,40.0,64.0,24.0,112.0,112.0,8.0,8.0,8.0,1.0,3.0,1.0,2.0,4.0,32.0,2.0,8.0,4.0,0.8663777777777778,0.7295
4.0,2.0,32.0,64.0,24.0,96.0,96.0,32.0,32.0,12.0,2.0,1.0,2.0,8.0,2.0,16.0,2.0,32.0,2.0,0.7941833333333334,0.6955
8.0,2.0,16.0,64.0,24.0,48.0,48.0,8.0,8.0,12.0,1.0,1.0,1.0,4.0,8.0,16.0,2.0,32.0,4.0,0.8723111111111111,0.7050000000000001
8.0,2.0,16.0,64.0,32.0,64.0,64.0,8.0,8.0,12.0,1.0,1.0,1.0,2.0,2.0,8.0,2.0,16.0,4.0,0.8847888888888888,0.6905
4.0,1.0,40.0,32.0,32.0,80.0,80.0,8.0,8.0,8.0,1.0,5.0,1.0,4.0,2.0,16.0,8.0,8.0,2.0,0.8487111111111111,0.5369999999999999
4.0,2.0,32.0,64.0,16.0,96.0,96.0,32.0,32.0,20.0,1.0,1.0,1.0,2.0,2.0,8.0,2.0,32.0,2.0,0.8528555555555556,0.6855
8.0,2.0,24.0,64.0,24.0,96.0,96.0,24.0,24.0,12.0,2.0,5.0,2.0,4.0,8.0,8.0,2.0,32.0,4.0,0.7849555555555555,0.8805000000000001
8.0,2.0,24.0,128.0,16.0,64.0,64.0,8.0,8.0,20.0,2.0,5.0,2.0,4.0,8.0,16.0,2.0,16.0,4.0,0.8389333333333333,0.8845000000000001
4.0,2.0,24.0,96.0,24.0,96.0,96.0,8.0,8.0,12.0,1.0,5.0,1.0,2.0,2.0,8.0,4.0,32.0,2.0,0.86935,0.6214999999999999
4.0,2.0,32.0,96.0,32.0,80.0,80.0,32.0,32.0,16.0,1.0,1.0,1.0,2.0,4.0,16.0,2.0,16.0,2.0,0.8298111111111112,0.659
4.0,2.0,24.0,96.0,32.0,96.0,96.0,24.0,24.0,20.0,2.0,4.0,2.0,2.0,8.0,8.0,2.0,8.0,2.0,0.8131055555555555,0.7845
4.0,2.0,40.0,130.0,16.0,112.0,112.0,24.0,24.0,8.0,1.0,1.0,1.0,8.0,8.0,8.0,8.0,32.0,2.0,0.7955111111111111,0.66
4.0,2.0,32.0,128.0,24.0,96.0,96.0,8.0,8.0,20.0,2.0,3.0,2.0,4.0,2.0,32.0,8.0,8.0,2.0,0.8443277777777778,0.754
4.0,2.0,24.0,64.0,32.0,80.0,80.0,8.0,8.0,20.0,2.0,3.0,2.0,2.0,8.0,32.0,8.0,16.0,2.0,0.8657333333333334,0.712
4.0,2.0,40.0,64.0,32.0,48.0,48.0,8.0,8.0,16.0,2.0,3.0,2.0,4.0,2.0,32.0,8.0,32.0,2.0,0.8502277777777778,0.6375
4.0,2.0,8.0,64.0,24.0,64.0,64.0,24.0,24.0,16.0,1.0,2.0,1.0,8.0,2.0,32.0,2.0,32.0,2.0,0.7899777777777778,0.626
4.0,2.0,24.0,64.0,24.0,96.0,96.0,16.0,16.0,12.0,1.0,3.0,1.0,8.0,4.0,16.0,4.0,32.0,2.0,0.7776277777777778,0.6325000000000001
4.0,2.0,40.0,96.0,16.0,112.0,112.0,16.0,16.0,20.0,2.0,3.0,2.0,2.0,4.0,16.0,4.0,16.0,2.0,0.81925,0.7694999999999999
4.0,2.0,8.0,64.0,16.0,64.0,64.0,16.0,16.0,16.0,1.0,2.0,1.0,8.0,2.0,32.0,4.0,32.0,2.0,0.79495,0.6125
4.0,2.0,24.0,128.0,16.0,112.0,112.0,8.0,8.0,8.0,2.0,1.0,2.0,4.0,8.0,8.0,8.0,32.0,2.0,0.8604944444444445,0.6484999999999999
4.0,2.0,40.0,128.0,24.0,48.0,48.0,16.0,16.0,20.0,1.0,3.0,1.0,4.0,8.0,16.0,8.0,32.0,2.0,0.8410944444444445,0.675
8.0,2.0,24.0,128.0,32.0,112.0,112.0,8.0,8.0,12.0,1.0,3.0,1.0,4.0,4.0,8.0,8.0,8.0,4.0,0.8511555555555556,0.811
4.0,2.0,16.0,130.0,16.0,80.0,80.0,8.0,8.0,12.0,1.0,5.0,1.0,4.0,8.0,8.0,2.0,8.0,2.0,0.8441833333333333,0.6425000000000001
8.0,2.0,16.0,96.0,32.0,64.0,64.0,32.0,32.0,12.0,1.0,1.0,1.0,8.0,8.0,32.0,2.0,32.0,4.0,0.7850333333333334,0.801
8.0,2.0,40.0,128.0,32.0,96.0,96.0,24.0,24.0,20.0,1.0,3.0,1.0,4.0,2.0,32.0,2.0,8.0,4.0,0.8108833333333333,0.892
4.0,3.0,24.0,96.0,24.0,48.0,48.0,8.0,8.0,12.0,1.0,2.0,1.0,4.0,2.0,8.0,4.0,8.0,2.0,0.8620111111111111,0.5725
4.0,2.0,8.0,64.0,24.0,80.0,80.0,24.0,24.0,12.0,1.0,1.0,1.0,8.0,8.0,8.0,8.0,8.0,2.0,0.7920277777777778,0.6359999999999999
4.0,2.0,16.0,32.0,16.0,64.0,64.0,24.0,24.0,8.0,1.0,3.0,1.0,8.0,4.0,8.0,2.0,8.0,2.0,0.8119833333333333,0.5635
4.0,2.0,40.0,64.0,16.0,112.0,112.0,24.0,24.0,16.0,2.0,4.0,2.0,2.0,4.0,16.0,8.0,16.0,2.0,0.8207222222222222,0.7615
8.0,3.0,24.0,96.0,32.0,48.0,48.0,16.0,16.0,8.0,1.0,5.0,1.0,2.0,4.0,8.0,8.0,16.0,4.0,0.88195,0.7889999999999999
8.0,2.0,16.0,130.0,32.0,48.0,48.0,32.0,32.0,20.0,1.0,5.0,1.0,8.0,4.0,32.0,8.0,16.0,4.0,0.8186944444444444,0.902
8.0,1.0,35.0,32.0,16.0,112.0,112.0,8.0,8.0,8.0,1.0,2.0,1.0,8.0,8.0,32.0,4.0,32.0,4.0,0.8612444444444445,0.7000000000000001
4.0,2.0,24.0,96.0,16.0,96.0,96.0,24.0,24.0,16.0,2.0,1.0,2.0,8.0,8.0,16.0,4.0,8.0,2.0,0.7848222222222222,0.748
4.0,2.0,32.0,96.0,24.0,96.0,96.0,16.0,16.0,8.0,1.0,5.0,1.0,2.0,2.0,16.0,8.0,32.0,2.0,0.8409055555555556,0.6255
4.0,2.0,8.0,64.0,24.0,64.0,64.0,24.0,24.0,16.0,1.0,2.0,1.0,8.0,2.0,32.0,4.0,32.0,2.0,0.7899777777777778,0.63
4.0,2.0,8.0,64.0,16.0,64.0,64.0,16.0,16.0,16.0,1.0,2.0,1.0,8.0,2.0,32.0,2.0,32.0,2.0,0.79495,0.6074999999999999
4.0,2.0,8.0,64.0,16.0,64.0,64.0,24.0,24.0,16.0,1.0,2.0,1.0,8.0,2.0,32.0,8.0,32.0,2.0,0.7899777777777778,0.6405
4.0,2.0,16.0,64.0,32.0,80.0,64.0,16.0,16.0,12.0,1.0,2.0,1.0,4.0,2.0,8.0,4.0,8.0,2.0,0.8173111111111111,0.5864999999999999
4.0,1.0,16.0,128.0,16.0,48.0,48.0,8.0,8.0,12.0,1.0,5.0,1.0,8.0,2.0,32.0,2.0,16.0,2.0,0.8284833333333333,0.5595
8.0,2.0,24.0,96.0,16.0,64.0,64.0,32.0,32.0,12.0,2.0,5.0,2.0,4.0,4.0,32.0,2.0,16.0,4.0,0.7933944444444444,0.859
4.0,2.0,16.0,64.0,16.0,96.0,96.0,24.0,24.0,20.0,2.0,2.0,2.0,2.0,4.0,8.0,2.0,8.0,2.0,0.8237277777777777,0.7305
4.0,2.0,40.0,128.0,16.0,112.0,112.0,8.0,8.0,12.0,2.0,5.0,2.0,2.0,4.0,16.0,2.0,8.0,2.0,0.8600944444444445,0.6995000000000001
4.0,2.0,32.0,96.0,32.0,64.0,64.0,32.0,32.0,8.0,2.0,5.0,2.0,4.0,8.0,16.0,4.0,16.0,2.0,0.8007055555555556,0.6925000000000001
4.0,3.0,24.0,96.0,24.0,48.0,48.0,8.0,8.0,16.0,1.0,4.0,1.0,4.0,8.0,32.0,2.0,16.0,2.0,0.8549888888888889,0.6415000000000002
4.0,2.0,32.0,128.0,32.0,112.0,112.0,8.0,8.0,20.0,1.0,5.0,1.0,4.0,4.0,16.0,4.0,32.0,2.0,0.8454444444444444,0.7464999999999999
4.0,2.0,16.0,96.0,32.0,112.0,112.0,32.0,32.0,12.0,2.0,3.0,2.0,4.0,8.0,8.0,4.0,16.0,2.0,0.7899666666666667,0.742
8.0,2.0,40.0,128.0,24.0,80.0,80.0,16.0,16.0,20.0,1.0,3.0,1.0,2.0,8.0,16.0,2.0,16.0,4.0,0.8202222222222222,0.869
4.0,2.0,32.0,130.0,24.0,112.0,112.0,8.0,8.0,8.0,2.0,5.0,2.0,2.0,2.0,32.0,2.0,32.0,2.0,0.8658333333333333,0.6579999999999999
8.0,2.0,40.0,128.0,24.0,112.0,112.0,24.0,24.0,16.0,2.0,5.0,2.0,4.0,4.0,8.0,4.0,8.0,4.0,0.7810944444444444,0.967
4.0,2.0,16.0,130.0,16.0,64.0,64.0,16.0,16.0,16.0,2.0,1.0,2.0,4.0,8.0,16.0,8.0,8.0,2.0,0.8119555555555555,0.6940000000000001
8.0,2.0,40.0,96.0,32.0,64.0,64.0,16.0,16.0,20.0,1.0,5.0,1.0,2.0,8.0,32.0,4.0,8.0,4.0,0.8187166666666666,0.8599999999999999
8.0,2.0,16.0,128.0,16.0,96.0,96.0,32.0,32.0,16.0,2.0,5.0,2.0,2.0,8.0,32.0,2.0,8.0,4.0,0.7999888888888889,0.9570000000000001
4.0,2.0,32.0,128.0,32.0,80.0,80.0,32.0,32.0,12.0,2.0,1.0,2.0,4.0,8.0,8.0,2.0,16.0,2.0,0.8045277777777777,0.7014999999999999
8.0,1.0,35.0,32.0,16.0,96.0,96.0,24.0,24.0,8.0,2.0,1.0,2.0,2.0,2.0,16.0,2.0,8.0,4.0,0.8891722222222223,0.7330000000000001
8.0,2.0,24.0,128.0,16.0,48.0,48.0,32.0,32.0,20.0,1.0,2.0,1.0,2.0,2.0,32.0,4.0,32.0,4.0,0.8725277777777778,0.8150000000000001
4.0,1.0,24.0,128.0,24.0,80.0,80.0,8.0,8.0,12.0,2.0,2.0,2.0,4.0,2.0,32.0,4.0,8.0,2.0,0.8828111111111111,0.5974999999999999
8.0,1.0,40.0,32.0,32.0,112.0,112.0,24.0,24.0,8.0,2.0,5.0,2.0,8.0,2.0,32.0,4.0,8.0,4.0,0.8341666666666666,0.8125
8.0,1.0,35.0,32.0,24.0,96.0,96.0,8.0,8.0,12.0,1.0,4.0,1.0,2.0,2.0,32.0,2.0,8.0,4.0,0.8509666666666666,0.7050000000000001
4.0,1.0,32.0,32.0,24.0,64.0,64.0,8.0,8.0,8.0,1.0,1.0,1.0,4.0,4.0,8.0,8.0,16.0,2.0,0.9187,0.498
4.0,2.0,40.0,130.0,16.0,80.0,80.0,8.0,8.0,16.0,2.0,5.0,2.0,2.0,2.0,16.0,2.0,16.0,2.0,0.86405,0.7030000000000001
4.0,1.0,35.0,32.0,24.0,48.0,48.0,8.0,8.0,12.0,1.0,2.0,1.0,2.0,8.0,32.0,4.0,8.0,2.0,0.8976833333333334,0.5
4.0,1.0,40.0,32.0,32.0,64.0,64.0,8.0,8.0,12.0,2.0,2.0,2.0,8.0,2.0,32.0,8.0,8.0,2.0,0.8497888888888889,0.5780000000000001
4.0,1.0,35.0,32.0,16.0,64.0,64.0,16.0,16.0,12.0,1.0,3.0,1.0,4.0,8.0,16.0,4.0,32.0,2.0,0.8824388888888889,0.5445
8.0,1.0,24.0,128.0,24.0,48.0,48.0,32.0,32.0,8.0,2.0,4.0,2.0,8.0,2.0,16.0,8.0,16.0,4.0,0.8353444444444444,0.8165
4.0,1.0,16.0,32.0,32.0,64.0,64.0,16.0,16.0,8.0,2.0,2.0,2.0,2.0,8.0,8.0,4.0,16.0,2.0,0.9019111111111111,0.542
4.0,1.0,5.0,16.0,4.0,36.0,36.0,4.0,4.0,6.0,1.0,1.0,1.0,2.0,2.0,8.0,2.0,8.0,2.0,0.9135166666666666,0.4595
4.0,2.0,40.0,96.0,16.0,64.0,64.0,32.0,32.0,20.0,1.0,4.0,1.0,8.0,4.0,8.0,2.0,8.0,2.0,0.7759222222222222,0.7175
4.0,1.0,40.0,32.0,24.0,64.0,64.0,24.0,24.0,20.0,2.0,5.0,2.0,8.0,2.0,8.0,2.0,16.0,2.0,0.8417277777777777,0.64
8.0,2.0,40.0,130.0,32.0,96.0,96.0,24.0,24.0,8.0,2.0,1.0,2.0,8.0,8.0,32.0,2.0,8.0,4.0,0.7836888888888889,0.8585
4.0,1.0,8.0,32.0,16.0,96.0,96.0,16.0,16.0,12.0,2.0,3.0,2.0,8.0,4.0,8.0,2.0,16.0,2.0,0.8595222222222222,0.6114999999999999
8.0,2.0,32.0,128.0,24.0,80.0,80.0,32.0,32.0,20.0,1.0,5.0,1.0,8.0,4.0,8.0,2.0,8.0,4.0,0.7679777777777778,0.9375
4.0,1.0,35.0,32.0,24.0,80.0,80.0,24.0,24.0,20.0,2.0,4.0,2.0,8.0,2.0,8.0,8.0,8.0,2.0,0.8417277777777777,0.7020000000000002
4.0,1.0,16.0,32.0,24.0,80.0,80.0,8.0,8.0,16.0,2.0,3.0,2.0,2.0,4.0,32.0,8.0,32.0,2.0,0.8671555555555556,0.6114999999999999
8.0,2.0,40.0,130.0,16.0,80.0,80.0,16.0,16.0,8.0,1.0,1.0,1.0,2.0,4.0,8.0,2.0,8.0,4.0,0.8287444444444444,0.7435
4.0,1.0,16.0,128.0,24.0,48.0,48.0,8.0,8.0,8.0,1.0,1.0,1.0,2.0,8.0,16.0,2.0,32.0,2.0,0.9327611111111112,0.5145
4.0,2.0,32.0,128.0,24.0,80.0,80.0,32.0,32.0,20.0,1.0,3.0,1.0,4.0,4.0,32.0,8.0,32.0,2.0,0.7951611111111111,0.744
8.0,1.0,35.0,32.0,24.0,64.0,64.0,8.0,8.0,8.0,1.0,2.0,1.0,2.0,4.0,16.0,4.0,8.0,4.0,0.8881,0.645
8.0,2.0,16.0,96.0,24.0,48.0,48.0,32.0,32.0,8.0,1.0,3.0,1.0,8.0,2.0,8.0,2.0,32.0,4.0,0.8122833333333334,0.7530000000000001
4.0,1.0,32.0,32.0,16.0,96.0,96.0,24.0,24.0,16.0,1.0,4.0,1.0,4.0,4.0,32.0,8.0,8.0,2.0,0.8789388888888889,0.6245
8.0,2.0,24.0,130.0,32.0,80.0,80.0,16.0,16.0,8.0,1.0,5.0,1.0,8.0,2.0,8.0,8.0,16.0,4.0,0.7826833333333333,0.8185
8.0,1.0,24.0,128.0,16.0,48.0,48.0,8.0,8.0,20.0,1.0,2.0,1.0,8.0,2.0,8.0,2.0,32.0,4.0,0.8405722222222223,0.7055
4.0,1.0,16.0,128.0,32.0,48.0,48.0,8.0,8.0,8.0,1.0,1.0,1.0,4.0,8.0,8.0,2.0,32.0,2.0,0.91865,0.5215000000000001
4.0,2.0,8.0,128.0,24.0,80.0,80.0,24.0,24.0,20.0,1.0,3.0,1.0,4.0,8.0,32.0,8.0,32.0,2.0,0.7974055555555556,0.736
8.0,1.0,24.0,32.0,24.0,48.0,48.0,24.0,24.0,8.0,2.0,5.0,2.0,8.0,4.0,16.0,8.0,32.0,4.0,0.85335,0.775
4.0,2.0,8.0,96.0,32.0,112.0,112.0,32.0,32.0,8.0,1.0,5.0,1.0,8.0,2.0,8.0,8.0,32.0,2.0,0.7952777777777778,0.6779999999999999
4.0,2.0,32.0,130.0,16.0,80.0,80.0,8.0,8.0,16.0,1.0,1.0,1.0,8.0,2.0,8.0,4.0,32.0,2.0,0.8398166666666667,0.624
4.0,2.0,24.0,130.0,24.0,96.0,96.0,8.0,8.0,20.0,2.0,1.0,2.0,4.0,4.0,32.0,8.0,32.0,2.0,0.8633944444444445,0.7364999999999999
4.0,2.0,16.0,64.0,16.0,64.0,64.0,32.0,32.0,20.0,2.0,1.0,2.0,8.0,2.0,16.0,4.0,8.0,2.0,0.7925888888888889,0.7184999999999999
4.0,2.0,24.0,130.0,24.0,96.0,96.0,8.0,8.0,16.0,2.0,4.0,2.0,4.0,8.0,16.0,8.0,8.0,2.0,0.8402111111111111,0.7489999999999999
4.0,2.0,8.0,128.0,24.0,112.0,112.0,16.0,16.0,20.0,2.0,4.0,2.0,8.0,2.0,8.0,8.0,16.0,2.0,0.7838777777777778,0.9140000000000001
8.0,1.0,24.0,130.0,24.0,48.0,48.0,24.0,24.0,20.0,2.0,1.0,2.0,8.0,8.0,32.0,4.0,32.0,4.0,0.8646333333333334,0.8260000000000001
4.0,2.0,8.0,96.0,32.0,96.0,96.0,32.0,32.0,20.0,1.0,1.0,1.0,2.0,2.0,32.0,8.0,8.0,2.0,0.8519888888888889,0.7075
4.0,2.0,24.0,130.0,16.0,64.0,64.0,16.0,16.0,16.0,1.0,3.0,1.0,4.0,8.0,16.0,8.0,8.0,2.0,0.7998055555555555,0.67
8.0,4.0,24.0,128.0,32.0,48.0,48.0,24.0,24.0,8.0,1.0,5.0,1.0,8.0,8.0,32.0,2.0,16.0,4.0,0.82215,0.8785
4.0,2.0,16.0,64.0,24.0,48.0,48.0,24.0,24.0,16.0,1.0,1.0,1.0,2.0,4.0,8.0,2.0,32.0,2.0,0.8733944444444445,0.571
4.0,2.0,16.0,96.0,32.0,112.0,112.0,32.0,32.0,20.0,2.0,3.0,2.0,2.0,8.0,8.0,8.0,16.0,2.0,0.8121,0.827
4.0,2.0,40.0,130.0,24.0,80.0,80.0,16.0,16.0,12.0,1.0,5.0,1.0,2.0,4.0,32.0,8.0,8.0,2.0,0.8191777777777778,0.6779999999999999
8.0,2.0,16.0,96.0,24.0,64.0,64.0,24.0,24.0,20.0,2.0,1.0,2.0,2.0,2.0,8.0,2.0,8.0,4.0,0.85035,0.8415
8.0,2.0,24.0,128.0,24.0,96.0,96.0,32.0,32.0,16.0,2.0,1.0,2.0,2.0,4.0,32.0,2.0,32.0,4.0,0.8180777777777778,0.8940000000000001
4.0,2.0,24.0,96.0,16.0,64.0,64.0,32.0,32.0,16.0,1.0,1.0,1.0,4.0,4.0,32.0,4.0,8.0,2.0,0.8155666666666667,0.6420000000000001
4.0,2.0,40.0,96.0,16.0,48.0,48.0,24.0,24.0,8.0,2.0,4.0,2.0,2.0,4.0,8.0,8.0,32.0,2.0,0.8564833333333334,0.635
8.0,2.0,40.0,130.0,24.0,64.0,64.0,24.0,24.0,12.0,2.0,5.0,2.0,8.0,4.0,16.0,8.0,32.0,4.0,0.7683055555555556,0.9185
8.0,2.0,24.0,130.0,24.0,96.0,96.0,32.0,32.0,20.0,2.0,5.0,2.0,4.0,4.0,32.0,4.0,16.0,4.0,0.7780388888888888,1.0090000000000001
8.0,2.0,16.0,130.0,24.0,80.0,80.0,24.0,24.0,16.0,1.0,5.0,1.0,8.0,8.0,32.0,8.0,32.0,4.0,0.7656055555555555,0.9240000000000002
4.0,1.0,8.0,32.0,16.0,80.0,80.0,16.0,16.0,16.0,2.0,4.0,2.0,8.0,4.0,8.0,4.0,8.0,2.0,0.8477,0.6455
4.0,2.0,8.0,130.0,32.0,96.0,96.0,8.0,8.0,16.0,2.0,5.0,2.0,2.0,4.0,16.0,4.0,16.0,2.0,0.8630944444444445,0.722
4.0,1.0,16.0,96.0,32.0,48.0,48.0,8.0,8.0,8.0,1.0,1.0,1.0,2.0,4.0,8.0,2.0,32.0,2.0,0.9325888888888889,0.48750000000000004
4.0,2.0,16.0,96.0,32.0,48.0,48.0,8.0,8.0,16.0,1.0,3.0,1.0,2.0,8.0,8.0,4.0,8.0,2.0,0.8866,0.589
8.0,2.0,32.0,128.0,24.0,80.0,80.0,16.0,16.0,12.0,2.0,2.0,2.0,2.0,8.0,16.0,4.0,32.0,4.0,0.8131444444444444,0.8415
4.0,2.0,24.0,130.0,32.0,80.0,80.0,16.0,16.0,20.0,2.0,1.0,2.0,8.0,8.0,16.0,2.0,16.0,2.0,0.7924111111111111,0.7535000000000001
4.0,2.0,16.0,128.0,24.0,80.0,80.0,8.0,8.0,8.0,2.0,2.0,2.0,2.0,8.0,32.0,2.0,32.0,2.0,0.8652222222222222,0.606
4.0,2.0,32.0,128.0,16.0,112.0,112.0,24.0,24.0,8.0,1.0,1.0,1.0,4.0,4.0,8.0,4.0,32.0,2.0,0.8147555555555556,0.6214999999999999
8.0,2.0,32.0,128.0,24.0,80.0,80.0,16.0,16.0,16.0,1.0,1.0,1.0,4.0,8.0,8.0,2.0,16.0,4.0,0.8097666666666666,0.8115
8.0,4.0,32.0,128.0,16.0,48.0,48.0,16.0,16.0,8.0,2.0,2.0,2.0,8.0,8.0,16.0,2.0,8.0,4.0,0.8243444444444444,0.861
4.0,4.0,32.0,128.0,32.0,48.0,48.0,8.0,8.0,12.0,2.0,2.0,2.0,2.0,2.0,16.0,4.0,16.0,2.0,0.8870666666666667,0.6555
4.0,2.0,8.0,130.0,16.0,96.0,96.0,24.0,24.0,8.0,1.0,1.0,1.0,8.0,2.0,8.0,2.0,32.0,2.0,0.8047222222222222,0.606
4.0,4.0,32.0,128.0,24.0,64.0,64.0,24.0,24.0,20.0,1.0,1.0,1.0,4.0,2.0,16.0,4.0,8.0,2.0,0.8279555555555556,0.805
4.0,1.0,8.0,130.0,32.0,64.0,64.0,32.0,32.0,16.0,1.0,1.0,1.0,2.0,4.0,32.0,4.0,16.0,2.0,0.9040555555555555,0.607
8.0,4.0,40.0,128.0,24.0,48.0,48.0,8.0,8.0,16.0,2.0,3.0,2.0,4.0,2.0,8.0,8.0,16.0,4.0,0.8589666666666667,0.898
4.0,1.0,35.0,96.0,16.0,64.0,64.0,16.0,16.0,12.0,1.0,5.0,1.0,4.0,4.0,8.0,2.0,32.0,2.0,0.8821888888888889,0.5755
8.0,1.0,40.0,32.0,16.0,48.0,48.0,8.0,8.0,12.0,1.0,1.0,1.0,4.0,2.0,16.0,4.0,32.0,4.0,0.90355,0.647
4.0,2.0,8.0,130.0,32.0,80.0,80.0,16.0,16.0,20.0,1.0,3.0,1.0,4.0,8.0,32.0,4.0,32.0,2.0,0.8020944444444444,0.7065
8.0,1.0,16.0,96.0,24.0,64.0,64.0,32.0,32.0,12.0,2.0,1.0,2.0,8.0,4.0,32.0,8.0,16.0,4.0,0.8532111111111111,0.8345
4.0,1.0,24.0,32.0,16.0,64.0,64.0,24.0,24.0,20.0,2.0,4.0,2.0,8.0,8.0,16.0,4.0,16.0,2.0,0.8476833333333333,0.647
4.0,2.0,40.0,130.0,16.0,64.0,64.0,16.0,16.0,12.0,2.0,3.0,2.0,8.0,2.0,8.0,2.0,32.0,2.0,0.7828611111111111,0.6814999999999999
8.0,1.0,16.0,32.0,16.0,112.0,112.0,32.0,32.0,12.0,1.0,4.0,1.0,2.0,8.0,16.0,4.0,16.0,4.0,0.8715222222222222,0.7705000000000001
4.0,1.0,16.0,32.0,16.0,96.0,96.0,24.0,24.0,16.0,1.0,3.0,1.0,4.0,2.0,32.0,2.0,16.0,2.0,0.8765722222222222,0.5874999999999999
8.0,1.0,32.0,96.0,24.0,48.0,48.0,24.0,24.0,8.0,1.0,2.0,1.0,4.0,2.0,8.0,2.0,32.0,4.0,0.8793611111111111,0.6695000000000001
4.0,1.0,32.0,128.0,24.0,96.0,96.0,8.0,8.0,12.0,1.0,3.0,1.0,2.0,4.0,8.0,4.0,8.0,2.0,0.8838166666666667,0.58
4.0,1.0,32.0,32.0,16.0,48.0,48.0,24.0,24.0,12.0,2.0,4.0,2.0,4.0,2.0,8.0,2.0,32.0,2.0,0.8815277777777778,0.5805
4.0,1.0,8.0,32.0,16.0,64.0,64.0,32.0,32.0,20.0,2.0,5.0,2.0,4.0,2.0,8.0,8.0,32.0,2.0,0.8804166666666666,0.6379999999999999
4.0,1.0,16.0,32.0,32.0,48.0,48.0,32.0,32.0,12.0,1.0,2.0,1.0,2.0,2.0,32.0,2.0,32.0,2.0,0.8851055555555556,0.5125000000000001
8.0,1.0,16.0,32.0,24.0,64.0,64.0,16.0,16.0,16.0,2.0,5.0,2.0,8.0,4.0,8.0,2.0,32.0,4.0,0.84455,0.7905000000000001
8.0,2.0,40.0,130.0,16.0,112.0,112.0,24.0,24.0,12.0,1.0,1.0,1.0,2.0,4.0,8.0,4.0,32.0,4.0,0.8244,0.9045000000000001
8.0,2.0,16.0,128.0,16.0,96.0,96.0,32.0,32.0,16.0,1.0,5.0,1.0,4.0,2.0,32.0,4.0,16.0,4.0,0.8027055555555556,0.9075
4.0,1.0,32.0,32.0,32.0,80.0,80.0,32.0,32.0,20.0,1.0,2.0,1.0,8.0,8.0,16.0,2.0,16.0,2.0,0.8485666666666667,0.635
8.0,1.0,16.0,130.0,32.0,112.0,112.0,8.0,8.0,20.0,1.0,5.0,1.0,2.0,8.0,32.0,8.0,8.0,4.0,0.8511555555555556,0.8945000000000001
4.0,1.0,16.0,64.0,32.0,80.0,80.0,16.0,16.0,20.0,1.0,2.0,1.0,4.0,4.0,16.0,2.0,8.0,2.0,0.8772277777777778,0.5974999999999999
4.0,1.0,32.0,32.0,24.0,64.0,64.0,24.0,24.0,20.0,1.0,1.0,1.0,4.0,4.0,16.0,8.0,8.0,2.0,0.8979777777777778,0.5595
8.0,1.0,16.0,32.0,32.0,64.0,64.0,8.0,8.0,16.0,2.0,1.0,2.0,4.0,4.0,32.0,4.0,32.0,4.0,0.9018333333333334,0.736
8.0,1.0,16.0,128.0,32.0,96.0,96.0,8.0,8.0,8.0,1.0,5.0,1.0,8.0,4.0,32.0,4.0,8.0,4.0,0.8230444444444445,0.76
8.0,1.0,16.0,32.0,24.0,64.0,64.0,32.0,32.0,20.0,2.0,2.0,2.0,2.0,8.0,8.0,2.0,32.0,4.0,0.8734222222222222,0.765
8.0,1.0,16.0,32.0,16.0,64.0,64.0,24.0,24.0,20.0,2.0,4.0,2.0,4.0,2.0,8.0,2.0,16.0,4.0,0.8574111111111111,0.7655000000000001
4.0,1.0,40.0,64.0,24.0,112.0,112.0,16.0,16.0,20.0,1.0,2.0,1.0,2.0,2.0,16.0,2.0,8.0,2.0,0.8755222222222222,0.6225
8.0,1.0,32.0,64.0,16.0,112.0,112.0,24.0,24.0,8.0,2.0,4.0,2.0,8.0,2.0,16.0,2.0,8.0,4.0,0.8316722222222223,0.8005
8.0,1.0,24.0,64.0,24.0,112.0,112.0,16.0,16.0,8.0,2.0,2.0,2.0,4.0,2.0,16.0,2.0,8.0,4.0,0.8596666666666667,0.7364999999999999
8.0,1.0,35.0,64.0,16.0,96.0,96.0,24.0,24.0,8.0,1.0,1.0,1.0,2.0,2.0,32.0,2.0,16.0,4.0,0.8793277777777778,0.7214999999999999
8.0,1.0,16.0,32.0,16.0,64.0,64.0,32.0,32.0,16.0,1.0,4.0,1.0,2.0,8.0,8.0,4.0,8.0,4.0,0.8610944444444445,0.757
8.0,1.0,35.0,64.0,16.0,80.0,80.0,24.0,24.0,20.0,1.0,2.0,1.0,8.0,4.0,16.0,4.0,32.0,4.0,0.8056888888888889,0.798
4.0,1.0,40.0,96.0,32.0,112.0,112.0,32.0,32.0,8.0,1.0,3.0,1.0,4.0,4.0,8.0,2.0,8.0,2.0,0.8982888888888889,0.5830000000000001
8.0,1.0,16.0,32.0,16.0,48.0,48.0,32.0,32.0,12.0,2.0,2.0,2.0,4.0,4.0,8.0,8.0,16.0,4.0,0.8673222222222222,0.764
4.0,1.0,24.0,32.0,16.0,48.0,48.0,24.0,24.0,12.0,2.0,4.0,2.0,4.0,2.0,16.0,2.0,16.0,2.0,0.8815277777777778,0.577
4.0,1.0,40.0,32.0,32.0,80.0,80.0,32.0,32.0,16.0,2.0,1.0,2.0,8.0,8.0,16.0,4.0,8.0,2.0,0.8801611111111111,0.6759999999999999
4.0,1.0,40.0,64.0,16.0,96.0,96.0,32.0,32.0,20.0,2.0,4.0,2.0,8.0,8.0,16.0,4.0,32.0,2.0,0.8581555555555556,0.7594999999999998
4.0,1.0,16.0,64.0,32.0,112.0,112.0,24.0,24.0,20.0,2.0,2.0,2.0,4.0,8.0,8.0,4.0,16.0,2.0,0.8747722222222222,0.721
8.0,1.0,40.0,64.0,32.0,80.0,80.0,24.0,24.0,20.0,2.0,2.0,2.0,8.0,2.0,8.0,2.0,8.0,4.0,0.8153666666666667,0.8435000000000001
4.0,1.0,35.0,64.0,24.0,80.0,80.0,24.0,24.0,8.0,1.0,2.0,1.0,8.0,4.0,32.0,2.0,32.0,2.0,0.8672055555555556,0.541
8.0,1.0,24.0,64.0,24.0,96.0,96.0,16.0,16.0,12.0,2.0,2.0,2.0,4.0,2.0,16.0,4.0,8.0,4.0,0.8574277777777778,0.7765
4.0,1.0,24.0,32.0,16.0,48.0,48.0,8.0,8.0,8.0,1.0,5.0,1.0,2.0,8.0,8.0,4.0,8.0,2.0,0.8933166666666666,0.508
4.0,1.0,32.0,64.0,24.0,112.0,112.0,16.0,16.0,12.0,2.0,2.0,2.0,8.0,8.0,32.0,2.0,8.0,2.0,0.87065,0.6520000000000001
4.0,1.0,40.0,64.0,32.0,112.0,112.0,8.0,8.0,8.0,1.0,3.0,1.0,8.0,8.0,32.0,2.0,32.0,2.0,0.8348277777777777,0.562
4.0,1.0,16.0,32.0,32.0,48.0,48.0,8.0,8.0,8.0,2.0,1.0,2.0,2.0,2.0,8.0,2.0,8.0,2.0,0.9284,0.492
8.0,1.0,35.0,32.0,24.0,64.0,64.0,16.0,16.0,16.0,2.0,3.0,2.0,8.0,4.0,16.0,2.0,8.0,4.0,0.8504833333333334,0.7830000000000001
4.0,1.0,35.0,64.0,32.0,96.0,96.0,24.0,24.0,8.0,1.0,5.0,1.0,2.0,4.0,32.0,4.0,8.0,2.0,0.8940611111111111,0.5685
4.0,1.0,16.0,32.0,32.0,48.0,48.0,24.0,24.0,12.0,1.0,2.0,1.0,8.0,8.0,16.0,2.0,8.0,2.0,0.8639722222222223,0.5315000000000001
8.0,1.0,16.0,32.0,32.0,64.0,64.0,24.0,24.0,20.0,1.0,5.0,1.0,4.0,4.0,32.0,8.0,8.0,4.0,0.8567333333333333,0.756
4.0,1.0,32.0,64.0,16.0,96.0,96.0,16.0,16.0,16.0,1.0,4.0,1.0,4.0,4.0,32.0,8.0,8.0,2.0,0.8611333333333333,0.625
4.0,1.0,40.0,96.0,32.0,48.0,48.0,32.0,32.0,16.0,2.0,4.0,2.0,2.0,8.0,32.0,2.0,8.0,2.0,0.8886666666666667,0.6559999999999999
4.0,1.0,40.0,64.0,32.0,80.0,80.0,16.0,16.0,16.0,2.0,2.0,2.0,4.0,2.0,8.0,8.0,16.0,2.0,0.87885,0.6305
8.0,1.0,32.0,96.0,32.0,112.0,112.0,8.0,8.0,8.0,2.0,4.0,2.0,2.0,2.0,32.0,2.0,32.0,4.0,0.8477888888888889,0.7525
8.0,1.0,35.0,96.0,24.0,96.0,96.0,8.0,8.0,16.0,1.0,1.0,1.0,4.0,4.0,16.0,4.0,32.0,4.0,0.9042833333333333,0.757
8.0,1.0,32.0,64.0,32.0,64.0,64.0,32.0,32.0,12.0,2.0,4.0,2.0,2.0,4.0,32.0,8.0,8.0,4.0,0.8636833333333334,0.804
4.0,1.0,16.0,96.0,32.0,112.0,112.0,8.0,8.0,8.0,1.0,1.0,1.0,2.0,8.0,32.0,2.0,8.0,2.0,0.9324277777777777,0.5445
8.0,1.0,40.0,64.0,32.0,80.0,80.0,16.0,16.0,12.0,2.0,1.0,2.0,8.0,4.0,8.0,2.0,8.0,4.0,0.8543555555555555,0.7825
4.0,1.0,35.0,64.0,32.0,80.0,80.0,24.0,24.0,8.0,2.0,1.0,2.0,4.0,2.0,32.0,8.0,32.0,2.0,0.88715,0.596
8.0,1.0,35.0,64.0,24.0,64.0,64.0,32.0,32.0,12.0,2.0,5.0,2.0,8.0,4.0,16.0,8.0,8.0,4.0,0.8401277777777778,0.8440000000000001
8.0,1.0,16.0,64.0,32.0,96.0,96.0,16.0,16.0,12.0,1.0,5.0,1.0,8.0,4.0,32.0,8.0,32.0,4.0,0.8447611111111111,0.788
8.0,1.0,24.0,64.0,32.0,80.0,80.0,32.0,32.0,16.0,1.0,2.0,1.0,8.0,8.0,32.0,8.0,16.0,4.0,0.8291222222222222,0.8119999999999999
4.0,1.0,24.0,64.0,24.0,80.0,80.0,8.0,8.0,20.0,1.0,2.0,1.0,8.0,2.0,32.0,4.0,32.0,2.0,0.8447055555555556,0.5915
4.0,1.0,40.0,96.0,16.0,96.0,96.0,8.0,8.0,8.0,2.0,4.0,2.0,2.0,8.0,16.0,2.0,32.0,2.0,0.8656833333333334,0.6020000000000001
4.0,1.0,32.0,96.0,24.0,96.0,96.0,24.0,24.0,12.0,1.0,3.0,1.0,4.0,8.0,16.0,2.0,8.0,2.0,0.8882666666666666,0.6055
4.0,2.0,16.0,130.0,24.0,112.0,112.0,16.0,16.0,16.0,1.0,5.0,1.0,2.0,4.0,8.0,4.0,32.0,2.0,0.8191444444444445,0.7205
4.0,1.0,35.0,64.0,24.0,48.0,48.0,24.0,24.0,20.0,1.0,1.0,1.0,8.0,2.0,8.0,8.0,16.0,2.0,0.8773666666666666,0.5599999999999999
8.0,1.0,35.0,96.0,16.0,96.0,96.0,16.0,16.0,12.0,1.0,2.0,1.0,8.0,2.0,8.0,2.0,32.0,4.0,0.8449666666666666,0.7384999999999999
8.0,1.0,16.0,128.0,32.0,112.0,112.0,16.0,16.0,8.0,2.0,4.0,2.0,4.0,2.0,8.0,4.0,32.0,4.0,0.8563611111111111,0.8005
4.0,2.0,24.0,96.0,16.0,96.0,96.0,8.0,8.0,20.0,1.0,2.0,1.0,2.0,4.0,32.0,2.0,32.0,2.0,0.868,0.6565
4.0,4.0,40.0,96.0,24.0,48.0,48.0,24.0,24.0,16.0,1.0,1.0,1.0,2.0,8.0,16.0,4.0,8.0,2.0,0.8801166666666667,0.7150000000000001
8.0,1.0,40.0,96.0,32.0,48.0,48.0,16.0,16.0,12.0,1.0,4.0,1.0,8.0,2.0,32.0,4.0,16.0,4.0,0.8388944444444445,0.732
4.0,1.0,8.0,130.0,24.0,96.0,96.0,8.0,8.0,8.0,1.0,3.0,1.0,4.0,2.0,32.0,8.0,32.0,2.0,0.8474722222222222,0.5555
4.0,1.0,8.0,128.0,24.0,96.0,96.0,8.0,8.0,12.0,2.0,2.0,2.0,4.0,2.0,16.0,4.0,8.0,2.0,0.8853277777777778,0.611
4.0,1.0,35.0,64.0,16.0,48.0,48.0,24.0,24.0,12.0,2.0,3.0,2.0,4.0,8.0,16.0,8.0,16.0,2.0,0.8896166666666666,0.614
4.0,1.0,35.0,96.0,24.0,96.0,96.0,24.0,24.0,20.0,1.0,4.0,1.0,2.0,8.0,32.0,8.0,8.0,2.0,0.8905666666666666,0.6905
4.0,2.0,8.0,130.0,16.0,96.0,96.0,32.0,32.0,8.0,1.0,5.0,1.0,2.0,2.0,16.0,2.0,32.0,2.0,0.8418333333333333,0.655
4.0,1.0,32.0,96.0,24.0,96.0,96.0,16.0,16.0,20.0,1.0,5.0,1.0,4.0,4.0,32.0,4.0,8.0,2.0,0.8738444444444444,0.6755
8.0,1.0,35.0,128.0,24.0,64.0,64.0,8.0,8.0,8.0,2.0,3.0,2.0,8.0,8.0,16.0,4.0,16.0,4.0,0.8202666666666667,0.7830000000000001
8.0,1.0,35.0,64.0,16.0,112.0,112.0,8.0,8.0,12.0,2.0,5.0,2.0,8.0,4.0,32.0,4.0,16.0,4.0,0.8216666666666667,0.833
8.0,1.0,40.0,64.0,16.0,96.0,96.0,8.0,8.0,20.0,1.0,3.0,1.0,4.0,8.0,32.0,8.0,8.0,4.0,0.8377444444444444,0.8174999999999999
8.0,1.0,16.0,32.0,16.0,64.0,64.0,32.0,32.0,16.0,1.0,5.0,1.0,4.0,2.0,16.0,8.0,8.0,4.0,0.8507166666666667,0.7725
4.0,1.0,35.0,96.0,32.0,96.0,96.0,32.0,32.0,8.0,2.0,5.0,2.0,8.0,2.0,8.0,8.0,16.0,2.0,0.8484611111111111,0.6815
4.0,1.0,40.0,96.0,16.0,96.0,96.0,8.0,8.0,8.0,2.0,5.0,2.0,8.0,8.0,32.0,8.0,16.0,2.0,0.8322222222222222,0.6565
8.0,1.0,24.0,128.0,32.0,64.0,64.0,16.0,16.0,16.0,1.0,4.0,1.0,4.0,4.0,8.0,2.0,8.0,4.0,0.8492888888888889,0.771
4.0,1.0,40.0,130.0,24.0,112.0,112.0,16.0,16.0,16.0,1.0,2.0,1.0,8.0,2.0,32.0,4.0,32.0,2.0,0.8471777777777778,0.6395000000000001
4.0,1.0,32.0,130.0,24.0,48.0,48.0,32.0,32.0,12.0,2.0,4.0,2.0,8.0,4.0,16.0,2.0,8.0,2.0,0.8460111111111112,0.6615
4.0,1.0,35.0,96.0,16.0,80.0,80.0,24.0,24.0,12.0,1.0,3.0,1.0,2.0,8.0,16.0,4.0,32.0,2.0,0.8966833333333334,0.5914999999999999
4.0,1.0,8.0,96.0,16.0,48.0,48.0,32.0,32.0,12.0,1.0,2.0,1.0,4.0,4.0,32.0,2.0,8.0,2.0,0.8851777777777777,0.545
4.0,1.0,40.0,128.0,16.0,112.0,112.0,32.0,32.0,12.0,2.0,2.0,2.0,2.0,8.0,16.0,8.0,16.0,2.0,0.8965611111111111,0.6984999999999999
8.0,1.0,40.0,96.0,24.0,112.0,112.0,32.0,32.0,8.0,2.0,2.0,2.0,4.0,4.0,16.0,4.0,8.0,4.0,0.8621888888888889,0.801
4.0,1.0,8.0,130.0,24.0,112.0,112.0,24.0,24.0,20.0,2.0,2.0,2.0,8.0,8.0,16.0,8.0,16.0,2.0,0.8345444444444444,0.7865
4.0,1.0,35.0,96.0,32.0,48.0,48.0,24.0,24.0,20.0,1.0,3.0,1.0,2.0,8.0,8.0,2.0,32.0,2.0,0.8867055555555555,0.5725
8.0,1.0,32.0,96.0,16.0,80.0,80.0,8.0,8.0,16.0,1.0,3.0,1.0,4.0,4.0,8.0,4.0,32.0,4.0,0.8370444444444445,0.7464999999999999
8.0,1.0,32.0,128.0,24.0,96.0,96.0,16.0,16.0,16.0,1.0,1.0,1.0,2.0,2.0,16.0,4.0,16.0,4.0,0.8791611111111111,0.7775
4.0,1.0,32.0,130.0,32.0,80.0,80.0,8.0,8.0,12.0,1.0,2.0,1.0,4.0,4.0,32.0,8.0,16.0,2.0,0.8926722222222222,0.5785
4.0,1.0,35.0,96.0,16.0,80.0,80.0,16.0,16.0,12.0,1.0,3.0,1.0,8.0,8.0,8.0,4.0,8.0,2.0,0.8684444444444445,0.5935
4.0,1.0,24.0,96.0,24.0,64.0,64.0,16.0,16.0,16.0,2.0,2.0,2.0,2.0,8.0,16.0,4.0,16.0,2.0,0.8870666666666667,0.6194999999999999
4.0,1.0,24.0,130.0,32.0,112.0,112.0,24.0,24.0,16.0,1.0,2.0,1.0,2.0,2.0,8.0,4.0,8.0,2.0,0.8855388888888889,0.633
8.0,1.0,35.0,96.0,24.0,80.0,80.0,32.0,32.0,16.0,2.0,5.0,2.0,8.0,8.0,32.0,2.0,16.0,4.0,0.8276111111111111,0.8925
8.0,1.0,40.0,96.0,32.0,64.0,64.0,32.0,32.0,8.0,2.0,4.0,2.0,2.0,8.0,16.0,8.0,16.0,4.0,0.8694333333333333,0.806
8.0,1.0,16.0,96.0,32.0,96.0,96.0,8.0,8.0,16.0,1.0,2.0,1.0,4.0,8.0,32.0,4.0,32.0,4.0,0.8759722222222223,0.7695000000000001
8.0,1.0,40.0,128.0,24.0,112.0,112.0,24.0,24.0,8.0,2.0,5.0,2.0,4.0,4.0,32.0,2.0,16.0,4.0,0.8536222222222222,0.8280000000000001
4.0,1.0,24.0,96.0,24.0,80.0,80.0,24.0,24.0,12.0,1.0,1.0,1.0,2.0,2.0,32.0,8.0,16.0,2.0,0.9021888888888889,0.5755
4.0,2.0,8.0,130.0,32.0,96.0,96.0,32.0,32.0,16.0,1.0,2.0,1.0,4.0,4.0,8.0,8.0,16.0,2.0,0.8004722222222223,0.7145
4.0,1.0,24.0,64.0,32.0,64.0,64.0,8.0,8.0,16.0,1.0,1.0,1.0,4.0,4.0,32.0,2.0,16.0,2.0,0.9186666666666666,0.5395
4.0,1.0,8.0,64.0,32.0,48.0,48.0,24.0,24.0,12.0,1.0,3.0,1.0,4.0,8.0,32.0,2.0,16.0,2.0,0.8861611111111111,0.5385
8.0,1.0,16.0,64.0,24.0,48.0,48.0,8.0,8.0,16.0,2.0,4.0,2.0,8.0,2.0,16.0,8.0,16.0,4.0,0.8191666666666667,0.7915
8.0,1.0,16.0,96.0,32.0,80.0,80.0,24.0,24.0,12.0,2.0,2.0,2.0,8.0,4.0,32.0,4.0,16.0,4.0,0.8431388888888889,0.8124999999999999
4.0,1.0,35.0,96.0,24.0,112.0,112.0,8.0,8.0,20.0,1.0,5.0,1.0,8.0,8.0,8.0,4.0,32.0,2.0,0.8347888888888889,0.7035
8.0,1.0,35.0,130.0,24.0,112.0,112.0,16.0,16.0,20.0,1.0,5.0,1.0,8.0,4.0,32.0,8.0,16.0,4.0,0.8214777777777778,0.9125
8.0,2.0,32.0,128.0,16.0,64.0,64.0,32.0,32.0,12.0,2.0,5.0,2.0,4.0,4.0,32.0,2.0,16.0,4.0,0.7935833333333333,0.8740000000000001
8.0,2.0,32.0,128.0,16.0,64.0,64.0,32.0,32.0,16.0,2.0,3.0,2.0,4.0,8.0,32.0,4.0,16.0,4.0,0.7944888888888889,0.9025
8.0,5.0,40.0,130.0,32.0,48.0,48.0,8.0,8.0,16.0,2.0,5.0,2.0,4.0,4.0,8.0,4.0,16.0,4.0,0.8626055555555555,1.09
4.0,1.0,40.0,64.0,24.0,96.0,96.0,32.0,32.0,12.0,2.0,2.0,2.0,8.0,8.0,8.0,2.0,8.0,2.0,0.8372777777777778,0.6715
4.0,1.0,35.0,64.0,16.0,112.0,112.0,16.0,16.0,12.0,1.0,3.0,1.0,2.0,8.0,16.0,2.0,16.0,2.0,0.89995,0.5865
8.0,1.0,24.0,130.0,24.0,96.0,96.0,24.0,24.0,8.0,1.0,5.0,1.0,8.0,4.0,32.0,2.0,16.0,4.0,0.8501611111111111,0.7794999999999999
8.0,1.0,35.0,130.0,16.0,96.0,96.0,32.0,32.0,20.0,1.0,4.0,1.0,8.0,8.0,32.0,8.0,8.0,4.0,0.8414833333333334,0.9029999999999999
8.0,1.0,24.0,96.0,16.0,64.0,64.0,16.0,16.0,16.0,2.0,2.0,2.0,4.0,2.0,32.0,4.0,16.0,4.0,0.8518277777777777,0.7805000000000001
8.0,1.0,32.0,96.0,16.0,48.0,48.0,24.0,24.0,8.0,1.0,2.0,1.0,2.0,4.0,16.0,2.0,16.0,4.0,0.887,0.6820000000000002
8.0,1.0,40.0,128.0,24.0,96.0,96.0,8.0,8.0,16.0,1.0,1.0,1.0,2.0,4.0,8.0,8.0,8.0,4.0,0.9157277777777778,0.7825
8.0,1.0,16.0,130.0,24.0,64.0,64.0,16.0,16.0,8.0,2.0,1.0,2.0,8.0,4.0,32.0,4.0,32.0,4.0,0.8539055555555556,0.7715
8.0,1.0,16.0,96.0,24.0,112.0,112.0,32.0,32.0,16.0,2.0,5.0,2.0,2.0,4.0,16.0,4.0,8.0,4.0,0.8633222222222222,0.889
8.0,1.0,16.0,96.0,16.0,96.0,96.0,8.0,8.0,12.0,2.0,3.0,2.0,8.0,8.0,32.0,8.0,8.0,4.0,0.8203277777777778,0.8300000000000001
8.0,1.0,35.0,130.0,32.0,96.0,96.0,32.0,32.0,16.0,1.0,3.0,1.0,2.0,2.0,16.0,4.0,32.0,4.0,0.8603777777777778,0.8049999999999999
4.0,1.0,8.0,96.0,32.0,48.0,48.0,8.0,8.0,20.0,1.0,2.0,1.0,4.0,4.0,16.0,2.0,32.0,2.0,0.8855722222222222,0.518
4.0,1.0,16.0,96.0,32.0,48.0,48.0,8.0,8.0,20.0,2.0,4.0,2.0,2.0,4.0,32.0,2.0,16.0,2.0,0.8672555555555556,0.5874999999999999
8.0,5.0,35.0,130.0,32.0,48.0,48.0,8.0,8.0,20.0,2.0,5.0,2.0,4.0,2.0,16.0,4.0,8.0,4.0,0.8572888888888889,1.17
8.0,1.0,40.0,96.0,24.0,96.0,96.0,24.0,24.0,8.0,2.0,2.0,2.0,2.0,4.0,16.0,8.0,32.0,4.0,0.8755777777777778,0.7869999999999999
8.0,4.0,40.0,128.0,24.0,48.0,48.0,8.0,8.0,8.0,1.0,5.0,1.0,8.0,2.0,32.0,2.0,16.0,4.0,0.8354944444444444,0.8069999999999999
8.0,1.0,40.0,96.0,32.0,64.0,64.0,16.0,16.0,16.0,2.0,5.0,2.0,4.0,4.0,32.0,4.0,8.0,4.0,0.8535055555555555,0.8115
4.0,1.0,32.0,96.0,24.0,112.0,112.0,32.0,32.0,16.0,1.0,4.0,1.0,4.0,4.0,16.0,8.0,32.0,2.0,0.8782888888888889,0.6805
8.0,1.0,40.0,64.0,16.0,80.0,80.0,32.0,32.0,8.0,1.0,3.0,1.0,2.0,4.0,8.0,4.0,32.0,4.0,0.8746611111111111,0.7125000000000001
8.0,1.0,32.0,128.0,32.0,112.0,112.0,32.0,32.0,20.0,1.0,1.0,1.0,2.0,8.0,16.0,8.0,32.0,4.0,0.8694833333333334,0.8879999999999999
4.0,1.0,16.0,128.0,16.0,80.0,80.0,24.0,24.0,8.0,2.0,4.0,2.0,4.0,4.0,32.0,8.0,8.0,2.0,0.8934388888888889,0.645
8.0,1.0,35.0,96.0,24.0,48.0,48.0,24.0,24.0,12.0,1.0,4.0,1.0,8.0,8.0,32.0,8.0,8.0,4.0,0.8371166666666666,0.7755000000000001
4.0,1.0,24.0,96.0,32.0,80.0,80.0,8.0,8.0,20.0,2.0,3.0,2.0,2.0,2.0,16.0,8.0,8.0,2.0,0.8616388888888888,0.659
4.0,1.0,40.0,130.0,16.0,112.0,112.0,8.0,8.0,20.0,1.0,4.0,1.0,2.0,2.0,32.0,2.0,8.0,2.0,0.8636166666666667,0.6655
4.0,1.0,8.0,130.0,16.0,80.0,80.0,32.0,32.0,16.0,1.0,5.0,1.0,4.0,8.0,16.0,4.0,8.0,2.0,0.87115,0.6784999999999999
8.0,1.0,32.0,130.0,16.0,112.0,112.0,32.0,32.0,20.0,2.0,5.0,2.0,4.0,2.0,8.0,8.0,8.0,4.0,0.8559888888888889,0.967
4.0,1.0,35.0,128.0,16.0,112.0,112.0,8.0,8.0,20.0,2.0,5.0,2.0,4.0,2.0,8.0,2.0,32.0,2.0,0.8458555555555556,0.7350000000000001
8.0,1.0,32.0,64.0,24.0,64.0,64.0,32.0,32.0,16.0,1.0,3.0,1.0,4.0,8.0,8.0,2.0,32.0,4.0,0.8523777777777778,0.7635000000000001
4.0,2.0,32.0,32.0,16.0,112.0,112.0,8.0,8.0,12.0,1.0,3.0,1.0,2.0,2.0,16.0,2.0,8.0,2.0,0.88165,0.5825
8.0,2.0,16.0,130.0,32.0,48.0,48.0,8.0,8.0,20.0,2.0,5.0,2.0,8.0,4.0,16.0,8.0,8.0,4.0,0.8254777777777778,0.901
4.0,2.0,32.0,128.0,32.0,48.0,48.0,8.0,8.0,8.0,2.0,5.0,2.0,8.0,4.0,8.0,4.0,32.0,2.0,0.8269555555555556,0.6409999999999999
4.0,1.0,8.0,96.0,32.0,96.0,96.0,16.0,16.0,12.0,1.0,5.0,1.0,2.0,2.0,16.0,4.0,8.0,2.0,0.8919166666666667,0.5925
8.0,1.0,24.0,128.0,16.0,112.0,112.0,16.0,16.0,20.0,1.0,3.0,1.0,4.0,8.0,16.0,4.0,8.0,4.0,0.8388555555555556,0.8560000000000001
4.0,1.0,16.0,128.0,16.0,112.0,112.0,16.0,16.0,16.0,2.0,4.0,2.0,4.0,2.0,16.0,4.0,32.0,2.0,0.8746555555555555,0.7055
8.0,1.0,24.0,128.0,16.0,112.0,112.0,24.0,24.0,20.0,1.0,4.0,1.0,2.0,4.0,8.0,4.0,16.0,4.0,0.8562944444444445,0.859
4.0,1.0,35.0,128.0,32.0,96.0,96.0,32.0,32.0,12.0,1.0,2.0,1.0,8.0,8.0,8.0,8.0,8.0,2.0,0.8474555555555555,0.6525000000000001
4.0,1.0,16.0,130.0,32.0,112.0,112.0,24.0,24.0,8.0,2.0,2.0,2.0,8.0,4.0,16.0,8.0,16.0,2.0,0.8521666666666666,0.6684999999999999
8.0,5.0,40.0,130.0,24.0,48.0,48.0,16.0,16.0,12.0,2.0,3.0,2.0,8.0,2.0,16.0,4.0,32.0,4.0,0.8218944444444445,1.03
4.0,1.0,40.0,96.0,24.0,48.0,48.0,24.0,24.0,12.0,1.0,3.0,1.0,8.0,8.0,8.0,8.0,16.0,2.0,0.8496,0.5895
4.0,1.0,8.0,64.0,24.0,96.0,96.0,32.0,32.0,20.0,2.0,4.0,2.0,8.0,4.0,8.0,8.0,32.0,2.0,0.8412888888888889,0.751
4.0,1.0,40.0,128.0,24.0,96.0,96.0,24.0,24.0,16.0,1.0,1.0,1.0,2.0,2.0,32.0,8.0,8.0,2.0,0.9021888888888889,0.6375
8.0,1.0,35.0,128.0,16.0,80.0,80.0,8.0,8.0,16.0,1.0,1.0,1.0,2.0,2.0,32.0,4.0,32.0,4.0,0.9156388888888889,0.7469999999999999
4.0,1.0,32.0,130.0,16.0,112.0,112.0,16.0,16.0,20.0,1.0,3.0,1.0,8.0,2.0,16.0,8.0,16.0,2.0,0.8443,0.6930000000000001
8.0,2.0,40.0,130.0,24.0,48.0,48.0,8.0,8.0,8.0,1.0,1.0,1.0,2.0,2.0,8.0,4.0,16.0,4.0,0.8925333333333333,0.6825000000000001
8.0,1.0,16.0,130.0,24.0,96.0,96.0,16.0,16.0,8.0,2.0,2.0,2.0,4.0,2.0,8.0,8.0,8.0,4.0,0.8613611111111111,0.7830000000000001
4.0,1.0,16.0,64.0,16.0,80.0,80.0,32.0,32.0,16.0,1.0,3.0,1.0,2.0,4.0,16.0,4.0,32.0,2.0,0.8952111111111111,0.603
8.0,5.0,40.0,130.0,24.0,64.0,64.0,24.0,24.0,20.0,2.0,4.0,2.0,8.0,4.0,8.0,4.0,16.0,4.0,0.7603777777777778,1.3450000000000002
4.0,1.0,24.0,96.0,32.0,48.0,48.0,8.0,8.0,8.0,2.0,4.0,2.0,2.0,4.0,16.0,2.0,32.0,2.0,0.8657833333333333,0.553
8.0,1.0,32.0,130.0,32.0,80.0,80.0,24.0,24.0,20.0,1.0,4.0,1.0,4.0,8.0,16.0,8.0,8.0,4.0,0.8493833333333334,0.8640000000000001
8.0,5.0,40.0,130.0,32.0,96.0,96.0,24.0,24.0,20.0,1.0,4.0,1.0,8.0,8.0,16.0,8.0,8.0,4.0,0.7576888888888889,1.0950000000000002
4.0,2.0,32.0,130.0,24.0,64.0,64.0,16.0,16.0,12.0,1.0,4.0,1.0,8.0,2.0,8.0,8.0,32.0,2.0,0.7909166666666667,0.6505
4.0,1.0,40.0,128.0,24.0,80.0,80.0,16.0,16.0,20.0,2.0,3.0,2.0,4.0,8.0,32.0,4.0,32.0,2.0,0.8720833333333333,0.7030000000000001
4.0,2.0,40.0,130.0,16.0,96.0,96.0,8.0,8.0,8.0,1.0,1.0,1.0,2.0,2.0,16.0,4.0,16.0,2.0,0.88495,0.5595
4.0,1.0,32.0,128.0,24.0,80.0,80.0,24.0,24.0,20.0,2.0,1.0,2.0,4.0,4.0,16.0,2.0,16.0,2.0,0.8923944444444445,0.694
8.0,1.0,35.0,96.0,32.0,80.0,80.0,8.0,8.0,12.0,1.0,4.0,1.0,2.0,8.0,32.0,4.0,32.0,4.0,0.8507388888888889,0.7435
8.0,1.0,32.0,130.0,24.0,80.0,80.0,16.0,16.0,8.0,1.0,2.0,1.0,4.0,2.0,16.0,8.0,8.0,4.0,0.8706888888888888,0.7275
8.0,1.0,24.0,64.0,32.0,48.0,48.0,8.0,8.0,12.0,2.0,5.0,2.0,4.0,4.0,8.0,2.0,8.0,4.0,0.8382055555555555,0.7350000000000001
8.0,2.0,16.0,128.0,24.0,112.0,112.0,32.0,32.0,8.0,2.0,3.0,2.0,8.0,4.0,8.0,8.0,16.0,4.0,0.7679777777777778,0.906
8.0,1.0,35.0,128.0,16.0,48.0,48.0,32.0,32.0,20.0,1.0,5.0,1.0,8.0,8.0,32.0,4.0,16.0,4.0,0.8306833333333333,0.8165
4.0,2.0,40.0,130.0,16.0,96.0,96.0,8.0,8.0,12.0,2.0,5.0,2.0,2.0,2.0,32.0,2.0,8.0,2.0,0.86405,0.6835
4.0,1.0,32.0,96.0,24.0,80.0,80.0,32.0,32.0,8.0,1.0,2.0,1.0,4.0,8.0,8.0,2.0,32.0,2.0,0.8944611111111112,0.5680000000000001
8.0,1.0,24.0,130.0,16.0,64.0,64.0,24.0,24.0,16.0,2.0,1.0,2.0,4.0,4.0,8.0,2.0,8.0,4.0,0.8597333333333333,0.8194999999999999
8.0,1.0,24.0,128.0,32.0,96.0,96.0,16.0,16.0,16.0,2.0,4.0,2.0,2.0,4.0,8.0,4.0,32.0,4.0,0.8660111111111111,0.8425
8.0,4.0,16.0,128.0,16.0,80.0,80.0,32.0,32.0,16.0,1.0,3.0,1.0,2.0,4.0,16.0,8.0,32.0,4.0,0.8042833333333334,1.1
8.0,2.0,16.0,130.0,24.0,80.0,80.0,24.0,24.0,12.0,1.0,1.0,1.0,4.0,4.0,16.0,2.0,8.0,4.0,0.8033944444444444,0.7915
4.0,4.0,16.0,96.0,24.0,96.0,96.0,24.0,24.0,12.0,1.0,3.0,1.0,2.0,2.0,32.0,2.0,16.0,2.0,0.8405888888888889,0.8340000000000001
8.0,4.0,32.0,128.0,32.0,128.0,128.0,32.0,32.0,20.0,2.0,4.0,2.0,8.0,8.0,32.0,8.0,32.0,4.0,0.7084833333333334,1.395
8.0,1.0,40.0,130.0,16.0,112.0,112.0,16.0,16.0,20.0,2.0,2.0,2.0,8.0,4.0,8.0,2.0,8.0,4.0,0.8248444444444445,0.907
8.0,1.0,16.0,96.0,32.0,80.0,80.0,32.0,32.0,20.0,2.0,4.0,2.0,2.0,2.0,16.0,4.0,32.0,4.0,0.8644111111111111,0.8645
4.0,2.0,40.0,32.0,16.0,112.0,112.0,24.0,24.0,20.0,1.0,5.0,1.0,4.0,4.0,8.0,4.0,16.0,2.0,0.8325833333333333,0.7314999999999999
4.0,1.0,35.0,130.0,16.0,80.0,80.0,24.0,24.0,20.0,1.0,2.0,1.0,8.0,8.0,16.0,2.0,16.0,2.0,0.8533944444444445,0.6620000000000001
4.0,1.0,35.0,128.0,32.0,80.0,80.0,8.0,8.0,20.0,2.0,3.0,2.0,2.0,4.0,16.0,4.0,32.0,2.0,0.8661722222222222,0.664
4.0,1.0,24.0,130.0,16.0,96.0,96.0,8.0,8.0,20.0,2.0,5.0,2.0,2.0,2.0,8.0,2.0,16.0,2.0,0.8615944444444444,0.702
8.0,1.0,16.0,130.0,32.0,96.0,96.0,16.0,16.0,8.0,1.0,5.0,1.0,2.0,8.0,8.0,8.0,16.0,4.0,0.8586833333333334,0.7930000000000001
8.0,1.0,16.0,130.0,32.0,96.0,96.0,24.0,24.0,12.0,2.0,3.0,2.0,4.0,4.0,8.0,8.0,8.0,4.0,0.85845,0.838
8.0,1.0,32.0,128.0,32.0,80.0,80.0,16.0,16.0,20.0,2.0,4.0,2.0,2.0,8.0,8.0,4.0,8.0,4.0,0.8562555555555555,0.8745
8.0,5.0,35.0,130.0,16.0,48.0,48.0,8.0,8.0,8.0,1.0,5.0,1.0,2.0,2.0,8.0,2.0,8.0,4.0,0.8913388888888889,0.822
8.0,5.0,35.0,130.0,16.0,48.0,48.0,8.0,8.0,8.0,2.0,2.0,2.0,2.0,4.0,8.0,2.0,8.0,4.0,0.8822222222222222,0.9040000000000001
8.0,5.0,35.0,130.0,16.0,48.0,48.0,8.0,8.0,8.0,1.0,4.0,1.0,2.0,4.0,8.0,2.0,8.0,4.0,0.9053277777777777,0.8250000000000001
4.0,1.0,24.0,130.0,32.0,80.0,80.0,16.0,16.0,12.0,2.0,1.0,2.0,4.0,4.0,16.0,8.0,32.0,2.0,0.8908888888888888,0.654
8.0,5.0,35.0,130.0,32.0,64.0,64.0,32.0,32.0,12.0,2.0,3.0,2.0,8.0,2.0,8.0,2.0,16.0,4.0,0.7690388888888889,1.1949999999999998
4.0,1.0,32.0,128.0,24.0,64.0,64.0,32.0,32.0,20.0,1.0,5.0,1.0,8.0,4.0,32.0,2.0,16.0,2.0,0.8607888888888889,0.6479999999999999
8.0,1.0,16.0,128.0,24.0,80.0,80.0,16.0,16.0,12.0,2.0,5.0,2.0,8.0,4.0,32.0,8.0,32.0,4.0,0.8279722222222222,0.8515
4.0,4.0,8.0,96.0,24.0,64.0,64.0,24.0,24.0,16.0,2.0,2.0,2.0,2.0,8.0,8.0,4.0,32.0,2.0,0.82965,0.8165
8.0,5.0,35.0,130.0,16.0,48.0,48.0,16.0,16.0,16.0,1.0,3.0,1.0,8.0,2.0,32.0,2.0,8.0,4.0,0.8292888888888889,1.05
8.0,5.0,40.0,130.0,32.0,48.0,48.0,8.0,8.0,8.0,2.0,4.0,2.0,4.0,8.0,32.0,8.0,32.0,4.0,0.8599666666666667,0.9645000000000001
4.0,2.0,16.0,130.0,24.0,64.0,64.0,16.0,16.0,16.0,2.0,3.0,2.0,2.0,8.0,16.0,4.0,32.0,2.0,0.8169111111111111,0.7005
8.0,4.0,32.0,128.0,32.0,64.0,64.0,24.0,24.0,12.0,2.0,1.0,2.0,8.0,8.0,32.0,8.0,32.0,4.0,0.7831833333333333,0.9970000000000001
8.0,5.0,35.0,130.0,16.0,64.0,64.0,32.0,32.0,16.0,1.0,5.0,1.0,2.0,8.0,32.0,4.0,16.0,4.0,0.8129111111111111,1.25
8.0,2.0,32.0,130.0,24.0,48.0,48.0,32.0,32.0,20.0,1.0,1.0,1.0,2.0,8.0,16.0,2.0,16.0,4.0,0.8749666666666667,0.8115
4.0,1.0,16.0,96.0,24.0,80.0,80.0,24.0,24.0,12.0,2.0,4.0,2.0,4.0,2.0,32.0,2.0,16.0,2.0,0.8827111111111111,0.6384999999999998
8.0,4.0,40.0,128.0,32.0,64.0,64.0,24.0,24.0,12.0,2.0,2.0,2.0,4.0,2.0,8.0,4.0,8.0,4.0,0.8136888888888889,0.931
8.0,5.0,35.0,130.0,32.0,48.0,48.0,8.0,8.0,8.0,1.0,1.0,1.0,2.0,8.0,8.0,8.0,32.0,4.0,0.9083277777777777,0.8565
8.0,5.0,35.0,130.0,16.0,48.0,48.0,8.0,8.0,8.0,1.0,1.0,1.0,2.0,2.0,8.0,4.0,8.0,4.0,0.8860388888888889,0.8355
8.0,5.0,35.0,130.0,16.0,48.0,48.0,8.0,8.0,8.0,1.0,2.0,1.0,2.0,2.0,8.0,4.0,8.0,4.0,0.9030666666666667,0.8185
8.0,5.0,35.0,130.0,16.0,48.0,48.0,8.0,8.0,8.0,1.0,3.0,1.0,2.0,2.0,8.0,4.0,8.0,4.0,0.8845222222222222,0.8604999999999998
8.0,5.0,35.0,130.0,16.0,48.0,48.0,8.0,8.0,8.0,1.0,1.0,1.0,2.0,4.0,8.0,4.0,8.0,4.0,0.88875,0.8634999999999999
8.0,4.0,16.0,96.0,24.0,48.0,48.0,24.0,24.0,20.0,2.0,1.0,2.0,2.0,2.0,8.0,8.0,16.0,4.0,0.8908833333333334,0.9545000000000001
4.0,1.0,35.0,128.0,16.0,64.0,64.0,24.0,24.0,20.0,1.0,1.0,1.0,2.0,8.0,32.0,8.0,8.0,2.0,0.9031,0.61
8.0,1.0,24.0,128.0,16.0,80.0,80.0,16.0,16.0,16.0,2.0,3.0,2.0,2.0,2.0,8.0,4.0,32.0,4.0,0.8532166666666666,0.8145
8.0,5.0,40.0,130.0,24.0,48.0,48.0,32.0,32.0,12.0,1.0,3.0,1.0,8.0,4.0,16.0,8.0,16.0,4.0,0.8336777777777777,1.13
8.0,2.0,32.0,128.0,16.0,48.0,48.0,8.0,8.0,8.0,2.0,3.0,2.0,8.0,8.0,16.0,4.0,8.0,4.0,0.8253555555555555,0.7930000000000001
8.0,1.0,32.0,128.0,24.0,64.0,64.0,32.0,32.0,16.0,2.0,3.0,2.0,4.0,4.0,8.0,4.0,32.0,4.0,0.8518777777777777,0.8365
8.0,5.0,40.0,130.0,24.0,64.0,64.0,8.0,8.0,12.0,2.0,3.0,2.0,2.0,4.0,16.0,8.0,16.0,4.0,0.8498833333333333,1.015
4.0,4.0,24.0,96.0,16.0,48.0,48.0,32.0,32.0,20.0,2.0,3.0,2.0,4.0,8.0,8.0,4.0,8.0,2.0,0.8433333333333334,0.964
8.0,5.0,35.0,130.0,24.0,80.0,80.0,24.0,24.0,20.0,2.0,5.0,2.0,2.0,2.0,8.0,2.0,8.0,4.0,0.8301388888888889,1.105
8.0,5.0,35.0,130.0,24.0,80.0,80.0,24.0,24.0,20.0,2.0,5.0,2.0,2.0,2.0,8.0,2.0,8.0,4.0,0.8301388888888889,1.105
8.0,2.0,32.0,130.0,32.0,64.0,64.0,8.0,8.0,8.0,1.0,3.0,1.0,8.0,8.0,16.0,8.0,16.0,4.0,0.8182222222222222,0.7730000000000001
4.0,4.0,40.0,128.0,24.0,80.0,80.0,32.0,32.0,8.0,2.0,1.0,2.0,2.0,4.0,8.0,8.0,32.0,2.0,0.8268722222222222,0.863
4.0,2.0,32.0,128.0,24.0,48.0,48.0,16.0,16.0,12.0,1.0,3.0,1.0,2.0,8.0,8.0,8.0,8.0,2.0,0.8597,0.615
8.0,2.0,40.0,130.0,24.0,48.0,48.0,8.0,8.0,20.0,2.0,1.0,2.0,4.0,4.0,8.0,8.0,8.0,4.0,0.8716666666666667,0.8315
4.0,2.0,32.0,130.0,32.0,48.0,48.0,8.0,8.0,8.0,1.0,4.0,1.0,2.0,8.0,8.0,4.0,8.0,2.0,0.8813722222222222,0.574
8.0,4.0,32.0,128.0,16.0,96.0,96.0,32.0,32.0,16.0,2.0,2.0,2.0,4.0,4.0,16.0,4.0,32.0,4.0,0.7782333333333333,1.1700000000000002
4.0,2.0,8.0,128.0,16.0,112.0,112.0,16.0,16.0,20.0,1.0,5.0,1.0,2.0,2.0,16.0,2.0,16.0,2.0,0.8404666666666667,0.7435
8.0,4.0,24.0,96.0,32.0,48.0,48.0,8.0,8.0,20.0,1.0,4.0,1.0,2.0,2.0,16.0,2.0,32.0,4.0,0.8845666666666666,0.8599999999999999
8.0,1.0,16.0,130.0,32.0,80.0,80.0,32.0,32.0,20.0,1.0,3.0,1.0,8.0,2.0,16.0,2.0,32.0,4.0,0.8182666666666667,0.8324999999999999
8.0,4.0,24.0,64.0,16.0,48.0,48.0,32.0,32.0,20.0,2.0,4.0,2.0,2.0,2.0,8.0,4.0,8.0,4.0,0.8721888888888889,1.075
4.0,4.0,24.0,128.0,32.0,80.0,80.0,16.0,16.0,12.0,2.0,3.0,2.0,8.0,2.0,8.0,2.0,8.0,2.0,0.7835777777777778,0.8035000000000001
4.0,4.0,8.0,128.0,32.0,96.0,96.0,16.0,16.0,12.0,1.0,3.0,1.0,2.0,8.0,32.0,2.0,32.0,2.0,0.8245222222222223,0.7530000000000001
8.0,2.0,32.0,130.0,32.0,64.0,64.0,8.0,8.0,12.0,1.0,5.0,1.0,4.0,4.0,32.0,4.0,32.0,4.0,0.8445888888888888,0.788
8.0,2.0,32.0,130.0,24.0,64.0,64.0,8.0,8.0,8.0,1.0,5.0,1.0,4.0,2.0,16.0,8.0,8.0,4.0,0.8541555555555556,0.775
4.0,4.0,16.0,128.0,16.0,96.0,96.0,32.0,32.0,12.0,2.0,5.0,2.0,8.0,2.0,16.0,4.0,8.0,2.0,0.7747,0.9884999999999999
8.0,2.0,32.0,130.0,24.0,48.0,48.0,16.0,16.0,12.0,1.0,1.0,1.0,2.0,8.0,16.0,2.0,8.0,4.0,0.8736166666666667,0.7369999999999999
4.0,2.0,16.0,128.0,16.0,112.0,112.0,16.0,16.0,20.0,2.0,4.0,2.0,2.0,2.0,8.0,2.0,8.0,2.0,0.8327444444444444,0.7785
4.0,4.0,16.0,96.0,16.0,96.0,96.0,16.0,16.0,16.0,1.0,3.0,1.0,8.0,2.0,32.0,2.0,32.0,2.0,0.7850722222222222,0.791
4.0,4.0,8.0,64.0,24.0,48.0,48.0,8.0,8.0,20.0,1.0,3.0,1.0,4.0,2.0,16.0,4.0,32.0,2.0,0.8770777777777777,0.6925000000000001
8.0,5.0,40.0,130.0,24.0,64.0,64.0,8.0,8.0,16.0,2.0,2.0,2.0,8.0,8.0,16.0,4.0,16.0,4.0,0.8097222222222222,1.1149999999999998
4.0,4.0,8.0,96.0,24.0,64.0,64.0,8.0,8.0,16.0,2.0,3.0,2.0,2.0,2.0,8.0,4.0,8.0,2.0,0.8807666666666667,0.732
4.0,4.0,32.0,96.0,16.0,80.0,80.0,16.0,16.0,8.0,1.0,5.0,1.0,8.0,8.0,8.0,2.0,16.0,2.0,0.7752833333333333,0.7355
8.0,5.0,35.0,130.0,24.0,64.0,64.0,32.0,32.0,20.0,2.0,3.0,2.0,4.0,2.0,8.0,2.0,8.0,4.0,0.8031666666666667,1.355
8.0,5.0,35.0,130.0,32.0,128.0,128.0,32.0,32.0,20.0,2.0,5.0,2.0,8.0,8.0,32.0,8.0,32.0,4.0,0.7059888888888889,1.4650000000000003
8.0,1.0,32.0,96.0,24.0,64.0,64.0,8.0,8.0,16.0,1.0,4.0,1.0,2.0,4.0,32.0,4.0,8.0,4.0,0.8517611111111111,0.74
8.0,4.0,24.0,96.0,24.0,64.0,64.0,24.0,24.0,20.0,1.0,1.0,1.0,8.0,2.0,16.0,2.0,16.0,4.0,0.7968222222222222,0.9725
4.0,4.0,16.0,64.0,24.0,96.0,96.0,32.0,32.0,12.0,1.0,5.0,1.0,4.0,2.0,8.0,2.0,16.0,2.0,0.8135277777777777,0.8294999999999999
4.0,4.0,40.0,128.0,24.0,64.0,64.0,8.0,8.0,16.0,1.0,1.0,1.0,2.0,4.0,8.0,8.0,8.0,2.0,0.8821388888888889,0.6990000000000001
8.0,5.0,35.0,130.0,32.0,80.0,80.0,16.0,16.0,16.0,2.0,4.0,2.0,4.0,4.0,8.0,8.0,32.0,4.0,0.7828166666666667,1.24
8.0,4.0,32.0,96.0,32.0,48.0,48.0,24.0,24.0,20.0,1.0,3.0,1.0,2.0,8.0,8.0,2.0,32.0,4.0,0.8648333333333333,0.9279999999999999
8.0,4.0,32.0,96.0,24.0,48.0,48.0,32.0,32.0,16.0,1.0,5.0,1.0,4.0,4.0,32.0,8.0,8.0,4.0,0.8498222222222223,1.06
4.0,4.0,32.0,128.0,24.0,80.0,80.0,8.0,8.0,8.0,2.0,5.0,2.0,4.0,8.0,16.0,4.0,32.0,2.0,0.8368222222222222,0.801
4.0,1.0,32.0,130.0,16.0,64.0,64.0,32.0,32.0,12.0,2.0,4.0,2.0,2.0,4.0,16.0,8.0,8.0,2.0,0.8982444444444444,0.667
4.0,4.0,8.0,96.0,16.0,96.0,96.0,8.0,8.0,12.0,2.0,3.0,2.0,2.0,8.0,8.0,8.0,32.0,2.0,0.8755833333333334,0.764
8.0,5.0,35.0,130.0,24.0,96.0,96.0,24.0,24.0,20.0,2.0,5.0,2.0,2.0,4.0,8.0,4.0,32.0,4.0,0.7989444444444445,1.1749999999999998
4.0,4.0,24.0,96.0,16.0,64.0,64.0,24.0,24.0,12.0,1.0,3.0,1.0,4.0,4.0,32.0,8.0,32.0,2.0,0.8011,0.8185
4.0,1.0,32.0,130.0,16.0,64.0,64.0,16.0,16.0,8.0,2.0,2.0,2.0,4.0,2.0,16.0,2.0,8.0,2.0,0.8912444444444444,0.5750000000000001
8.0,4.0,16.0,96.0,16.0,96.0,96.0,24.0,24.0,12.0,2.0,2.0,2.0,8.0,4.0,32.0,8.0,32.0,4.0,0.7576833333333334,1.018
8.0,1.0,16.0,128.0,16.0,80.0,80.0,24.0,24.0,16.0,1.0,2.0,1.0,8.0,4.0,16.0,8.0,32.0,4.0,0.8107,0.8160000000000001
8.0,4.0,32.0,96.0,16.0,80.0,80.0,8.0,8.0,20.0,2.0,1.0,2.0,8.0,2.0,16.0,2.0,32.0,4.0,0.8406055555555556,0.9809999999999999
4.0,4.0,16.0,64.0,24.0,48.0,48.0,24.0,24.0,20.0,1.0,3.0,1.0,2.0,2.0,8.0,8.0,8.0,2.0,0.8770722222222223,0.7489999999999999
8.0,4.0,16.0,96.0,16.0,48.0,48.0,24.0,24.0,16.0,2.0,3.0,2.0,8.0,2.0,32.0,2.0,8.0,4.0,0.822,0.9455
4.0,4.0,32.0,128.0,32.0,96.0,96.0,32.0,32.0,8.0,2.0,1.0,2.0,4.0,8.0,16.0,2.0,8.0,2.0,0.8023055555555556,0.8810000000000001
8.0,5.0,40.0,130.0,32.0,64.0,64.0,32.0,32.0,16.0,2.0,2.0,2.0,4.0,4.0,32.0,2.0,8.0,4.0,0.7946777777777778,1.2650000000000001
4.0,4.0,40.0,96.0,24.0,64.0,64.0,8.0,8.0,8.0,2.0,2.0,2.0,2.0,2.0,16.0,8.0,16.0,2.0,0.8638444444444444,0.6495000000000001
4.0,4.0,40.0,96.0,32.0,64.0,64.0,32.0,32.0,16.0,1.0,1.0,1.0,4.0,8.0,16.0,2.0,16.0,2.0,0.8092222222222222,0.8885000000000001
8.0,4.0,32.0,96.0,32.0,64.0,64.0,8.0,8.0,8.0,2.0,4.0,2.0,8.0,4.0,16.0,2.0,32.0,4.0,0.8106833333333333,0.8565
4.0,4.0,32.0,96.0,32.0,64.0,64.0,16.0,16.0,12.0,1.0,3.0,1.0,2.0,8.0,16.0,4.0,8.0,2.0,0.8188888888888889,0.7095
4.0,4.0,32.0,96.0,24.0,64.0,64.0,32.0,32.0,12.0,1.0,1.0,1.0,2.0,8.0,32.0,8.0,32.0,2.0,0.8270944444444445,0.796
8.0,5.0,35.0,130.0,24.0,80.0,80.0,32.0,32.0,8.0,1.0,1.0,1.0,8.0,2.0,8.0,2.0,32.0,4.0,0.7933277777777777,1.0650000000000002
4.0,4.0,40.0,96.0,24.0,64.0,64.0,24.0,24.0,20.0,2.0,3.0,2.0,4.0,2.0,32.0,4.0,32.0,2.0,0.8087,0.8654999999999999
4.0,4.0,16.0,96.0,32.0,96.0,96.0,32.0,32.0,8.0,1.0,1.0,1.0,4.0,2.0,16.0,4.0,8.0,2.0,0.8234944444444444,0.7495
4.0,4.0,32.0,128.0,24.0,112.0,112.0,24.0,24.0,12.0,1.0,3.0,1.0,4.0,8.0,16.0,8.0,32.0,2.0,0.7934611111111111,0.8245
4.0,4.0,32.0,96.0,16.0,64.0,64.0,24.0,24.0,8.0,2.0,1.0,2.0,8.0,4.0,16.0,2.0,16.0,2.0,0.7929444444444445,0.7350000000000001
4.0,4.0,32.0,128.0,32.0,112.0,112.0,24.0,24.0,12.0,2.0,3.0,2.0,4.0,4.0,32.0,8.0,32.0,2.0,0.7890111111111111,0.863
8.0,4.0,24.0,128.0,16.0,96.0,96.0,16.0,16.0,12.0,1.0,4.0,1.0,8.0,8.0,32.0,8.0,8.0,4.0,0.7606111111111111,0.977
4.0,4.0,40.0,96.0,32.0,96.0,96.0,32.0,32.0,8.0,2.0,5.0,2.0,4.0,2.0,16.0,4.0,16.0,2.0,0.8118111111111111,0.899
8.0,2.0,40.0,128.0,24.0,64.0,64.0,8.0,8.0,8.0,1.0,5.0,1.0,2.0,8.0,32.0,8.0,8.0,4.0,0.8635833333333334,0.785
4.0,4.0,16.0,64.0,24.0,48.0,48.0,24.0,24.0,8.0,1.0,1.0,1.0,8.0,4.0,16.0,2.0,32.0,2.0,0.8376222222222223,0.6325000000000001
4.0,4.0,24.0,64.0,16.0,48.0,48.0,16.0,16.0,20.0,2.0,3.0,2.0,8.0,2.0,8.0,8.0,32.0,2.0,0.8209666666666666,0.8085
8.0,4.0,16.0,64.0,16.0,64.0,64.0,8.0,8.0,12.0,1.0,1.0,1.0,2.0,8.0,16.0,2.0,32.0,4.0,0.8802055555555556,0.786
8.0,4.0,32.0,96.0,24.0,96.0,96.0,32.0,32.0,16.0,1.0,1.0,1.0,8.0,8.0,32.0,4.0,32.0,4.0,0.7803833333333333,1.12
8.0,5.0,35.0,130.0,24.0,80.0,80.0,32.0,32.0,16.0,2.0,5.0,2.0,4.0,8.0,8.0,2.0,8.0,4.0,0.7712666666666667,1.3800000000000001
4.0,4.0,40.0,64.0,24.0,48.0,48.0,8.0,8.0,12.0,2.0,5.0,2.0,4.0,8.0,32.0,2.0,32.0,2.0,0.8590777777777778,0.7025000000000001
8.0,4.0,24.0,96.0,24.0,64.0,64.0,8.0,8.0,16.0,1.0,1.0,1.0,4.0,8.0,32.0,2.0,16.0,4.0,0.8631333333333333,0.848
4.0,1.0,40.0,130.0,16.0,48.0,48.0,8.0,8.0,8.0,2.0,1.0,2.0,2.0,8.0,8.0,8.0,32.0,2.0,0.9324888888888889,0.5720000000000001
4.0,4.0,16.0,128.0,32.0,64.0,64.0,16.0,16.0,12.0,2.0,5.0,2.0,2.0,2.0,32.0,4.0,32.0,2.0,0.8425944444444444,0.7715
8.0,4.0,40.0,128.0,16.0,96.0,96.0,8.0,8.0,16.0,1.0,1.0,1.0,8.0,8.0,16.0,4.0,16.0,4.0,0.8380611111111111,0.9295
4.0,4.0,16.0,128.0,24.0,96.0,96.0,24.0,24.0,8.0,1.0,3.0,1.0,8.0,4.0,32.0,8.0,16.0,2.0,0.7723333333333333,0.7594999999999998
4.0,4.0,32.0,64.0,16.0,96.0,96.0,16.0,16.0,16.0,2.0,4.0,2.0,4.0,4.0,16.0,2.0,16.0,2.0,0.8022722222222223,0.837
8.0,5.0,35.0,130.0,32.0,64.0,64.0,32.0,32.0,20.0,1.0,4.0,1.0,8.0,2.0,8.0,2.0,32.0,4.0,0.7822388888888889,1.34
4.0,4.0,24.0,64.0,32.0,48.0,48.0,8.0,8.0,8.0,1.0,5.0,1.0,2.0,8.0,8.0,8.0,16.0,2.0,0.8774166666666666,0.6355
8.0,4.0,32.0,128.0,32.0,112.0,112.0,16.0,16.0,20.0,1.0,3.0,1.0,8.0,8.0,32.0,4.0,8.0,4.0,0.7609722222222223,1.1
8.0,4.0,24.0,96.0,32.0,80.0,80.0,8.0,8.0,12.0,2.0,1.0,2.0,8.0,4.0,8.0,4.0,16.0,4.0,0.8364333333333334,0.8960000000000001
8.0,4.0,16.0,64.0,32.0,48.0,48.0,16.0,16.0,16.0,1.0,3.0,1.0,2.0,4.0,32.0,8.0,32.0,4.0,0.8674222222222222,0.865
4.0,4.0,40.0,128.0,32.0,112.0,112.0,8.0,8.0,8.0,2.0,2.0,2.0,4.0,2.0,8.0,8.0,8.0,2.0,0.8423333333333334,0.7105
4.0,1.0,35.0,130.0,24.0,64.0,64.0,32.0,32.0,20.0,2.0,3.0,2.0,4.0,8.0,32.0,4.0,32.0,2.0,0.8708,0.6775
8.0,4.0,32.0,96.0,24.0,80.0,80.0,24.0,24.0,16.0,2.0,1.0,2.0,2.0,2.0,32.0,4.0,16.0,4.0,0.8480666666666666,0.987
8.0,4.0,24.0,64.0,24.0,48.0,48.0,16.0,16.0,12.0,1.0,5.0,1.0,4.0,8.0,16.0,8.0,16.0,4.0,0.8476833333333333,0.8775
4.0,4.0,16.0,96.0,24.0,96.0,96.0,8.0,8.0,8.0,2.0,2.0,2.0,4.0,4.0,32.0,4.0,16.0,2.0,0.8452444444444445,0.6814999999999999
4.0,4.0,24.0,96.0,24.0,64.0,64.0,16.0,16.0,20.0,1.0,4.0,1.0,4.0,8.0,16.0,2.0,8.0,2.0,0.8011388888888888,0.8155
4.0,4.0,40.0,128.0,24.0,112.0,112.0,24.0,24.0,8.0,2.0,4.0,2.0,2.0,4.0,16.0,2.0,16.0,2.0,0.8147111111111112,0.7905000000000001
8.0,4.0,24.0,128.0,16.0,96.0,96.0,32.0,32.0,8.0,2.0,1.0,2.0,4.0,2.0,32.0,2.0,8.0,4.0,0.8147833333333333,1.02
8.0,4.0,24.0,128.0,16.0,112.0,112.0,24.0,24.0,16.0,2.0,2.0,2.0,4.0,2.0,8.0,2.0,8.0,4.0,0.8012666666666667,1.035
4.0,4.0,16.0,96.0,16.0,96.0,96.0,16.0,16.0,8.0,1.0,5.0,1.0,4.0,4.0,8.0,2.0,8.0,2.0,0.8026777777777778,0.7084999999999999
8.0,4.0,24.0,64.0,24.0,48.0,48.0,32.0,32.0,16.0,1.0,3.0,1.0,2.0,4.0,16.0,8.0,32.0,4.0,0.8646944444444444,1.015
4.0,4.0,24.0,32.0,16.0,80.0,80.0,24.0,24.0,20.0,2.0,3.0,2.0,2.0,4.0,16.0,2.0,8.0,2.0,0.8533222222222222,0.8399999999999999
4.0,4.0,24.0,128.0,32.0,112.0,112.0,8.0,8.0,16.0,2.0,1.0,2.0,4.0,8.0,8.0,4.0,8.0,2.0,0.8592111111111111,0.8165
8.0,4.0,24.0,128.0,24.0,48.0,48.0,24.0,24.0,16.0,2.0,5.0,2.0,8.0,8.0,16.0,8.0,32.0,4.0,0.8186166666666667,1.03
8.0,4.0,32.0,64.0,32.0,48.0,48.0,8.0,8.0,16.0,1.0,3.0,1.0,4.0,2.0,16.0,8.0,32.0,4.0,0.8632777777777778,0.8340000000000001
8.0,4.0,32.0,96.0,32.0,80.0,80.0,16.0,16.0,16.0,1.0,3.0,1.0,2.0,4.0,16.0,8.0,32.0,4.0,0.8118944444444445,0.943
4.0,4.0,40.0,128.0,16.0,112.0,112.0,8.0,8.0,8.0,1.0,3.0,1.0,4.0,8.0,8.0,4.0,16.0,2.0,0.8366666666666667,0.6859999999999999
4.0,4.0,24.0,96.0,24.0,48.0,48.0,32.0,32.0,12.0,1.0,1.0,1.0,8.0,8.0,16.0,8.0,32.0,2.0,0.8360833333333333,0.7785
4.0,4.0,16.0,96.0,16.0,96.0,96.0,8.0,8.0,20.0,2.0,3.0,2.0,8.0,8.0,16.0,8.0,16.0,2.0,0.8121388888888889,0.9565
4.0,4.0,32.0,96.0,32.0,48.0,48.0,24.0,24.0,20.0,2.0,1.0,2.0,4.0,4.0,32.0,2.0,8.0,2.0,0.8617611111111111,0.794
8.0,4.0,40.0,96.0,24.0,112.0,112.0,8.0,8.0,16.0,2.0,1.0,2.0,8.0,4.0,32.0,8.0,16.0,4.0,0.8335888888888889,0.996
4.0,4.0,40.0,96.0,16.0,112.0,112.0,8.0,8.0,12.0,2.0,1.0,2.0,8.0,2.0,32.0,8.0,8.0,2.0,0.8395055555555555,0.8055
8.0,4.0,32.0,64.0,32.0,80.0,80.0,24.0,24.0,20.0,2.0,5.0,2.0,4.0,2.0,8.0,2.0,8.0,4.0,0.8002722222222223,1.0650000000000002
4.0,4.0,40.0,96.0,32.0,112.0,112.0,24.0,24.0,8.0,2.0,1.0,2.0,2.0,8.0,16.0,2.0,16.0,2.0,0.8257611111111111,0.7569999999999999
4.0,4.0,8.0,32.0,16.0,48.0,48.0,8.0,8.0,8.0,1.0,1.0,1.0,2.0,2.0,16.0,2.0,32.0,2.0,0.9324277777777777,0.5365
8.0,4.0,24.0,64.0,16.0,96.0,96.0,24.0,24.0,16.0,1.0,5.0,1.0,8.0,2.0,16.0,2.0,32.0,4.0,0.7752333333333333,0.99
4.0,4.0,16.0,64.0,24.0,96.0,96.0,24.0,24.0,16.0,2.0,4.0,2.0,4.0,8.0,8.0,2.0,16.0,2.0,0.8017444444444445,0.8740000000000001
4.0,4.0,8.0,64.0,24.0,112.0,112.0,8.0,8.0,16.0,2.0,2.0,2.0,2.0,8.0,16.0,2.0,32.0,2.0,0.8837388888888889,0.7794999999999999
8.0,4.0,32.0,96.0,32.0,96.0,96.0,16.0,16.0,20.0,1.0,5.0,1.0,8.0,2.0,8.0,2.0,8.0,4.0,0.7662777777777777,1.035
4.0,4.0,8.0,32.0,32.0,80.0,80.0,8.0,8.0,20.0,2.0,1.0,2.0,8.0,2.0,32.0,8.0,8.0,2.0,0.8893055555555556,0.7865
4.0,4.0,8.0,32.0,16.0,48.0,48.0,8.0,8.0,8.0,1.0,1.0,1.0,2.0,2.0,8.0,2.0,16.0,2.0,0.9324277777777777,0.5365
8.0,4.0,24.0,96.0,16.0,48.0,48.0,24.0,24.0,8.0,2.0,1.0,2.0,8.0,8.0,8.0,8.0,8.0,4.0,0.8352166666666667,0.896
4.0,4.0,8.0,32.0,24.0,80.0,80.0,24.0,24.0,12.0,1.0,1.0,1.0,8.0,8.0,8.0,2.0,8.0,2.0,0.8993944444444445,0.7025000000000001
4.0,4.0,24.0,64.0,24.0,112.0,112.0,24.0,24.0,12.0,1.0,2.0,1.0,8.0,8.0,16.0,2.0,32.0,2.0,0.7768277777777778,0.7725000000000002
8.0,1.0,24.0,32.0,16.0,112.0,112.0,32.0,32.0,8.0,2.0,1.0,2.0,2.0,2.0,16.0,2.0,8.0,4.0,0.8888333333333334,0.7519999999999999
4.0,1.0,8.0,32.0,16.0,96.0,96.0,8.0,8.0,12.0,1.0,4.0,1.0,4.0,2.0,8.0,2.0,16.0,2.0,0.8473277777777778,0.5355
4.0,4.0,16.0,64.0,24.0,64.0,64.0,8.0,8.0,12.0,1.0,5.0,1.0,4.0,8.0,32.0,2.0,16.0,2.0,0.8411611111111111,0.687
8.0,5.0,40.0,130.0,24.0,64.0,64.0,24.0,24.0,8.0,1.0,3.0,1.0,4.0,8.0,16.0,4.0,8.0,4.0,0.7927055555555556,0.9684999999999999
4.0,4.0,8.0,128.0,16.0,112.0,112.0,16.0,16.0,12.0,1.0,1.0,1.0,8.0,2.0,8.0,8.0,16.0,2.0,0.8091833333333334,0.7755000000000001
8.0,4.0,32.0,64.0,16.0,48.0,48.0,24.0,24.0,8.0,1.0,2.0,1.0,2.0,2.0,16.0,8.0,8.0,4.0,0.8805611111111111,0.791
8.0,4.0,40.0,96.0,16.0,96.0,96.0,16.0,16.0,16.0,2.0,3.0,2.0,8.0,8.0,32.0,4.0,32.0,4.0,0.7551388888888889,1.04
4.0,4.0,16.0,64.0,24.0,64.0,64.0,24.0,24.0,12.0,1.0,1.0,1.0,4.0,2.0,32.0,4.0,16.0,2.0,0.8325444444444444,0.6855
4.0,4.0,16.0,64.0,24.0,64.0,64.0,8.0,8.0,12.0,2.0,1.0,2.0,2.0,2.0,16.0,2.0,8.0,2.0,0.8824277777777778,0.6479999999999999
8.0,4.0,24.0,96.0,24.0,112.0,112.0,16.0,16.0,12.0,2.0,4.0,2.0,2.0,8.0,32.0,4.0,16.0,4.0,0.8040777777777778,0.9895
8.0,4.0,24.0,64.0,16.0,64.0,64.0,32.0,32.0,16.0,2.0,4.0,2.0,4.0,2.0,32.0,4.0,32.0,4.0,0.8083722222222223,1.0950000000000002
4.0,4.0,16.0,64.0,16.0,64.0,64.0,16.0,16.0,20.0,1.0,1.0,1.0,8.0,2.0,8.0,8.0,32.0,2.0,0.8084166666666667,0.778
8.0,5.0,35.0,130.0,32.0,64.0,64.0,24.0,24.0,20.0,1.0,5.0,1.0,2.0,4.0,32.0,4.0,32.0,4.0,0.8191277777777778,1.2349999999999999
8.0,5.0,35.0,130.0,32.0,80.0,80.0,24.0,24.0,12.0,1.0,3.0,1.0,2.0,4.0,8.0,2.0,16.0,4.0,0.8062722222222222,1.0750000000000002
8.0,4.0,16.0,96.0,32.0,80.0,80.0,16.0,16.0,16.0,2.0,4.0,2.0,2.0,8.0,8.0,2.0,32.0,4.0,0.8030388888888889,1.0
4.0,4.0,16.0,32.0,16.0,80.0,80.0,8.0,8.0,20.0,1.0,3.0,1.0,8.0,2.0,32.0,2.0,8.0,2.0,0.8288,0.745
4.0,4.0,32.0,64.0,24.0,48.0,48.0,24.0,24.0,8.0,2.0,2.0,2.0,2.0,4.0,8.0,4.0,8.0,2.0,0.8712666666666666,0.6714999999999999
8.0,5.0,35.0,130.0,16.0,80.0,80.0,8.0,8.0,12.0,1.0,3.0,1.0,8.0,8.0,16.0,4.0,16.0,4.0,0.8082833333333334,1.0350000000000001
8.0,4.0,16.0,64.0,24.0,80.0,80.0,24.0,24.0,20.0,2.0,3.0,2.0,2.0,2.0,16.0,8.0,16.0,4.0,0.8373111111111111,1.0450000000000002
8.0,4.0,32.0,64.0,16.0,64.0,64.0,24.0,24.0,12.0,2.0,3.0,2.0,2.0,2.0,8.0,2.0,16.0,4.0,0.8344277777777778,0.8985000000000001
8.0,5.0,40.0,130.0,24.0,64.0,64.0,24.0,24.0,20.0,1.0,3.0,1.0,2.0,8.0,16.0,2.0,32.0,4.0,0.8103111111111111,1.2149999999999999
4.0,4.0,40.0,96.0,32.0,48.0,48.0,24.0,24.0,12.0,2.0,5.0,2.0,8.0,2.0,8.0,4.0,8.0,2.0,0.8203166666666667,0.7829999999999999
8.0,5.0,40.0,130.0,24.0,80.0,80.0,8.0,8.0,20.0,2.0,4.0,2.0,2.0,2.0,32.0,8.0,32.0,4.0,0.8503333333333334,0.998
4.0,4.0,16.0,64.0,24.0,64.0,64.0,16.0,16.0,12.0,2.0,3.0,2.0,2.0,8.0,8.0,8.0,16.0,2.0,0.8194666666666667,0.7505000000000001
8.0,4.0,16.0,96.0,24.0,112.0,112.0,8.0,8.0,20.0,1.0,1.0,1.0,4.0,4.0,16.0,8.0,16.0,4.0,0.8635111111111111,0.9844999999999999
8.0,4.0,40.0,64.0,32.0,64.0,64.0,24.0,24.0,16.0,2.0,3.0,2.0,8.0,8.0,16.0,2.0,16.0,4.0,0.7607833333333334,0.998
4.0,4.0,40.0,64.0,32.0,64.0,64.0,32.0,32.0,12.0,1.0,5.0,1.0,2.0,4.0,32.0,8.0,16.0,2.0,0.8229444444444445,0.823
4.0,4.0,40.0,64.0,24.0,80.0,80.0,8.0,8.0,12.0,2.0,3.0,2.0,8.0,4.0,16.0,8.0,32.0,2.0,0.8161888888888889,0.7535000000000001
8.0,4.0,40.0,64.0,32.0,80.0,80.0,24.0,24.0,20.0,2.0,3.0,2.0,8.0,8.0,32.0,2.0,16.0,4.0,0.7539166666666667,1.075
8.0,4.0,16.0,64.0,24.0,80.0,80.0,8.0,8.0,16.0,1.0,1.0,1.0,4.0,4.0,32.0,4.0,8.0,4.0,0.8644777777777778,0.8565
4.0,4.0,40.0,64.0,32.0,80.0,80.0,16.0,16.0,12.0,2.0,4.0,2.0,2.0,2.0,32.0,8.0,32.0,2.0,0.8404555555555555,0.7719999999999999
8.0,4.0,32.0,32.0,24.0,48.0,48.0,16.0,16.0,12.0,1.0,5.0,1.0,4.0,8.0,16.0,2.0,16.0,4.0,0.8452944444444445,0.895
4.0,4.0,40.0,64.0,32.0,48.0,48.0,16.0,16.0,8.0,2.0,3.0,2.0,8.0,2.0,16.0,4.0,32.0,2.0,0.8188222222222222,0.6889999999999998
8.0,5.0,35.0,130.0,24.0,96.0,96.0,16.0,16.0,20.0,2.0,1.0,2.0,4.0,2.0,16.0,8.0,32.0,4.0,0.8238944444444445,1.1349999999999998
8.0,4.0,16.0,32.0,24.0,48.0,48.0,8.0,8.0,12.0,1.0,3.0,1.0,8.0,2.0,32.0,8.0,16.0,4.0,0.8363111111111111,0.8089999999999999
4.0,4.0,32.0,96.0,24.0,96.0,96.0,16.0,16.0,20.0,2.0,5.0,2.0,4.0,2.0,32.0,8.0,32.0,2.0,0.8124555555555556,0.9355
8.0,5.0,40.0,130.0,32.0,112.0,112.0,32.0,32.0,16.0,1.0,2.0,1.0,2.0,2.0,32.0,2.0,16.0,4.0,0.8364222222222222,1.2850000000000001
4.0,4.0,40.0,64.0,16.0,64.0,64.0,32.0,32.0,20.0,1.0,5.0,1.0,8.0,2.0,32.0,2.0,8.0,2.0,0.7822333333333333,0.979
8.0,4.0,24.0,32.0,24.0,48.0,48.0,8.0,8.0,12.0,2.0,3.0,2.0,4.0,4.0,8.0,2.0,16.0,4.0,0.8603055555555555,0.8140000000000001
4.0,4.0,40.0,64.0,24.0,96.0,96.0,24.0,24.0,16.0,2.0,4.0,2.0,8.0,8.0,16.0,8.0,8.0,2.0,0.7677777777777778,0.9245000000000001
4.0,4.0,40.0,64.0,32.0,96.0,96.0,24.0,24.0,12.0,2.0,1.0,2.0,2.0,4.0,32.0,2.0,16.0,2.0,0.8330833333333333,0.7719999999999999
8.0,4.0,16.0,32.0,16.0,64.0,64.0,16.0,16.0,16.0,1.0,3.0,1.0,8.0,2.0,32.0,4.0,8.0,4.0,0.8145388888888889,0.8875
8.0,4.0,24.0,64.0,32.0,112.0,112.0,8.0,8.0,16.0,2.0,1.0,2.0,2.0,4.0,32.0,2.0,8.0,4.0,0.8790611111111111,0.9165000000000001
8.0,4.0,16.0,32.0,32.0,64.0,64.0,8.0,8.0,8.0,2.0,1.0,2.0,2.0,2.0,16.0,4.0,16.0,4.0,0.8915611111111111,0.76
4.0,4.0,16.0,64.0,32.0,96.0,96.0,16.0,16.0,8.0,2.0,5.0,2.0,2.0,2.0,16.0,2.0,8.0,2.0,0.8422722222222222,0.7289999999999999
4.0,4.0,32.0,96.0,32.0,112.0,112.0,16.0,16.0,8.0,1.0,4.0,1.0,4.0,4.0,8.0,4.0,8.0,2.0,0.8000444444444444,0.7164999999999999
4.0,4.0,40.0,64.0,24.0,80.0,80.0,32.0,32.0,8.0,1.0,2.0,1.0,8.0,2.0,32.0,8.0,16.0,2.0,0.784,0.7805000000000001
8.0,5.0,40.0,130.0,24.0,64.0,64.0,32.0,32.0,8.0,1.0,2.0,1.0,2.0,4.0,32.0,4.0,16.0,4.0,0.8208888888888889,1.0350000000000001
4.0,4.0,40.0,64.0,32.0,112.0,112.0,8.0,8.0,8.0,1.0,5.0,1.0,8.0,8.0,32.0,2.0,32.0,2.0,0.8169388888888889,0.706
4.0,4.0,40.0,64.0,32.0,80.0,80.0,24.0,24.0,8.0,1.0,5.0,1.0,8.0,2.0,8.0,4.0,16.0,2.0,0.7850666666666667,0.728
4.0,4.0,40.0,64.0,32.0,80.0,80.0,32.0,32.0,8.0,2.0,4.0,2.0,8.0,8.0,16.0,2.0,16.0,2.0,0.7753611111111111,0.892
8.0,4.0,32.0,64.0,24.0,96.0,96.0,24.0,24.0,8.0,2.0,4.0,2.0,4.0,4.0,8.0,2.0,32.0,4.0,0.7878055555555555,0.921
8.0,1.0,35.0,96.0,32.0,48.0,48.0,24.0,24.0,8.0,2.0,3.0,2.0,8.0,2.0,8.0,4.0,16.0,4.0,0.8301111111111111,0.7625
4.0,4.0,16.0,32.0,32.0,80.0,80.0,32.0,32.0,8.0,2.0,1.0,2.0,8.0,8.0,16.0,4.0,16.0,2.0,0.8361111111111111,0.8135000000000001
4.0,1.0,16.0,130.0,16.0,80.0,80.0,8.0,8.0,16.0,2.0,3.0,2.0,8.0,4.0,8.0,2.0,8.0,2.0,0.8350166666666666,0.6605
8.0,5.0,40.0,130.0,32.0,80.0,80.0,24.0,24.0,12.0,2.0,2.0,2.0,8.0,4.0,8.0,2.0,16.0,4.0,0.7496833333333334,1.18
4.0,4.0,8.0,32.0,24.0,48.0,48.0,8.0,8.0,8.0,1.0,1.0,1.0,2.0,2.0,8.0,2.0,32.0,2.0,0.9324277777777777,0.538
4.0,4.0,16.0,64.0,24.0,96.0,96.0,24.0,24.0,12.0,1.0,3.0,1.0,2.0,2.0,8.0,8.0,8.0,2.0,0.8422555555555555,0.7435
4.0,4.0,24.0,64.0,24.0,80.0,80.0,8.0,8.0,20.0,2.0,1.0,2.0,8.0,4.0,8.0,2.0,32.0,2.0,0.8368611111111111,0.8105000000000001
4.0,4.0,24.0,64.0,24.0,80.0,80.0,32.0,32.0,8.0,2.0,1.0,2.0,2.0,2.0,8.0,8.0,16.0,2.0,0.85165,0.819
8.0,5.0,35.0,130.0,32.0,80.0,80.0,8.0,8.0,16.0,2.0,3.0,2.0,8.0,2.0,32.0,2.0,32.0,4.0,0.8021222222222222,1.1500000000000001
8.0,4.0,40.0,32.0,32.0,112.0,112.0,32.0,32.0,8.0,2.0,1.0,2.0,4.0,2.0,32.0,2.0,8.0,4.0,0.8564888888888889,0.9709999999999999
4.0,4.0,40.0,96.0,24.0,64.0,64.0,8.0,8.0,8.0,2.0,5.0,2.0,8.0,4.0,32.0,8.0,8.0,2.0,0.8146666666666667,0.7275
8.0,4.0,40.0,64.0,32.0,96.0,96.0,24.0,24.0,12.0,1.0,3.0,1.0,4.0,4.0,8.0,4.0,16.0,4.0,0.7901333333333334,0.911
4.0,4.0,8.0,32.0,24.0,80.0,80.0,32.0,32.0,8.0,2.0,3.0,2.0,8.0,8.0,16.0,4.0,32.0,2.0,0.8796166666666667,0.8455
4.0,4.0,24.0,32.0,16.0,80.0,80.0,32.0,32.0,20.0,1.0,2.0,1.0,2.0,8.0,16.0,2.0,32.0,2.0,0.8526888888888889,0.9079999999999999
8.0,4.0,16.0,32.0,32.0,48.0,48.0,24.0,24.0,12.0,2.0,5.0,2.0,8.0,4.0,8.0,8.0,8.0,4.0,0.8286333333333333,1.0445
8.0,4.0,32.0,64.0,32.0,96.0,96.0,32.0,32.0,20.0,1.0,5.0,1.0,2.0,2.0,32.0,4.0,8.0,4.0,0.8370611111111111,1.1549999999999998
8.0,4.0,24.0,64.0,16.0,80.0,80.0,24.0,24.0,16.0,2.0,1.0,2.0,2.0,2.0,32.0,2.0,8.0,4.0,0.8504833333333334,0.9545000000000001
4.0,4.0,16.0,64.0,16.0,96.0,96.0,8.0,8.0,12.0,1.0,3.0,1.0,8.0,8.0,16.0,8.0,32.0,2.0,0.8128555555555556,0.7275
8.0,4.0,40.0,64.0,16.0,80.0,80.0,32.0,32.0,12.0,2.0,1.0,2.0,4.0,4.0,32.0,8.0,32.0,4.0,0.8080777777777778,1.075
4.0,4.0,8.0,32.0,24.0,48.0,48.0,8.0,8.0,8.0,1.0,1.0,1.0,2.0,2.0,16.0,2.0,32.0,2.0,0.9324277777777777,0.5369999999999999
8.0,5.0,40.0,130.0,24.0,64.0,64.0,16.0,16.0,20.0,2.0,4.0,2.0,8.0,8.0,32.0,8.0,8.0,4.0,0.7615555555555555,1.3
8.0,5.0,40.0,130.0,32.0,96.0,96.0,24.0,24.0,12.0,2.0,5.0,2.0,8.0,2.0,32.0,8.0,8.0,4.0,0.7516666666666667,1.37
4.0,4.0,40.0,64.0,16.0,112.0,112.0,8.0,8.0,20.0,2.0,1.0,2.0,4.0,2.0,32.0,4.0,32.0,2.0,0.8633611111111111,0.853
8.0,4.0,16.0,32.0,32.0,96.0,96.0,32.0,32.0,16.0,2.0,1.0,2.0,8.0,4.0,32.0,8.0,16.0,4.0,0.8325666666666667,1.1349999999999998
4.0,4.0,24.0,96.0,32.0,48.0,48.0,24.0,24.0,8.0,2.0,1.0,2.0,4.0,8.0,16.0,8.0,32.0,2.0,0.8641444444444445,0.706
8.0,4.0,24.0,64.0,16.0,112.0,112.0,24.0,24.0,20.0,2.0,3.0,2.0,8.0,8.0,32.0,2.0,16.0,4.0,0.7573944444444445,1.1300000000000001
8.0,4.0,40.0,64.0,24.0,96.0,96.0,32.0,32.0,12.0,2.0,1.0,2.0,8.0,4.0,32.0,4.0,32.0,4.0,0.7841166666666667,1.085
4.0,4.0,16.0,32.0,32.0,112.0,112.0,24.0,24.0,8.0,2.0,5.0,2.0,8.0,8.0,32.0,2.0,16.0,2.0,0.8179666666666666,0.7925
4.0,4.0,24.0,128.0,16.0,96.0,96.0,8.0,8.0,8.0,2.0,3.0,2.0,4.0,8.0,8.0,8.0,8.0,2.0,0.8384777777777778,0.7969999999999999
4.0,4.0,32.0,128.0,16.0,96.0,96.0,16.0,16.0,12.0,2.0,3.0,2.0,2.0,8.0,32.0,2.0,16.0,2.0,0.8107277777777778,0.8029999999999999
8.0,4.0,16.0,96.0,32.0,64.0,64.0,16.0,16.0,16.0,2.0,2.0,2.0,8.0,8.0,16.0,2.0,16.0,4.0,0.7741166666666667,0.9660000000000001
4.0,4.0,16.0,96.0,32.0,64.0,64.0,16.0,16.0,12.0,1.0,5.0,1.0,2.0,8.0,8.0,8.0,8.0,2.0,0.8181666666666667,0.8215
4.0,4.0,8.0,128.0,24.0,112.0,112.0,8.0,8.0,12.0,1.0,3.0,1.0,4.0,4.0,32.0,2.0,32.0,2.0,0.8599222222222223,0.7235
8.0,4.0,40.0,128.0,32.0,80.0,80.0,32.0,32.0,20.0,1.0,1.0,1.0,8.0,8.0,32.0,2.0,32.0,4.0,0.7780888888888889,1.1749999999999998
8.0,5.0,40.0,130.0,32.0,112.0,112.0,16.0,16.0,20.0,1.0,5.0,1.0,2.0,2.0,16.0,8.0,8.0,4.0,0.83625,1.055
8.0,4.0,40.0,128.0,16.0,96.0,96.0,24.0,24.0,16.0,2.0,1.0,2.0,4.0,4.0,8.0,2.0,16.0,4.0,0.7975611111111112,1.04
4.0,4.0,8.0,32.0,32.0,48.0,48.0,8.0,8.0,8.0,1.0,1.0,1.0,2.0,2.0,8.0,2.0,32.0,2.0,0.9324277777777777,0.5375000000000001
8.0,1.0,24.0,130.0,16.0,80.0,80.0,24.0,24.0,16.0,1.0,2.0,1.0,8.0,2.0,8.0,4.0,32.0,4.0,0.8301,0.7929999999999999
8.0,1.0,32.0,130.0,16.0,80.0,80.0,24.0,24.0,20.0,2.0,1.0,2.0,4.0,2.0,8.0,4.0,32.0,4.0,0.8626944444444444,0.8640000000000001
8.0,5.0,40.0,130.0,24.0,48.0,48.0,24.0,24.0,12.0,2.0,2.0,2.0,8.0,4.0,16.0,2.0,16.0,4.0,0.8312444444444445,1.0950000000000002
8.0,5.0,35.0,130.0,16.0,80.0,80.0,16.0,16.0,8.0,2.0,1.0,2.0,8.0,8.0,8.0,2.0,32.0,4.0,0.7821055555555556,1.0185
4.0,4.0,16.0,128.0,32.0,96.0,96.0,24.0,24.0,16.0,1.0,1.0,1.0,8.0,2.0,32.0,4.0,16.0,2.0,0.794,0.8185
4.0,4.0,8.0,32.0,24.0,48.0,48.0,8.0,8.0,8.0,1.0,1.0,1.0,2.0,2.0,8.0,2.0,16.0,2.0,0.9324277777777777,0.5355
4.0,4.0,8.0,32.0,32.0,48.0,48.0,8.0,8.0,8.0,1.0,1.0,1.0,2.0,2.0,16.0,2.0,32.0,2.0,0.9324277777777777,0.5365
8.0,5.0,35.0,130.0,16.0,96.0,96.0,32.0,32.0,8.0,1.0,1.0,1.0,2.0,8.0,8.0,8.0,32.0,4.0,0.8171333333333334,1.105
8.0,4.0,24.0,96.0,24.0,64.0,64.0,16.0,16.0,8.0,2.0,2.0,2.0,2.0,2.0,32.0,4.0,16.0,4.0,0.8387055555555556,0.837
8.0,5.0,35.0,130.0,24.0,112.0,112.0,32.0,32.0,8.0,2.0,5.0,2.0,2.0,4.0,8.0,8.0,32.0,4.0,0.7990611111111111,1.205
8.0,5.0,40.0,130.0,32.0,96.0,96.0,16.0,16.0,16.0,1.0,2.0,1.0,2.0,8.0,32.0,8.0,8.0,4.0,0.8110388888888889,1.1949999999999998
8.0,5.0,35.0,130.0,32.0,96.0,96.0,16.0,16.0,8.0,2.0,4.0,2.0,4.0,8.0,32.0,8.0,16.0,4.0,0.7806444444444445,1.065
8.0,1.0,24.0,130.0,32.0,48.0,48.0,32.0,32.0,12.0,1.0,4.0,1.0,2.0,4.0,8.0,2.0,16.0,4.0,0.8713944444444445,0.746
4.0,4.0,40.0,32.0,32.0,80.0,80.0,8.0,8.0,16.0,2.0,4.0,2.0,4.0,8.0,32.0,8.0,32.0,2.0,0.8440666666666666,0.7949999999999999
8.0,5.0,35.0,130.0,16.0,96.0,96.0,32.0,32.0,8.0,1.0,3.0,1.0,4.0,4.0,16.0,8.0,8.0,4.0,0.7858166666666667,1.2149999999999999
8.0,5.0,35.0,130.0,32.0,112.0,112.0,8.0,8.0,8.0,2.0,3.0,2.0,4.0,4.0,32.0,8.0,16.0,4.0,0.8292666666666667,1.0034999999999998
8.0,5.0,35.0,130.0,16.0,112.0,112.0,8.0,8.0,12.0,1.0,5.0,1.0,8.0,2.0,16.0,8.0,16.0,4.0,0.8086833333333333,1.0850000000000002
8.0,5.0,40.0,130.0,24.0,96.0,96.0,8.0,8.0,16.0,1.0,2.0,1.0,2.0,4.0,32.0,4.0,8.0,4.0,0.8592222222222222,1.1
4.0,4.0,8.0,128.0,32.0,64.0,64.0,32.0,32.0,8.0,2.0,5.0,2.0,8.0,2.0,32.0,8.0,8.0,2.0,0.8019222222222222,0.9189999999999999
8.0,4.0,24.0,32.0,32.0,112.0,112.0,32.0,32.0,20.0,2.0,5.0,2.0,2.0,2.0,32.0,4.0,8.0,4.0,0.8505,1.2349999999999999
8.0,4.0,16.0,32.0,16.0,80.0,80.0,8.0,8.0,20.0,1.0,1.0,1.0,2.0,2.0,16.0,4.0,8.0,4.0,0.8880888888888889,0.8599999999999999
8.0,5.0,40.0,130.0,32.0,112.0,112.0,8.0,8.0,16.0,2.0,2.0,2.0,2.0,8.0,32.0,8.0,8.0,4.0,0.8518277777777777,1.2
8.0,5.0,40.0,130.0,32.0,96.0,96.0,32.0,32.0,16.0,2.0,5.0,2.0,2.0,4.0,32.0,8.0,8.0,4.0,0.7975222222222222,1.4149999999999998
8.0,5.0,40.0,130.0,16.0,80.0,80.0,8.0,8.0,8.0,1.0,4.0,1.0,4.0,4.0,16.0,4.0,8.0,4.0,0.8312222222222222,0.931
4.0,4.0,32.0,96.0,16.0,48.0,48.0,8.0,8.0,12.0,2.0,3.0,2.0,8.0,2.0,16.0,8.0,8.0,2.0,0.8328388888888889,0.708
8.0,5.0,35.0,130.0,24.0,64.0,64.0,8.0,8.0,16.0,2.0,5.0,2.0,8.0,2.0,16.0,4.0,8.0,4.0,0.80085,1.1400000000000001
8.0,5.0,40.0,130.0,24.0,96.0,96.0,16.0,16.0,8.0,1.0,5.0,1.0,4.0,2.0,8.0,8.0,16.0,4.0,0.8087722222222222,1.0050000000000001
8.0,4.0,32.0,128.0,16.0,48.0,48.0,16.0,16.0,12.0,2.0,1.0,2.0,4.0,8.0,8.0,4.0,32.0,4.0,0.8595444444444444,0.8795
8.0,5.0,40.0,130.0,16.0,96.0,96.0,8.0,8.0,16.0,1.0,1.0,1.0,2.0,2.0,32.0,8.0,32.0,4.0,0.8810277777777777,1.1149999999999998
8.0,5.0,35.0,130.0,32.0,80.0,80.0,24.0,24.0,12.0,1.0,1.0,1.0,4.0,8.0,32.0,2.0,8.0,4.0,0.80045,1.085
8.0,5.0,40.0,130.0,16.0,112.0,112.0,8.0,8.0,8.0,2.0,5.0,2.0,8.0,2.0,8.0,4.0,8.0,4.0,0.803,1.0350000000000001
8.0,5.0,40.0,130.0,24.0,80.0,80.0,32.0,32.0,20.0,2.0,2.0,2.0,8.0,4.0,32.0,2.0,8.0,4.0,0.7484722222222222,1.1949999999999998
4.0,4.0,24.0,96.0,16.0,48.0,48.0,8.0,8.0,12.0,1.0,3.0,1.0,4.0,8.0,16.0,4.0,32.0,2.0,0.85925,0.698
8.0,5.0,35.0,130.0,24.0,80.0,80.0,32.0,32.0,16.0,1.0,3.0,1.0,8.0,4.0,32.0,4.0,16.0,4.0,0.7567833333333334,1.395
8.0,5.0,40.0,130.0,24.0,112.0,112.0,8.0,8.0,8.0,1.0,4.0,1.0,4.0,4.0,32.0,4.0,16.0,4.0,0.8304611111111111,0.9510000000000001
8.0,5.0,35.0,130.0,32.0,96.0,96.0,16.0,16.0,8.0,2.0,1.0,2.0,2.0,4.0,16.0,4.0,32.0,4.0,0.8223277777777778,0.9925
8.0,5.0,35.0,130.0,24.0,96.0,96.0,24.0,24.0,16.0,1.0,1.0,1.0,4.0,4.0,16.0,2.0,8.0,4.0,0.8002277777777778,1.185
8.0,5.0,40.0,130.0,16.0,112.0,112.0,32.0,32.0,12.0,1.0,2.0,1.0,8.0,4.0,8.0,2.0,8.0,4.0,0.7583111111111112,1.2100000000000002
8.0,1.0,24.0,130.0,32.0,48.0,48.0,32.0,32.0,20.0,2.0,5.0,2.0,8.0,2.0,8.0,8.0,32.0,4.0,0.8222111111111111,0.869
8.0,1.0,16.0,130.0,24.0,64.0,64.0,32.0,32.0,16.0,2.0,3.0,2.0,4.0,2.0,8.0,8.0,16.0,4.0,0.8512666666666666,0.849
8.0,5.0,35.0,130.0,24.0,96.0,96.0,32.0,32.0,8.0,1.0,5.0,1.0,4.0,8.0,16.0,2.0,32.0,4.0,0.7836222222222222,1.13
4.0,4.0,32.0,32.0,32.0,48.0,48.0,24.0,24.0,16.0,2.0,1.0,2.0,8.0,4.0,8.0,2.0,16.0,2.0,0.8409333333333333,0.7445
8.0,4.0,24.0,32.0,16.0,64.0,64.0,8.0,8.0,16.0,2.0,1.0,2.0,4.0,8.0,8.0,8.0,8.0,4.0,0.8649722222222223,0.8940000000000001
4.0,4.0,24.0,32.0,32.0,48.0,48.0,32.0,32.0,12.0,1.0,1.0,1.0,4.0,2.0,32.0,4.0,32.0,2.0,0.866,0.7065
8.0,4.0,16.0,32.0,16.0,64.0,64.0,16.0,16.0,16.0,2.0,3.0,2.0,8.0,2.0,16.0,4.0,16.0,4.0,0.8127777777777778,0.9355
4.0,4.0,32.0,32.0,24.0,80.0,80.0,8.0,8.0,20.0,2.0,3.0,2.0,8.0,2.0,8.0,2.0,32.0,2.0,0.8259444444444445,0.8069999999999999
8.0,5.0,40.0,130.0,24.0,48.0,48.0,16.0,16.0,20.0,1.0,5.0,1.0,8.0,2.0,16.0,8.0,16.0,4.0,0.83035,1.21
8.0,1.0,16.0,130.0,32.0,64.0,64.0,16.0,16.0,20.0,2.0,3.0,2.0,2.0,4.0,8.0,2.0,16.0,4.0,0.8564944444444444,0.7755000000000001
8.0,5.0,35.0,130.0,32.0,96.0,96.0,16.0,16.0,16.0,2.0,3.0,2.0,4.0,8.0,32.0,4.0,8.0,4.0,0.7804833333333333,1.225
4.0,1.0,32.0,130.0,24.0,48.0,48.0,24.0,24.0,8.0,1.0,5.0,1.0,2.0,4.0,16.0,8.0,16.0,2.0,0.90785,0.5835
4.0,4.0,24.0,32.0,16.0,96.0,96.0,24.0,24.0,16.0,2.0,3.0,2.0,4.0,8.0,16.0,8.0,8.0,2.0,0.8297722222222222,0.8524999999999999
4.0,4.0,40.0,32.0,16.0,64.0,64.0,24.0,24.0,12.0,2.0,4.0,2.0,4.0,8.0,32.0,4.0,32.0,2.0,0.8298333333333333,0.7719999999999999
4.0,4.0,24.0,128.0,24.0,48.0,48.0,24.0,24.0,8.0,1.0,4.0,1.0,8.0,2.0,8.0,4.0,8.0,2.0,0.8225277777777777,0.6975
4.0,4.0,32.0,64.0,24.0,112.0,112.0,16.0,16.0,12.0,1.0,3.0,1.0,2.0,8.0,8.0,2.0,8.0,2.0,0.8200833333333334,0.7389999999999999
8.0,4.0,16.0,32.0,32.0,80.0,80.0,24.0,24.0,20.0,2.0,5.0,2.0,8.0,2.0,16.0,4.0,32.0,4.0,0.8151222222222222,1.06
8.0,4.0,32.0,32.0,16.0,96.0,96.0,32.0,32.0,16.0,2.0,2.0,2.0,8.0,2.0,16.0,8.0,8.0,4.0,0.8152388888888888,1.1349999999999998
4.0,4.0,40.0,32.0,32.0,48.0,48.0,16.0,16.0,12.0,2.0,3.0,2.0,8.0,8.0,8.0,8.0,8.0,2.0,0.8237777777777778,0.7435
8.0,5.0,40.0,130.0,16.0,48.0,48.0,16.0,16.0,16.0,2.0,2.0,2.0,4.0,4.0,8.0,2.0,32.0,4.0,0.8594444444444445,1.07
8.0,4.0,16.0,32.0,16.0,112.0,112.0,16.0,16.0,16.0,1.0,3.0,1.0,2.0,2.0,32.0,4.0,32.0,4.0,0.8622222222222222,0.9085
4.0,4.0,16.0,32.0,24.0,112.0,112.0,8.0,8.0,8.0,2.0,5.0,2.0,2.0,4.0,32.0,4.0,32.0,2.0,0.8785722222222222,0.6900000000000001
8.0,4.0,40.0,32.0,32.0,64.0,64.0,16.0,16.0,8.0,2.0,3.0,2.0,8.0,2.0,32.0,4.0,16.0,4.0,0.8012722222222223,0.857
8.0,4.0,16.0,32.0,32.0,80.0,80.0,8.0,8.0,8.0,1.0,3.0,1.0,8.0,4.0,16.0,8.0,32.0,4.0,0.8207944444444445,0.813
8.0,5.0,35.0,130.0,16.0,112.0,112.0,16.0,16.0,20.0,2.0,1.0,2.0,2.0,8.0,8.0,4.0,16.0,4.0,0.8190222222222222,1.06
4.0,4.0,40.0,32.0,16.0,112.0,112.0,16.0,16.0,12.0,1.0,2.0,1.0,8.0,2.0,32.0,4.0,32.0,2.0,0.8160888888888889,0.714
8.0,5.0,35.0,130.0,16.0,96.0,96.0,8.0,8.0,16.0,1.0,4.0,1.0,4.0,2.0,32.0,2.0,16.0,4.0,0.837,1.1099999999999999
8.0,5.0,35.0,130.0,16.0,96.0,96.0,16.0,16.0,16.0,2.0,5.0,2.0,2.0,8.0,32.0,4.0,8.0,4.0,0.80105,1.25
8.0,4.0,16.0,128.0,24.0,48.0,48.0,24.0,24.0,8.0,1.0,3.0,1.0,4.0,2.0,16.0,8.0,16.0,4.0,0.8546277777777778,0.886
8.0,5.0,35.0,130.0,16.0,96.0,96.0,8.0,8.0,20.0,2.0,4.0,2.0,8.0,2.0,32.0,2.0,16.0,4.0,0.8010833333333334,1.075
8.0,5.0,40.0,130.0,16.0,96.0,96.0,8.0,8.0,12.0,2.0,2.0,2.0,8.0,2.0,32.0,4.0,8.0,4.0,0.81095,1.0750000000000002
8.0,5.0,35.0,130.0,32.0,96.0,96.0,16.0,16.0,20.0,1.0,1.0,1.0,2.0,8.0,32.0,4.0,32.0,4.0,0.8238888888888889,0.9875
8.0,5.0,35.0,130.0,24.0,96.0,96.0,24.0,24.0,16.0,2.0,1.0,2.0,4.0,4.0,16.0,2.0,16.0,4.0,0.7970222222222222,1.28
8.0,5.0,35.0,130.0,16.0,96.0,96.0,16.0,16.0,12.0,2.0,1.0,2.0,8.0,2.0,8.0,4.0,32.0,4.0,0.7938611111111111,1.1300000000000001
8.0,5.0,35.0,130.0,16.0,96.0,96.0,32.0,32.0,12.0,1.0,5.0,1.0,2.0,8.0,16.0,4.0,16.0,4.0,0.8015388888888889,1.2349999999999999
8.0,5.0,40.0,130.0,32.0,96.0,96.0,16.0,16.0,20.0,1.0,2.0,1.0,2.0,4.0,16.0,8.0,16.0,4.0,0.8141166666666667,1.0
4.0,4.0,32.0,32.0,24.0,96.0,96.0,16.0,16.0,8.0,2.0,4.0,2.0,8.0,2.0,16.0,4.0,16.0,2.0,0.8049222222222222,0.8135000000000001
4.0,1.0,8.0,96.0,16.0,112.0,112.0,8.0,8.0,16.0,2.0,2.0,2.0,4.0,2.0,8.0,2.0,8.0,2.0,0.8788833333333333,0.6395000000000001
8.0,5.0,40.0,130.0,16.0,48.0,48.0,32.0,32.0,8.0,2.0,4.0,2.0,4.0,2.0,32.0,2.0,32.0,4.0,0.8528444444444444,1.07
8.0,4.0,16.0,32.0,16.0,112.0,112.0,32.0,32.0,16.0,2.0,3.0,2.0,4.0,2.0,8.0,8.0,32.0,4.0,0.8414944444444444,1.145
8.0,4.0,40.0,32.0,24.0,64.0,64.0,8.0,8.0,16.0,2.0,5.0,2.0,8.0,2.0,16.0,8.0,16.0,4.0,0.8218833333333333,0.944
8.0,4.0,32.0,32.0,24.0,80.0,80.0,8.0,8.0,12.0,1.0,4.0,1.0,4.0,8.0,8.0,4.0,8.0,4.0,0.8464166666666667,0.8424999999999999
4.0,4.0,32.0,32.0,32.0,80.0,80.0,24.0,24.0,16.0,1.0,1.0,1.0,4.0,8.0,8.0,2.0,32.0,2.0,0.8473777777777778,0.7430000000000001
8.0,4.0,32.0,32.0,32.0,112.0,112.0,8.0,8.0,16.0,2.0,1.0,2.0,8.0,4.0,16.0,8.0,16.0,4.0,0.8418611111111111,0.9550000000000001
4.0,4.0,40.0,32.0,16.0,64.0,64.0,24.0,24.0,12.0,1.0,5.0,1.0,2.0,4.0,32.0,8.0,32.0,2.0,0.8532833333333333,0.7255
8.0,4.0,32.0,32.0,16.0,80.0,80.0,16.0,16.0,8.0,1.0,2.0,1.0,2.0,2.0,16.0,8.0,32.0,4.0,0.8615444444444444,0.8015
8.0,5.0,40.0,130.0,32.0,48.0,48.0,32.0,32.0,12.0,2.0,4.0,2.0,2.0,8.0,32.0,2.0,32.0,4.0,0.8705333333333334,1.17
4.0,4.0,40.0,32.0,16.0,112.0,112.0,24.0,24.0,20.0,2.0,1.0,2.0,2.0,4.0,8.0,4.0,8.0,2.0,0.8731833333333333,0.8795
8.0,4.0,16.0,32.0,32.0,112.0,112.0,24.0,24.0,8.0,2.0,1.0,2.0,4.0,4.0,8.0,4.0,8.0,4.0,0.8568055555555556,0.8775
8.0,5.0,35.0,130.0,24.0,80.0,80.0,8.0,8.0,8.0,1.0,3.0,1.0,8.0,2.0,32.0,2.0,8.0,4.0,0.8085777777777777,0.911
8.0,5.0,40.0,130.0,32.0,80.0,80.0,8.0,8.0,12.0,2.0,4.0,2.0,4.0,4.0,32.0,8.0,16.0,4.0,0.8281944444444445,1.095
4.0,4.0,8.0,32.0,24.0,112.0,112.0,32.0,32.0,16.0,2.0,5.0,2.0,8.0,8.0,8.0,4.0,8.0,2.0,0.8817666666666667,1.02
8.0,1.0,16.0,32.0,16.0,112.0,112.0,32.0,32.0,12.0,1.0,4.0,1.0,8.0,2.0,8.0,4.0,16.0,4.0,0.8541,0.7645
